[0.022s] Invoking command in '/home/sauce/ros2_ws/build/point_lio': CMAKE_PREFIX_PATH=${CMAKE_PREFIX_PATH}:/opt/ros/humble /usr/bin/cmake /home/sauce/ros2_ws/src/point_lio_ros2 -DAMENT_CMAKE_SYMLINK_INSTALL=1 -DCMAKE_INSTALL_PREFIX=/home/sauce/ros2_ws/install/point_lio
[0.239s] -- The C compiler identification is GNU 11.4.0
[0.448s] -- The CXX compiler identification is GNU 11.4.0
[0.471s] -- Detecting C compiler ABI info
[0.603s] -- Detecting C compiler ABI info - done
[0.628s] -- Check for working C compiler: /usr/bin/cc - skipped
[0.628s] -- Detecting C compile features
[0.630s] -- Detecting C compile features - done
[0.641s] -- Detecting CXX compiler ABI info
[0.771s] -- Detecting CXX compiler ABI info - done
[0.797s] -- Check for working CXX compiler: /usr/bin/c++ - skipped
[0.798s] -- Detecting CXX compile features
[0.799s] -- Detecting CXX compile features - done
[0.801s] -- Current CPU architecture: aarch64
[0.808s] -- Found ament_cmake: 1.3.12 (/opt/ros/humble/share/ament_cmake/cmake)
[1.081s] -- Found Python3: /usr/bin/python3 (found version "3.10.12") found components: Interpreter 
[1.187s] -- Override CMake install command with custom implementation using symlinks instead of copying resources
[1.265s] -- Found rclcpp: 16.0.16 (/opt/ros/humble/share/rclcpp/cmake)
[1.345s] -- Found rosidl_generator_c: 3.1.7 (/opt/ros/humble/share/rosidl_generator_c/cmake)
[1.352s] -- Found rosidl_adapter: 3.1.7 (/opt/ros/humble/share/rosidl_adapter/cmake)
[1.362s] -- Found rosidl_generator_cpp: 3.1.7 (/opt/ros/humble/share/rosidl_generator_cpp/cmake)
[1.377s] -- Using all available rosidl_typesupport_c: rosidl_typesupport_fastrtps_c;rosidl_typesupport_introspection_c
[1.397s] -- Using all available rosidl_typesupport_cpp: rosidl_typesupport_fastrtps_cpp;rosidl_typesupport_introspection_cpp
[1.451s] -- Found rmw_implementation_cmake: 6.1.2 (/opt/ros/humble/share/rmw_implementation_cmake/cmake)
[1.454s] -- Found rmw_fastrtps_cpp: 6.2.9 (/opt/ros/humble/share/rmw_fastrtps_cpp/cmake)
[1.592s] -- Found OpenSSL: /usr/lib/aarch64-linux-gnu/libcrypto.so (found version "3.0.2")  
[1.646s] -- Found FastRTPS: /opt/ros/humble/include  
[1.711s] -- Using RMW implementation 'rmw_fastrtps_cpp' as default
[1.724s] -- Looking for pthread.h
[1.853s] -- Looking for pthread.h - found
[1.853s] -- Performing Test CMAKE_HAVE_LIBC_PTHREAD
[1.968s] -- Performing Test CMAKE_HAVE_LIBC_PTHREAD - Success
[1.970s] -- Found Threads: TRUE  
[2.062s] -- Found rclpy: 3.3.19 (/opt/ros/humble/share/rclpy/cmake)
[2.064s] -- Found geometry_msgs: 4.9.0 (/opt/ros/humble/share/geometry_msgs/cmake)
[2.081s] -- Found nav_msgs: 4.9.0 (/opt/ros/humble/share/nav_msgs/cmake)
[2.103s] -- Found sensor_msgs: 4.9.0 (/opt/ros/humble/share/sensor_msgs/cmake)
[2.125s] -- Found pcl_ros: 2.4.5 (/opt/ros/humble/share/pcl_ros/cmake)
[2.185s] -- Checking for module 'eigen3'
[2.209s] --   Found eigen3, version 3.4.0
[2.276s] -- Found Eigen: /usr/include/eigen3 (Required is at least version "3.1") 
[2.276s] -- Eigen found (include: /usr/include/eigen3, version: 3.4.0)
[2.352s] -- Checking for module 'flann'
[2.377s] --   Found flann, version 1.9.1
[2.466s] -- Found FLANN: /usr/lib/aarch64-linux-gnu/libflann_cpp.so  
[2.466s] -- FLANN found (include: /usr/include, lib: /usr/lib/aarch64-linux-gnu/libflann_cpp.so)
[5.949s] -- Checking for module 'libusb-1.0'
[5.978s] --   Found libusb-1.0, version 1.0.25
[6.055s] -- Found libusb: /usr/lib/aarch64-linux-gnu/libusb-1.0.so  
[6.060s] -- OpenNI found (version: 1.5.4.0, include: /usr/include/ni, lib: /usr/lib/libOpenNI.so;libusb::libusb)
[6.179s] -- OpenNI2 found (version: 2.2.0.33, include: /usr/include/openni2, lib: /usr/lib/aarch64-linux-gnu/libOpenNI2.so;libusb::libusb)
[6.422s] -- Eigen found (include: /usr/include/eigen3, version: 3.4.0)
[6.429s] -- OpenNI found (version: 1.5.4.0, include: /usr/include/ni, lib: /usr/lib/libOpenNI.so;libusb::libusb)
[6.438s] -- OpenNI2 found (version: 2.2.0.33, include: /usr/include/openni2, lib: /usr/lib/aarch64-linux-gnu/libOpenNI2.so;libusb::libusb)
[6.623s] -- Found Qhull version 8.0.2
[6.819s] -- OpenNI found (version: 1.5.4.0, include: /usr/include/ni, lib: /usr/lib/libOpenNI.so;libusb::libusb)
[7.007s] -- Found PCL_COMMON: /usr/lib/aarch64-linux-gnu/libpcl_common.so  
[7.008s] -- Found PCL_KDTREE: /usr/lib/aarch64-linux-gnu/libpcl_kdtree.so  
[7.009s] -- Found PCL_OCTREE: /usr/lib/aarch64-linux-gnu/libpcl_octree.so  
[7.010s] -- Found PCL_SEARCH: /usr/lib/aarch64-linux-gnu/libpcl_search.so  
[7.011s] -- Found PCL_SAMPLE_CONSENSUS: /usr/lib/aarch64-linux-gnu/libpcl_sample_consensus.so  
[7.012s] -- Found PCL_FILTERS: /usr/lib/aarch64-linux-gnu/libpcl_filters.so  
[7.012s] -- Found PCL_2D: /usr/include/pcl-1.12  
[7.013s] -- Found PCL_GEOMETRY: /usr/include/pcl-1.12  
[7.014s] -- Found PCL_IO: /usr/lib/aarch64-linux-gnu/libpcl_io.so  
[7.015s] -- Found PCL_FEATURES: /usr/lib/aarch64-linux-gnu/libpcl_features.so  
[7.016s] -- Found PCL_ML: /usr/lib/aarch64-linux-gnu/libpcl_ml.so  
[7.017s] -- Found PCL_SEGMENTATION: /usr/lib/aarch64-linux-gnu/libpcl_segmentation.so  
[7.018s] -- Found PCL_VISUALIZATION: /usr/lib/aarch64-linux-gnu/libpcl_visualization.so  
[7.020s] -- Found PCL_SURFACE: /usr/lib/aarch64-linux-gnu/libpcl_surface.so  
[7.021s] -- Found PCL_REGISTRATION: /usr/lib/aarch64-linux-gnu/libpcl_registration.so  
[7.022s] -- Found PCL_KEYPOINTS: /usr/lib/aarch64-linux-gnu/libpcl_keypoints.so  
[7.023s] -- Found PCL_TRACKING: /usr/lib/aarch64-linux-gnu/libpcl_tracking.so  
[7.024s] -- Found PCL_RECOGNITION: /usr/lib/aarch64-linux-gnu/libpcl_recognition.so  
[7.025s] -- Found PCL_STEREO: /usr/lib/aarch64-linux-gnu/libpcl_stereo.so  
[7.026s] -- Found PCL_APPS: /usr/lib/aarch64-linux-gnu/libpcl_apps.so  
[7.028s] -- Found PCL_IN_HAND_SCANNER: /usr/include/pcl-1.12  
[7.028s] -- Found PCL_MODELER: /usr/include/pcl-1.12  
[7.030s] -- Found PCL_POINT_CLOUD_EDITOR: /usr/include/pcl-1.12  
[7.031s] -- Found PCL_OUTOFCORE: /usr/lib/aarch64-linux-gnu/libpcl_outofcore.so  
[7.032s] -- Found PCL_PEOPLE: /usr/lib/aarch64-linux-gnu/libpcl_people.so  
[7.074s] -- Found eigen3_cmake_module: 0.1.1 (/opt/ros/humble/share/eigen3_cmake_module/cmake)
[7.076s] -- Found Eigen3: TRUE (found version "3.4.0") 
[7.076s] -- Ensuring Eigen3 include directory is part of orocos-kdl CMake target
[7.191s] -- Found visualization_msgs: 4.9.0 (/opt/ros/humble/share/visualization_msgs/cmake)
[7.809s] -- Found PythonLibs: /usr/lib/aarch64-linux-gnu/libpython3.10.so (found version "3.10.12") 
[7.956s] -- Configuring done
[8.054s] -- Generating done
[8.071s] -- Build files have been written to: /home/sauce/ros2_ws/build/point_lio
[8.103s] Invoked command in '/home/sauce/ros2_ws/build/point_lio' returned '0': CMAKE_PREFIX_PATH=${CMAKE_PREFIX_PATH}:/opt/ros/humble /usr/bin/cmake /home/sauce/ros2_ws/src/point_lio_ros2 -DAMENT_CMAKE_SYMLINK_INSTALL=1 -DCMAKE_INSTALL_PREFIX=/home/sauce/ros2_ws/install/point_lio
[8.109s] Invoking command in '/home/sauce/ros2_ws/build/point_lio': CMAKE_PREFIX_PATH=${CMAKE_PREFIX_PATH}:/opt/ros/humble /usr/bin/cmake --build /home/sauce/ros2_ws/build/point_lio -- -j12 -l12
[8.193s] [ 33%] [32mBuilding CXX object CMakeFiles/pointlio_mapping.dir/include/ikd-Tree/ikd_Tree.cpp.o[0m
[8.194s] [ 33%] [32mBuilding CXX object CMakeFiles/pointlio_mapping.dir/src/laserMapping.cpp.o[0m
[8.195s] [ 66%] [32mBuilding CXX object CMakeFiles/pointlio_mapping.dir/src/preprocess.cpp.o[0m
[8.195s] [ 66%] [32mBuilding CXX object CMakeFiles/pointlio_mapping.dir/src/parameters.cpp.o[0m
[8.195s] [ 83%] [32mBuilding CXX object CMakeFiles/pointlio_mapping.dir/src/Estimator.cpp.o[0m
[23.120s] In file included from [01m[K/home/sauce/ros2_ws/src/point_lio_ros2/include/../include/IKFoM/IKFoM_toolkit/esekfom/../mtk/types/SOn.hpp:83[m[K,
[23.120s]                  from [01m[K/home/sauce/ros2_ws/src/point_lio_ros2/include/../include/IKFoM/IKFoM_toolkit/esekfom/esekfom.hpp:50[m[K,
[23.121s]                  from [01m[K/home/sauce/ros2_ws/src/point_lio_ros2/src/Estimator.h:4[m[K,
[23.121s]                  from [01m[K/home/sauce/ros2_ws/src/point_lio_ros2/src/Estimator.cpp:2[m[K:
[23.121s] /home/sauce/ros2_ws/src/point_lio_ros2/include/../include/IKFoM/IKFoM_toolkit/esekfom/../mtk/types/../src/mtkmath.hpp: In instantiation of ‘[01m[Kstd::pair<_FIter, _FIter> MTK::cos_sinc_sqrt(const scalar&) [with scalar = double][m[K’:
[23.121s] [01m[K/home/sauce/ros2_ws/src/point_lio_ros2/include/../include/IKFoM/IKFoM_toolkit/esekfom/../mtk/types/../src/mtkmath.hpp:252:52:[m[K   required from ‘[01m[Kscalar MTK::exp(MTK::vectview<scalar, dim>, MTK::vectview<const scalar, dim>, const scalar&) [with scalar = double; int n = 3][m[K’
[23.122s] [01m[K/home/sauce/ros2_ws/src/point_lio_ros2/include/../include/IKFoM/IKFoM_toolkit/esekfom/../mtk/types/SOn.hpp:334:32:[m[K   required from ‘[01m[Kstatic MTK::SO3<_scalar, Options> MTK::SO3<_scalar, Options>::exp(const Eigen::Matrix<Type, 3, 1>&, MTK::SO3<_scalar, Options>::scalar) [with _scalar = double; int Options = 0; MTK::SO3<_scalar, Options>::scalar = double][m[K’
[23.122s] [01m[K/home/sauce/ros2_ws/src/point_lio_ros2/include/../include/IKFoM/IKFoM_toolkit/esekfom/../mtk/types/SOn.hpp:242:18:[m[K   required from ‘[01m[Kvoid MTK::SO3<_scalar, Options>::boxplus(MTK::vectview<const _scalar, MTK::SO3<_scalar, Options>::DOF>, MTK::SO3<_scalar, Options>::scalar) [with _scalar = double; int Options = 0; MTK::SO3<_scalar, Options>::scalar = double][m[K’
[23.122s] [01m[K/home/sauce/ros2_ws/src/point_lio_ros2/src/Estimator.h:38:1:[m[K   required from here
[23.122s] [01m[K/home/sauce/ros2_ws/src/point_lio_ros2/include/../include/IKFoM/IKFoM_toolkit/esekfom/../mtk/types/../src/mtkmath.hpp:143:27:[m[K [01;36m[Knote: [m[Kparameter passing for argument of type ‘[01m[Kstd::pair<double, double>[m[K’ when C++17 is enabled changed to match C++14 in GCC 10.1
[23.122s]   143 | std::pair<scalar, scalar> [01;36m[Kcos_sinc_sqrt[m[K(const scalar &x2){
[23.123s]       |                           [01;36m[K^~~~~~~~~~~~~[m[K
[26.610s] In file included from [01m[K/home/sauce/ros2_ws/src/point_lio_ros2/include/../include/IKFoM/IKFoM_toolkit/esekfom/../mtk/types/SOn.hpp:83[m[K,
[26.611s]                  from [01m[K/home/sauce/ros2_ws/src/point_lio_ros2/include/../include/IKFoM/IKFoM_toolkit/esekfom/esekfom.hpp:50[m[K,
[26.611s]                  from [01m[K/home/sauce/ros2_ws/src/point_lio_ros2/src/Estimator.h:4[m[K,
[26.611s]                  from [01m[K/home/sauce/ros2_ws/src/point_lio_ros2/src/laserMapping.cpp:27[m[K:
[26.611s] /home/sauce/ros2_ws/src/point_lio_ros2/include/../include/IKFoM/IKFoM_toolkit/esekfom/../mtk/types/../src/mtkmath.hpp: In instantiation of ‘[01m[Kstd::pair<_FIter, _FIter> MTK::cos_sinc_sqrt(const scalar&) [with scalar = double][m[K’:
[26.612s] [01m[K/home/sauce/ros2_ws/src/point_lio_ros2/include/../include/IKFoM/IKFoM_toolkit/esekfom/../mtk/types/../src/mtkmath.hpp:252:52:[m[K   required from ‘[01m[Kscalar MTK::exp(MTK::vectview<scalar, dim>, MTK::vectview<const scalar, dim>, const scalar&) [with scalar = double; int n = 3][m[K’
[26.612s] [01m[K/home/sauce/ros2_ws/src/point_lio_ros2/include/../include/IKFoM/IKFoM_toolkit/esekfom/esekfom.hpp:168:39:[m[K   required from ‘[01m[Kvoid esekfom::esekf<state, process_noise_dof, input, measurement, measurement_noise_dof>::predict(double&, esekfom::esekf<state, process_noise_dof, input, measurement, measurement_noise_dof>::processnoisecovariance&, const input&, bool, bool) [with state = state_output; int process_noise_dof = 30; input = input_ikfom; measurement = state_output; int measurement_noise_dof = 0; esekfom::esekf<state, process_noise_dof, input, measurement, measurement_noise_dof>::processnoisecovariance = Eigen::Matrix<double, 30, 30, 0, 30, 30>][m[K’
[26.612s] [01m[K/home/sauce/ros2_ws/src/point_lio_ros2/src/laserMapping.cpp:1004:46:[m[K   required from here
[26.612s] [01m[K/home/sauce/ros2_ws/src/point_lio_ros2/include/../include/IKFoM/IKFoM_toolkit/esekfom/../mtk/types/../src/mtkmath.hpp:143:27:[m[K [01;36m[Knote: [m[Kparameter passing for argument of type ‘[01m[Kstd::pair<double, double>[m[K’ when C++17 is enabled changed to match C++14 in GCC 10.1
[26.613s]   143 | std::pair<scalar, scalar> [01;36m[Kcos_sinc_sqrt[m[K(const scalar &x2){
[26.613s]       |                           [01;36m[K^~~~~~~~~~~~~[m[K
[83.078s] [100%] [32m[1mLinking CXX executable pointlio_mapping[0m
[84.516s] [100%] Built target pointlio_mapping
[84.538s] Invoked command in '/home/sauce/ros2_ws/build/point_lio' returned '0': CMAKE_PREFIX_PATH=${CMAKE_PREFIX_PATH}:/opt/ros/humble /usr/bin/cmake --build /home/sauce/ros2_ws/build/point_lio -- -j12 -l12
[84.557s] Invoking command in '/home/sauce/ros2_ws/build/point_lio': CMAKE_PREFIX_PATH=${CMAKE_PREFIX_PATH}:/opt/ros/humble /usr/bin/cmake --install /home/sauce/ros2_ws/build/point_lio
[84.570s] -- Install configuration: ""
[84.571s] -- Execute custom install script
[84.572s] -- Symlinking: /home/sauce/ros2_ws/install/point_lio/lib/point_lio/pointlio_mapping
[84.588s] -- Symlinking: /home/sauce/ros2_ws/install/point_lio/share/point_lio/config/avia.yaml
[84.602s] -- Symlinking: /home/sauce/ros2_ws/install/point_lio/share/point_lio/config/horizon.yaml
[84.617s] -- Symlinking: /home/sauce/ros2_ws/install/point_lio/share/point_lio/config/mid360.yaml
[84.630s] -- Symlinking: /home/sauce/ros2_ws/install/point_lio/share/point_lio/config/ouster64.yaml
[84.646s] -- Symlinking: /home/sauce/ros2_ws/install/point_lio/share/point_lio/config/unilidar_l1.yaml
[84.661s] -- Symlinking: /home/sauce/ros2_ws/install/point_lio/share/point_lio/config/unilidar_l2.yaml
[84.680s] -- Symlinking: /home/sauce/ros2_ws/install/point_lio/share/point_lio/config/velody16.yaml
[84.696s] -- Symlinking: /home/sauce/ros2_ws/install/point_lio/share/point_lio/launch/correct_odom_unilidar_l1.launch.py
[84.709s] -- Symlinking: /home/sauce/ros2_ws/install/point_lio/share/point_lio/launch/correct_odom_unilidar_l2.launch.py
[84.722s] -- Symlinking: /home/sauce/ros2_ws/install/point_lio/share/point_lio/launch/gdb_debug_example.launch.py
[84.736s] -- Symlinking: /home/sauce/ros2_ws/install/point_lio/share/point_lio/launch/mapping_avia.launch.py
[84.750s] -- Symlinking: /home/sauce/ros2_ws/install/point_lio/share/point_lio/launch/mapping_horizon.launch.py
[84.765s] -- Symlinking: /home/sauce/ros2_ws/install/point_lio/share/point_lio/launch/mapping_mid360.launch.py
[84.778s] -- Symlinking: /home/sauce/ros2_ws/install/point_lio/share/point_lio/launch/mapping_ouster64.launch.py
[84.792s] -- Symlinking: /home/sauce/ros2_ws/install/point_lio/share/point_lio/launch/mapping_unilidar_l1.launch.py
[84.807s] -- Symlinking: /home/sauce/ros2_ws/install/point_lio/share/point_lio/launch/mapping_unilidar_l2.launch.py
[84.821s] -- Symlinking: /home/sauce/ros2_ws/install/point_lio/share/point_lio/launch/mapping_velody16.launch.py
[84.836s] -- Symlinking: /home/sauce/ros2_ws/install/point_lio/share/point_lio/rviz_cfg/loam_livox.rviz
[84.851s] -- Symlinking: /home/sauce/ros2_ws/install/point_lio/share/ament_index/resource_index/package_run_dependencies/point_lio
[84.867s] -- Symlinking: /home/sauce/ros2_ws/install/point_lio/share/ament_index/resource_index/parent_prefix_path/point_lio
[84.881s] -- Symlinking: /home/sauce/ros2_ws/install/point_lio/share/point_lio/environment/ament_prefix_path.sh
[84.895s] -- Symlinking: /home/sauce/ros2_ws/install/point_lio/share/point_lio/environment/ament_prefix_path.dsv
[84.910s] -- Symlinking: /home/sauce/ros2_ws/install/point_lio/share/point_lio/environment/path.sh
[84.925s] -- Symlinking: /home/sauce/ros2_ws/install/point_lio/share/point_lio/environment/path.dsv
[84.938s] -- Symlinking: /home/sauce/ros2_ws/install/point_lio/share/point_lio/local_setup.bash
[84.952s] -- Symlinking: /home/sauce/ros2_ws/install/point_lio/share/point_lio/local_setup.sh
[84.968s] -- Symlinking: /home/sauce/ros2_ws/install/point_lio/share/point_lio/local_setup.zsh
[84.982s] -- Symlinking: /home/sauce/ros2_ws/install/point_lio/share/point_lio/local_setup.dsv
[84.996s] -- Symlinking: /home/sauce/ros2_ws/install/point_lio/share/point_lio/package.dsv
[85.010s] -- Symlinking: /home/sauce/ros2_ws/install/point_lio/share/ament_index/resource_index/packages/point_lio
[85.024s] -- Symlinking: /home/sauce/ros2_ws/install/point_lio/share/point_lio/cmake/ament_cmake_export_dependencies-extras.cmake
[85.039s] -- Symlinking: /home/sauce/ros2_ws/install/point_lio/share/point_lio/cmake/point_lioConfig.cmake
[85.052s] -- Symlinking: /home/sauce/ros2_ws/install/point_lio/share/point_lio/cmake/point_lioConfig-version.cmake
[85.065s] -- Symlinking: /home/sauce/ros2_ws/install/point_lio/share/point_lio/package.xml
[85.085s] Invoked command in '/home/sauce/ros2_ws/build/point_lio' returned '0': CMAKE_PREFIX_PATH=${CMAKE_PREFIX_PATH}:/opt/ros/humble /usr/bin/cmake --install /home/sauce/ros2_ws/build/point_lio
