[0.000000] (-) TimerEvent: {}
[0.000712] (-) JobUnselected: {'identifier': 'unitree_lidar_ros2'}
[0.000927] (-) JobUnselected: {'identifier': 'unitree_lidar_sdk'}
[0.001119] (point_lio) JobQueued: {'identifier': 'point_lio', 'dependencies': OrderedDict()}
[0.001205] (point_lio) JobStarted: {'identifier': 'point_lio'}
[0.019264] (point_lio) JobProgress: {'identifier': 'point_lio', 'progress': 'cmake'}
[0.019993] (point_lio) Command: {'cmd': ['/usr/bin/cmake', '/home/sauce/ros2_ws/src/point_lio_ros2', '-DAMENT_CMAKE_SYMLINK_INSTALL=1', '-DCMAKE_INSTALL_PREFIX=/home/sauce/ros2_ws/install/point_lio'], 'cwd': '/home/sauce/ros2_ws/build/point_lio', 'env': OrderedDict([('USER', 'sauce'), ('SSH_CLIENT', '192.168.0.42 63886 22'), ('XDG_SESSION_TYPE', 'tty'), ('SHLVL', '1'), ('LD_LIBRARY_PATH', '/opt/ros/humble/opt/rviz_ogre_vendor/lib:/opt/ros/humble/lib/aarch64-linux-gnu:/opt/ros/humble/lib'), ('MOTD_SHOWN', 'pam'), ('HOME', '/home/sauce'), ('OLDPWD', '/home/sauce/ros2_ws/src'), ('SSH_TTY', '/dev/pts/1'), ('ROS_PYTHON_VERSION', '3'), ('DBUS_SESSION_BUS_ADDRESS', 'unix:path=/run/user/1000/bus'), ('COLCON_PREFIX_PATH', '/home/sauce/ros2_ws/install'), ('ROS_DISTRO', 'humble'), ('LOGNAME', 'sauce'), ('_', '/usr/bin/colcon'), ('ROS_VERSION', '2'), ('XDG_SESSION_CLASS', 'user'), ('TERM', 'xterm'), ('XDG_SESSION_ID', '24'), ('ROS_LOCALHOST_ONLY', '0'), ('PATH', '/home/sauce/.local/bin:/opt/ros/humble/bin:/usr/local/sbin:/usr/local/bin:/usr/sbin:/usr/bin:/sbin:/bin:/usr/games:/usr/local/games:/snap/bin'), ('XDG_RUNTIME_DIR', '/run/user/1000'), ('DISPLAY', 'localhost:11.0'), ('LANG', 'en_US.UTF-8'), ('RMW_IMPLEMENTATION', 'rmw_fastrtps_cpp'), ('AMENT_PREFIX_PATH', '/home/sauce/ros2_ws/install/unitree_lidar_ros2:/opt/ros/humble'), ('SHELL', '/bin/bash'), ('PWD', '/home/sauce/ros2_ws/build/point_lio'), ('LC_ALL', 'en_US.UTF-8'), ('SSH_CONNECTION', '192.168.0.42 63886 192.168.0.152 22'), ('XDG_DATA_DIRS', '/usr/share/gnome:/usr/local/share:/usr/share:/var/lib/snapd/desktop'), ('PYTHONPATH', '/opt/ros/humble/lib/python3.10/site-packages:/opt/ros/humble/local/lib/python3.10/dist-packages'), ('COLCON', '1'), ('CMAKE_PREFIX_PATH', '/home/sauce/ros2_ws/install/unitree_lidar_ros2:/opt/ros/humble')]), 'shell': False}
[0.099418] (-) TimerEvent: {}
[0.199934] (-) TimerEvent: {}
[0.240239] (point_lio) StdoutLine: {'line': b'-- The C compiler identification is GNU 11.4.0\n'}
[0.300093] (-) TimerEvent: {}
[0.400706] (-) TimerEvent: {}
[0.449199] (point_lio) StdoutLine: {'line': b'-- The CXX compiler identification is GNU 11.4.0\n'}
[0.471853] (point_lio) StdoutLine: {'line': b'-- Detecting C compiler ABI info\n'}
[0.500857] (-) TimerEvent: {}
[0.601358] (-) TimerEvent: {}
[0.603867] (point_lio) StdoutLine: {'line': b'-- Detecting C compiler ABI info - done\n'}
[0.628709] (point_lio) StdoutLine: {'line': b'-- Check for working C compiler: /usr/bin/cc - skipped\n'}
[0.629581] (point_lio) StdoutLine: {'line': b'-- Detecting C compile features\n'}
[0.630918] (point_lio) StdoutLine: {'line': b'-- Detecting C compile features - done\n'}
[0.641636] (point_lio) StdoutLine: {'line': b'-- Detecting CXX compiler ABI info\n'}
[0.701516] (-) TimerEvent: {}
[0.772289] (point_lio) StdoutLine: {'line': b'-- Detecting CXX compiler ABI info - done\n'}
[0.797875] (point_lio) StdoutLine: {'line': b'-- Check for working CXX compiler: /usr/bin/c++ - skipped\n'}
[0.798667] (point_lio) StdoutLine: {'line': b'-- Detecting CXX compile features\n'}
[0.800275] (point_lio) StdoutLine: {'line': b'-- Detecting CXX compile features - done\n'}
[0.801593] (-) TimerEvent: {}
[0.802385] (point_lio) StdoutLine: {'line': b'-- Current CPU architecture: aarch64\n'}
[0.808743] (point_lio) StdoutLine: {'line': b'-- Found ament_cmake: 1.3.12 (/opt/ros/humble/share/ament_cmake/cmake)\n'}
[0.901726] (-) TimerEvent: {}
[1.002283] (-) TimerEvent: {}
[1.081866] (point_lio) StdoutLine: {'line': b'-- Found Python3: /usr/bin/python3 (found version "3.10.12") found components: Interpreter \n'}
[1.102366] (-) TimerEvent: {}
[1.187626] (point_lio) StdoutLine: {'line': b'-- Override CMake install command with custom implementation using symlinks instead of copying resources\n'}
[1.202483] (-) TimerEvent: {}
[1.266118] (point_lio) StdoutLine: {'line': b'-- Found rclcpp: 16.0.16 (/opt/ros/humble/share/rclcpp/cmake)\n'}
[1.302588] (-) TimerEvent: {}
[1.346300] (point_lio) StdoutLine: {'line': b'-- Found rosidl_generator_c: 3.1.7 (/opt/ros/humble/share/rosidl_generator_c/cmake)\n'}
[1.352539] (point_lio) StdoutLine: {'line': b'-- Found rosidl_adapter: 3.1.7 (/opt/ros/humble/share/rosidl_adapter/cmake)\n'}
[1.363045] (point_lio) StdoutLine: {'line': b'-- Found rosidl_generator_cpp: 3.1.7 (/opt/ros/humble/share/rosidl_generator_cpp/cmake)\n'}
[1.377885] (point_lio) StdoutLine: {'line': b'-- Using all available rosidl_typesupport_c: rosidl_typesupport_fastrtps_c;rosidl_typesupport_introspection_c\n'}
[1.397791] (point_lio) StdoutLine: {'line': b'-- Using all available rosidl_typesupport_cpp: rosidl_typesupport_fastrtps_cpp;rosidl_typesupport_introspection_cpp\n'}
[1.402683] (-) TimerEvent: {}
[1.451827] (point_lio) StdoutLine: {'line': b'-- Found rmw_implementation_cmake: 6.1.2 (/opt/ros/humble/share/rmw_implementation_cmake/cmake)\n'}
[1.454825] (point_lio) StdoutLine: {'line': b'-- Found rmw_fastrtps_cpp: 6.2.9 (/opt/ros/humble/share/rmw_fastrtps_cpp/cmake)\n'}
[1.503050] (-) TimerEvent: {}
[1.593410] (point_lio) StdoutLine: {'line': b'-- Found OpenSSL: /usr/lib/aarch64-linux-gnu/libcrypto.so (found version "3.0.2")  \n'}
[1.603175] (-) TimerEvent: {}
[1.646584] (point_lio) StdoutLine: {'line': b'-- Found FastRTPS: /opt/ros/humble/include  \n'}
[1.703519] (-) TimerEvent: {}
[1.712404] (point_lio) StdoutLine: {'line': b"-- Using RMW implementation 'rmw_fastrtps_cpp' as default\n"}
[1.725037] (point_lio) StdoutLine: {'line': b'-- Looking for pthread.h\n'}
[1.803710] (-) TimerEvent: {}
[1.853974] (point_lio) StdoutLine: {'line': b'-- Looking for pthread.h - found\n'}
[1.854533] (point_lio) StdoutLine: {'line': b'-- Performing Test CMAKE_HAVE_LIBC_PTHREAD\n'}
[1.903836] (-) TimerEvent: {}
[1.968777] (point_lio) StdoutLine: {'line': b'-- Performing Test CMAKE_HAVE_LIBC_PTHREAD - Success\n'}
[1.970827] (point_lio) StdoutLine: {'line': b'-- Found Threads: TRUE  \n'}
[2.003917] (-) TimerEvent: {}
[2.063094] (point_lio) StdoutLine: {'line': b'-- Found rclpy: 3.3.19 (/opt/ros/humble/share/rclpy/cmake)\n'}
[2.064742] (point_lio) StdoutLine: {'line': b'-- Found geometry_msgs: 4.9.0 (/opt/ros/humble/share/geometry_msgs/cmake)\n'}
[2.081998] (point_lio) StdoutLine: {'line': b'-- Found nav_msgs: 4.9.0 (/opt/ros/humble/share/nav_msgs/cmake)\n'}
[2.103797] (point_lio) StdoutLine: {'line': b'-- Found sensor_msgs: 4.9.0 (/opt/ros/humble/share/sensor_msgs/cmake)\n'}
[2.104068] (-) TimerEvent: {}
[2.126093] (point_lio) StdoutLine: {'line': b'-- Found pcl_ros: 2.4.5 (/opt/ros/humble/share/pcl_ros/cmake)\n'}
[2.186043] (point_lio) StdoutLine: {'line': b"-- Checking for module 'eigen3'\n"}
[2.204206] (-) TimerEvent: {}
[2.210024] (point_lio) StdoutLine: {'line': b'--   Found eigen3, version 3.4.0\n'}
[2.276447] (point_lio) StdoutLine: {'line': b'-- Found Eigen: /usr/include/eigen3 (Required is at least version "3.1") \n'}
[2.277013] (point_lio) StdoutLine: {'line': b'-- Eigen found (include: /usr/include/eigen3, version: 3.4.0)\n'}
[2.304349] (-) TimerEvent: {}
[2.352935] (point_lio) StdoutLine: {'line': b"-- Checking for module 'flann'\n"}
[2.378232] (point_lio) StdoutLine: {'line': b'--   Found flann, version 1.9.1\n'}
[2.404481] (-) TimerEvent: {}
[2.466776] (point_lio) StdoutLine: {'line': b'-- Found FLANN: /usr/lib/aarch64-linux-gnu/libflann_cpp.so  \n'}
[2.467339] (point_lio) StdoutLine: {'line': b'-- FLANN found (include: /usr/include, lib: /usr/lib/aarch64-linux-gnu/libflann_cpp.so)\n'}
[2.504586] (-) TimerEvent: {}
[2.605143] (-) TimerEvent: {}
[2.705785] (-) TimerEvent: {}
[2.806489] (-) TimerEvent: {}
[2.907193] (-) TimerEvent: {}
[3.008021] (-) TimerEvent: {}
[3.108921] (-) TimerEvent: {}
[3.209585] (-) TimerEvent: {}
[3.310268] (-) TimerEvent: {}
[3.410825] (-) TimerEvent: {}
[3.511397] (-) TimerEvent: {}
[3.611991] (-) TimerEvent: {}
[3.712554] (-) TimerEvent: {}
[3.813249] (-) TimerEvent: {}
[3.913793] (-) TimerEvent: {}
[4.014452] (-) TimerEvent: {}
[4.115237] (-) TimerEvent: {}
[4.216010] (-) TimerEvent: {}
[4.316778] (-) TimerEvent: {}
[4.417511] (-) TimerEvent: {}
[4.518064] (-) TimerEvent: {}
[4.715151] (-) TimerEvent: {}
[4.815713] (-) TimerEvent: {}
[4.916453] (-) TimerEvent: {}
[5.017181] (-) TimerEvent: {}
[5.117897] (-) TimerEvent: {}
[5.218613] (-) TimerEvent: {}
[5.319161] (-) TimerEvent: {}
[5.419904] (-) TimerEvent: {}
[5.520630] (-) TimerEvent: {}
[5.621333] (-) TimerEvent: {}
[5.722032] (-) TimerEvent: {}
[5.822711] (-) TimerEvent: {}
[5.923517] (-) TimerEvent: {}
[5.949874] (point_lio) StdoutLine: {'line': b"-- Checking for module 'libusb-1.0'\n"}
[5.979239] (point_lio) StdoutLine: {'line': b'--   Found libusb-1.0, version 1.0.25\n'}
[6.023858] (-) TimerEvent: {}
[6.055807] (point_lio) StdoutLine: {'line': b'-- Found libusb: /usr/lib/aarch64-linux-gnu/libusb-1.0.so  \n'}
[6.060896] (point_lio) StdoutLine: {'line': b'-- OpenNI found (version: 1.5.4.0, include: /usr/include/ni, lib: /usr/lib/libOpenNI.so;libusb::libusb)\n'}
[6.124037] (-) TimerEvent: {}
[6.179726] (point_lio) StdoutLine: {'line': b'-- OpenNI2 found (version: 2.2.0.33, include: /usr/include/openni2, lib: /usr/lib/aarch64-linux-gnu/libOpenNI2.so;libusb::libusb)\n'}
[6.224405] (-) TimerEvent: {}
[6.325185] (-) TimerEvent: {}
[6.422870] (point_lio) StdoutLine: {'line': b'-- Eigen found (include: /usr/include/eigen3, version: 3.4.0)\n'}
[6.425265] (-) TimerEvent: {}
[6.430039] (point_lio) StdoutLine: {'line': b'-- OpenNI found (version: 1.5.4.0, include: /usr/include/ni, lib: /usr/lib/libOpenNI.so;libusb::libusb)\n'}
[6.439006] (point_lio) StdoutLine: {'line': b'-- OpenNI2 found (version: 2.2.0.33, include: /usr/include/openni2, lib: /usr/lib/aarch64-linux-gnu/libOpenNI2.so;libusb::libusb)\n'}
[6.525586] (-) TimerEvent: {}
[6.624224] (point_lio) StdoutLine: {'line': b'-- Found Qhull version 8.0.2\n'}
[6.625681] (-) TimerEvent: {}
[6.726306] (-) TimerEvent: {}
[6.819473] (point_lio) StdoutLine: {'line': b'-- OpenNI found (version: 1.5.4.0, include: /usr/include/ni, lib: /usr/lib/libOpenNI.so;libusb::libusb)\n'}
[6.826398] (-) TimerEvent: {}
[6.927043] (-) TimerEvent: {}
[7.007554] (point_lio) StdoutLine: {'line': b'-- Found PCL_COMMON: /usr/lib/aarch64-linux-gnu/libpcl_common.so  \n'}
[7.008784] (point_lio) StdoutLine: {'line': b'-- Found PCL_KDTREE: /usr/lib/aarch64-linux-gnu/libpcl_kdtree.so  \n'}
[7.009845] (point_lio) StdoutLine: {'line': b'-- Found PCL_OCTREE: /usr/lib/aarch64-linux-gnu/libpcl_octree.so  \n'}
[7.010875] (point_lio) StdoutLine: {'line': b'-- Found PCL_SEARCH: /usr/lib/aarch64-linux-gnu/libpcl_search.so  \n'}
[7.011934] (point_lio) StdoutLine: {'line': b'-- Found PCL_SAMPLE_CONSENSUS: /usr/lib/aarch64-linux-gnu/libpcl_sample_consensus.so  \n'}
[7.012986] (point_lio) StdoutLine: {'line': b'-- Found PCL_FILTERS: /usr/lib/aarch64-linux-gnu/libpcl_filters.so  \n'}
[7.013506] (point_lio) StdoutLine: {'line': b'-- Found PCL_2D: /usr/include/pcl-1.12  \n'}
[7.013930] (point_lio) StdoutLine: {'line': b'-- Found PCL_GEOMETRY: /usr/include/pcl-1.12  \n'}
[7.014959] (point_lio) StdoutLine: {'line': b'-- Found PCL_IO: /usr/lib/aarch64-linux-gnu/libpcl_io.so  \n'}
[7.016098] (point_lio) StdoutLine: {'line': b'-- Found PCL_FEATURES: /usr/lib/aarch64-linux-gnu/libpcl_features.so  \n'}
[7.017284] (point_lio) StdoutLine: {'line': b'-- Found PCL_ML: /usr/lib/aarch64-linux-gnu/libpcl_ml.so  \n'}
[7.018307] (point_lio) StdoutLine: {'line': b'-- Found PCL_SEGMENTATION: /usr/lib/aarch64-linux-gnu/libpcl_segmentation.so  \n'}
[7.019520] (point_lio) StdoutLine: {'line': b'-- Found PCL_VISUALIZATION: /usr/lib/aarch64-linux-gnu/libpcl_visualization.so  \n'}
[7.020696] (point_lio) StdoutLine: {'line': b'-- Found PCL_SURFACE: /usr/lib/aarch64-linux-gnu/libpcl_surface.so  \n'}
[7.021871] (point_lio) StdoutLine: {'line': b'-- Found PCL_REGISTRATION: /usr/lib/aarch64-linux-gnu/libpcl_registration.so  \n'}
[7.023000] (point_lio) StdoutLine: {'line': b'-- Found PCL_KEYPOINTS: /usr/lib/aarch64-linux-gnu/libpcl_keypoints.so  \n'}
[7.024156] (point_lio) StdoutLine: {'line': b'-- Found PCL_TRACKING: /usr/lib/aarch64-linux-gnu/libpcl_tracking.so  \n'}
[7.025284] (point_lio) StdoutLine: {'line': b'-- Found PCL_RECOGNITION: /usr/lib/aarch64-linux-gnu/libpcl_recognition.so  \n'}
[7.026318] (point_lio) StdoutLine: {'line': b'-- Found PCL_STEREO: /usr/lib/aarch64-linux-gnu/libpcl_stereo.so  \n'}
[7.027107] (-) TimerEvent: {}
[7.027455] (point_lio) StdoutLine: {'line': b'-- Found PCL_APPS: /usr/lib/aarch64-linux-gnu/libpcl_apps.so  \n'}
[7.028646] (point_lio) StdoutLine: {'line': b'-- Found PCL_IN_HAND_SCANNER: /usr/include/pcl-1.12  \n'}
[7.029059] (point_lio) StdoutLine: {'line': b'-- Found PCL_MODELER: /usr/include/pcl-1.12  \n'}
[7.031185] (point_lio) StdoutLine: {'line': b'-- Found PCL_POINT_CLOUD_EDITOR: /usr/include/pcl-1.12  \n'}
[7.032356] (point_lio) StdoutLine: {'line': b'-- Found PCL_OUTOFCORE: /usr/lib/aarch64-linux-gnu/libpcl_outofcore.so  \n'}
[7.033356] (point_lio) StdoutLine: {'line': b'-- Found PCL_PEOPLE: /usr/lib/aarch64-linux-gnu/libpcl_people.so  \n'}
[7.074815] (point_lio) StdoutLine: {'line': b'-- Found eigen3_cmake_module: 0.1.1 (/opt/ros/humble/share/eigen3_cmake_module/cmake)\n'}
[7.076707] (point_lio) StdoutLine: {'line': b'-- Found Eigen3: TRUE (found version "3.4.0") \n'}
[7.076955] (point_lio) StdoutLine: {'line': b'-- Ensuring Eigen3 include directory is part of orocos-kdl CMake target\n'}
[7.127206] (-) TimerEvent: {}
[7.192051] (point_lio) StdoutLine: {'line': b'-- Found visualization_msgs: 4.9.0 (/opt/ros/humble/share/visualization_msgs/cmake)\n'}
[7.227316] (-) TimerEvent: {}
[7.327822] (-) TimerEvent: {}
[7.428648] (-) TimerEvent: {}
[7.529315] (-) TimerEvent: {}
[7.629855] (-) TimerEvent: {}
[7.730523] (-) TimerEvent: {}
[7.809904] (point_lio) StdoutLine: {'line': b'-- Found PythonLibs: /usr/lib/aarch64-linux-gnu/libpython3.10.so (found version "3.10.12") \n'}
[7.830607] (-) TimerEvent: {}
[7.931129] (-) TimerEvent: {}
[7.957232] (point_lio) StdoutLine: {'line': b'-- Configuring done\n'}
[8.031262] (-) TimerEvent: {}
[8.055403] (point_lio) StdoutLine: {'line': b'-- Generating done\n'}
[8.072422] (point_lio) StdoutLine: {'line': b'-- Build files have been written to: /home/sauce/ros2_ws/build/point_lio\n'}
[8.104196] (point_lio) CommandEnded: {'returncode': 0}
[8.105638] (point_lio) JobProgress: {'identifier': 'point_lio', 'progress': 'build'}
[8.107910] (point_lio) Command: {'cmd': ['/usr/bin/cmake', '--build', '/home/sauce/ros2_ws/build/point_lio', '--', '-j12', '-l12'], 'cwd': '/home/sauce/ros2_ws/build/point_lio', 'env': OrderedDict([('USER', 'sauce'), ('SSH_CLIENT', '192.168.0.42 63886 22'), ('XDG_SESSION_TYPE', 'tty'), ('SHLVL', '1'), ('LD_LIBRARY_PATH', '/opt/ros/humble/opt/rviz_ogre_vendor/lib:/opt/ros/humble/lib/aarch64-linux-gnu:/opt/ros/humble/lib'), ('MOTD_SHOWN', 'pam'), ('HOME', '/home/sauce'), ('OLDPWD', '/home/sauce/ros2_ws/src'), ('SSH_TTY', '/dev/pts/1'), ('ROS_PYTHON_VERSION', '3'), ('DBUS_SESSION_BUS_ADDRESS', 'unix:path=/run/user/1000/bus'), ('COLCON_PREFIX_PATH', '/home/sauce/ros2_ws/install'), ('ROS_DISTRO', 'humble'), ('LOGNAME', 'sauce'), ('_', '/usr/bin/colcon'), ('ROS_VERSION', '2'), ('XDG_SESSION_CLASS', 'user'), ('TERM', 'xterm'), ('XDG_SESSION_ID', '24'), ('ROS_LOCALHOST_ONLY', '0'), ('PATH', '/home/sauce/.local/bin:/opt/ros/humble/bin:/usr/local/sbin:/usr/local/bin:/usr/sbin:/usr/bin:/sbin:/bin:/usr/games:/usr/local/games:/snap/bin'), ('XDG_RUNTIME_DIR', '/run/user/1000'), ('DISPLAY', 'localhost:11.0'), ('LANG', 'en_US.UTF-8'), ('RMW_IMPLEMENTATION', 'rmw_fastrtps_cpp'), ('AMENT_PREFIX_PATH', '/home/sauce/ros2_ws/install/unitree_lidar_ros2:/opt/ros/humble'), ('SHELL', '/bin/bash'), ('PWD', '/home/sauce/ros2_ws/build/point_lio'), ('LC_ALL', 'en_US.UTF-8'), ('SSH_CONNECTION', '192.168.0.42 63886 192.168.0.152 22'), ('XDG_DATA_DIRS', '/usr/share/gnome:/usr/local/share:/usr/share:/var/lib/snapd/desktop'), ('PYTHONPATH', '/opt/ros/humble/lib/python3.10/site-packages:/opt/ros/humble/local/lib/python3.10/dist-packages'), ('COLCON', '1'), ('CMAKE_PREFIX_PATH', '/home/sauce/ros2_ws/install/unitree_lidar_ros2:/opt/ros/humble')]), 'shell': False}
[8.131368] (-) TimerEvent: {}
[8.194371] (point_lio) StdoutLine: {'line': b'[ 33%] \x1b[32mBuilding CXX object CMakeFiles/pointlio_mapping.dir/include/ikd-Tree/ikd_Tree.cpp.o\x1b[0m\n'}
[8.194732] (point_lio) StdoutLine: {'line': b'[ 33%] \x1b[32mBuilding CXX object CMakeFiles/pointlio_mapping.dir/src/laserMapping.cpp.o\x1b[0m\n'}
[8.195791] (point_lio) StdoutLine: {'line': b'[ 66%] \x1b[32mBuilding CXX object CMakeFiles/pointlio_mapping.dir/src/preprocess.cpp.o\x1b[0m\n'}
[8.195923] (point_lio) StdoutLine: {'line': b'[ 66%] \x1b[32mBuilding CXX object CMakeFiles/pointlio_mapping.dir/src/parameters.cpp.o\x1b[0m\n'}
[8.196556] (point_lio) StdoutLine: {'line': b'[ 83%] \x1b[32mBuilding CXX object CMakeFiles/pointlio_mapping.dir/src/Estimator.cpp.o\x1b[0m\n'}
[8.231518] (-) TimerEvent: {}
[8.332003] (-) TimerEvent: {}
[8.432682] (-) TimerEvent: {}
[8.533092] (-) TimerEvent: {}
[8.633529] (-) TimerEvent: {}
[8.734004] (-) TimerEvent: {}
[8.834430] (-) TimerEvent: {}
[8.934806] (-) TimerEvent: {}
[9.035225] (-) TimerEvent: {}
[9.135603] (-) TimerEvent: {}
[9.236003] (-) TimerEvent: {}
[9.336372] (-) TimerEvent: {}
[9.436781] (-) TimerEvent: {}
[9.537155] (-) TimerEvent: {}
[9.637542] (-) TimerEvent: {}
[9.737948] (-) TimerEvent: {}
[9.838360] (-) TimerEvent: {}
[9.938804] (-) TimerEvent: {}
[10.039265] (-) TimerEvent: {}
[10.139665] (-) TimerEvent: {}
[10.240075] (-) TimerEvent: {}
[10.340453] (-) TimerEvent: {}
[10.440867] (-) TimerEvent: {}
[10.541274] (-) TimerEvent: {}
[10.641764] (-) TimerEvent: {}
[10.742166] (-) TimerEvent: {}
[10.842557] (-) TimerEvent: {}
[10.943025] (-) TimerEvent: {}
[11.043535] (-) TimerEvent: {}
[11.143972] (-) TimerEvent: {}
[11.244379] (-) TimerEvent: {}
[11.344785] (-) TimerEvent: {}
[11.445245] (-) TimerEvent: {}
[11.545653] (-) TimerEvent: {}
[11.646120] (-) TimerEvent: {}
[11.746602] (-) TimerEvent: {}
[11.847010] (-) TimerEvent: {}
[11.947423] (-) TimerEvent: {}
[12.047884] (-) TimerEvent: {}
[12.148282] (-) TimerEvent: {}
[12.248744] (-) TimerEvent: {}
[12.349139] (-) TimerEvent: {}
[12.449532] (-) TimerEvent: {}
[12.549906] (-) TimerEvent: {}
[12.650302] (-) TimerEvent: {}
[12.750690] (-) TimerEvent: {}
[12.851089] (-) TimerEvent: {}
[12.951500] (-) TimerEvent: {}
[13.052012] (-) TimerEvent: {}
[13.152415] (-) TimerEvent: {}
[13.252809] (-) TimerEvent: {}
[13.353239] (-) TimerEvent: {}
[13.453626] (-) TimerEvent: {}
[13.554039] (-) TimerEvent: {}
[13.654468] (-) TimerEvent: {}
[13.754858] (-) TimerEvent: {}
[13.855285] (-) TimerEvent: {}
[13.955831] (-) TimerEvent: {}
[14.056348] (-) TimerEvent: {}
[14.156811] (-) TimerEvent: {}
[14.257234] (-) TimerEvent: {}
[14.357664] (-) TimerEvent: {}
[14.458143] (-) TimerEvent: {}
[14.558584] (-) TimerEvent: {}
[14.659101] (-) TimerEvent: {}
[14.759516] (-) TimerEvent: {}
[14.859903] (-) TimerEvent: {}
[14.960321] (-) TimerEvent: {}
[15.060785] (-) TimerEvent: {}
[15.161193] (-) TimerEvent: {}
[15.261634] (-) TimerEvent: {}
[15.362014] (-) TimerEvent: {}
[15.462401] (-) TimerEvent: {}
[15.562817] (-) TimerEvent: {}
[15.663317] (-) TimerEvent: {}
[15.763832] (-) TimerEvent: {}
[15.864376] (-) TimerEvent: {}
[15.964803] (-) TimerEvent: {}
[16.065274] (-) TimerEvent: {}
[16.165682] (-) TimerEvent: {}
[16.266071] (-) TimerEvent: {}
[16.366490] (-) TimerEvent: {}
[16.466873] (-) TimerEvent: {}
[16.567256] (-) TimerEvent: {}
[16.667628] (-) TimerEvent: {}
[16.768006] (-) TimerEvent: {}
[16.868424] (-) TimerEvent: {}
[16.968954] (-) TimerEvent: {}
[17.069422] (-) TimerEvent: {}
[17.169829] (-) TimerEvent: {}
[17.270233] (-) TimerEvent: {}
[17.370644] (-) TimerEvent: {}
[17.471115] (-) TimerEvent: {}
[17.571558] (-) TimerEvent: {}
[17.672026] (-) TimerEvent: {}
[17.772444] (-) TimerEvent: {}
[17.872843] (-) TimerEvent: {}
[17.973221] (-) TimerEvent: {}
[18.073607] (-) TimerEvent: {}
[18.173981] (-) TimerEvent: {}
[18.274364] (-) TimerEvent: {}
[18.374739] (-) TimerEvent: {}
[18.475121] (-) TimerEvent: {}
[18.575504] (-) TimerEvent: {}
[18.675888] (-) TimerEvent: {}
[18.776300] (-) TimerEvent: {}
[18.876765] (-) TimerEvent: {}
[18.977143] (-) TimerEvent: {}
[19.077524] (-) TimerEvent: {}
[19.177903] (-) TimerEvent: {}
[19.278292] (-) TimerEvent: {}
[19.378704] (-) TimerEvent: {}
[19.479144] (-) TimerEvent: {}
[19.579536] (-) TimerEvent: {}
[19.679989] (-) TimerEvent: {}
[19.780404] (-) TimerEvent: {}
[19.880806] (-) TimerEvent: {}
[19.981196] (-) TimerEvent: {}
[20.081591] (-) TimerEvent: {}
[20.181977] (-) TimerEvent: {}
[20.282378] (-) TimerEvent: {}
[20.382900] (-) TimerEvent: {}
[20.483467] (-) TimerEvent: {}
[20.584036] (-) TimerEvent: {}
[20.684676] (-) TimerEvent: {}
[20.785144] (-) TimerEvent: {}
[20.885580] (-) TimerEvent: {}
[20.986063] (-) TimerEvent: {}
[21.086496] (-) TimerEvent: {}
[21.186947] (-) TimerEvent: {}
[21.287403] (-) TimerEvent: {}
[21.387813] (-) TimerEvent: {}
[21.488236] (-) TimerEvent: {}
[21.588758] (-) TimerEvent: {}
[21.689318] (-) TimerEvent: {}
[21.789776] (-) TimerEvent: {}
[21.890210] (-) TimerEvent: {}
[21.990647] (-) TimerEvent: {}
[22.091086] (-) TimerEvent: {}
[22.191512] (-) TimerEvent: {}
[22.291926] (-) TimerEvent: {}
[22.392343] (-) TimerEvent: {}
[22.492754] (-) TimerEvent: {}
[22.593169] (-) TimerEvent: {}
[22.693639] (-) TimerEvent: {}
[22.794034] (-) TimerEvent: {}
[22.894462] (-) TimerEvent: {}
[22.994932] (-) TimerEvent: {}
[23.095366] (-) TimerEvent: {}
[23.120906] (point_lio) StderrLine: {'line': b'In file included from \x1b[01m\x1b[K/home/sauce/ros2_ws/src/point_lio_ros2/include/../include/IKFoM/IKFoM_toolkit/esekfom/../mtk/types/SOn.hpp:83\x1b[m\x1b[K,\n'}
[23.121482] (point_lio) StderrLine: {'line': b'                 from \x1b[01m\x1b[K/home/sauce/ros2_ws/src/point_lio_ros2/include/../include/IKFoM/IKFoM_toolkit/esekfom/esekfom.hpp:50\x1b[m\x1b[K,\n'}
[23.121767] (point_lio) StderrLine: {'line': b'                 from \x1b[01m\x1b[K/home/sauce/ros2_ws/src/point_lio_ros2/src/Estimator.h:4\x1b[m\x1b[K,\n'}
[23.122007] (point_lio) StderrLine: {'line': b'                 from \x1b[01m\x1b[K/home/sauce/ros2_ws/src/point_lio_ros2/src/Estimator.cpp:2\x1b[m\x1b[K:\n'}
[23.122228] (point_lio) StderrLine: {'line': b'/home/sauce/ros2_ws/src/point_lio_ros2/include/../include/IKFoM/IKFoM_toolkit/esekfom/../mtk/types/../src/mtkmath.hpp: In instantiation of \xe2\x80\x98\x1b[01m\x1b[Kstd::pair<_FIter, _FIter> MTK::cos_sinc_sqrt(const scalar&) [with scalar = double]\x1b[m\x1b[K\xe2\x80\x99:\n'}
[23.122478] (point_lio) StderrLine: {'line': b'\x1b[01m\x1b[K/home/sauce/ros2_ws/src/point_lio_ros2/include/../include/IKFoM/IKFoM_toolkit/esekfom/../mtk/types/../src/mtkmath.hpp:252:52:\x1b[m\x1b[K   required from \xe2\x80\x98\x1b[01m\x1b[Kscalar MTK::exp(MTK::vectview<scalar, dim>, MTK::vectview<const scalar, dim>, const scalar&) [with scalar = double; int n = 3]\x1b[m\x1b[K\xe2\x80\x99\n'}
[23.122713] (point_lio) StderrLine: {'line': b'\x1b[01m\x1b[K/home/sauce/ros2_ws/src/point_lio_ros2/include/../include/IKFoM/IKFoM_toolkit/esekfom/../mtk/types/SOn.hpp:334:32:\x1b[m\x1b[K   required from \xe2\x80\x98\x1b[01m\x1b[Kstatic MTK::SO3<_scalar, Options> MTK::SO3<_scalar, Options>::exp(const Eigen::Matrix<Type, 3, 1>&, MTK::SO3<_scalar, Options>::scalar) [with _scalar = double; int Options = 0; MTK::SO3<_scalar, Options>::scalar = double]\x1b[m\x1b[K\xe2\x80\x99\n'}
[23.122936] (point_lio) StderrLine: {'line': b'\x1b[01m\x1b[K/home/sauce/ros2_ws/src/point_lio_ros2/include/../include/IKFoM/IKFoM_toolkit/esekfom/../mtk/types/SOn.hpp:242:18:\x1b[m\x1b[K   required from \xe2\x80\x98\x1b[01m\x1b[Kvoid MTK::SO3<_scalar, Options>::boxplus(MTK::vectview<const _scalar, MTK::SO3<_scalar, Options>::DOF>, MTK::SO3<_scalar, Options>::scalar) [with _scalar = double; int Options = 0; MTK::SO3<_scalar, Options>::scalar = double]\x1b[m\x1b[K\xe2\x80\x99\n'}
[23.123152] (point_lio) StderrLine: {'line': b'\x1b[01m\x1b[K/home/sauce/ros2_ws/src/point_lio_ros2/src/Estimator.h:38:1:\x1b[m\x1b[K   required from here\n'}
[23.123362] (point_lio) StderrLine: {'line': b'\x1b[01m\x1b[K/home/sauce/ros2_ws/src/point_lio_ros2/include/../include/IKFoM/IKFoM_toolkit/esekfom/../mtk/types/../src/mtkmath.hpp:143:27:\x1b[m\x1b[K \x1b[01;36m\x1b[Knote: \x1b[m\x1b[Kparameter passing for argument of type \xe2\x80\x98\x1b[01m\x1b[Kstd::pair<double, double>\x1b[m\x1b[K\xe2\x80\x99 when C++17 is enabled changed to match C++14 in GCC 10.1\n'}
[23.123622] (point_lio) StderrLine: {'line': b'  143 | std::pair<scalar, scalar> \x1b[01;36m\x1b[Kcos_sinc_sqrt\x1b[m\x1b[K(const scalar &x2){\n'}
[23.123830] (point_lio) StderrLine: {'line': b'      |                           \x1b[01;36m\x1b[K^~~~~~~~~~~~~\x1b[m\x1b[K\n'}
[23.195477] (-) TimerEvent: {}
[23.295923] (-) TimerEvent: {}
[23.396407] (-) TimerEvent: {}
[23.496924] (-) TimerEvent: {}
[23.597437] (-) TimerEvent: {}
[23.698067] (-) TimerEvent: {}
[23.798554] (-) TimerEvent: {}
[23.899036] (-) TimerEvent: {}
[23.999553] (-) TimerEvent: {}
[24.100043] (-) TimerEvent: {}
[24.200516] (-) TimerEvent: {}
[24.300976] (-) TimerEvent: {}
[24.401399] (-) TimerEvent: {}
[24.501813] (-) TimerEvent: {}
[24.602249] (-) TimerEvent: {}
[24.702701] (-) TimerEvent: {}
[24.803125] (-) TimerEvent: {}
[24.903604] (-) TimerEvent: {}
[25.004092] (-) TimerEvent: {}
[25.104542] (-) TimerEvent: {}
[25.204968] (-) TimerEvent: {}
[25.305380] (-) TimerEvent: {}
[25.405792] (-) TimerEvent: {}
[25.506212] (-) TimerEvent: {}
[25.606621] (-) TimerEvent: {}
[25.707079] (-) TimerEvent: {}
[25.807518] (-) TimerEvent: {}
[25.907954] (-) TimerEvent: {}
[26.008447] (-) TimerEvent: {}
[26.108886] (-) TimerEvent: {}
[26.209329] (-) TimerEvent: {}
[26.309772] (-) TimerEvent: {}
[26.410275] (-) TimerEvent: {}
[26.510710] (-) TimerEvent: {}
[26.610866] (point_lio) StderrLine: {'line': b'In file included from \x1b[01m\x1b[K/home/sauce/ros2_ws/src/point_lio_ros2/include/../include/IKFoM/IKFoM_toolkit/esekfom/../mtk/types/SOn.hpp:83\x1b[m\x1b[K,\n'}
[26.611357] (-) TimerEvent: {}
[26.611649] (point_lio) StderrLine: {'line': b'                 from \x1b[01m\x1b[K/home/sauce/ros2_ws/src/point_lio_ros2/include/../include/IKFoM/IKFoM_toolkit/esekfom/esekfom.hpp:50\x1b[m\x1b[K,\n'}
[26.611940] (point_lio) StderrLine: {'line': b'                 from \x1b[01m\x1b[K/home/sauce/ros2_ws/src/point_lio_ros2/src/Estimator.h:4\x1b[m\x1b[K,\n'}
[26.612181] (point_lio) StderrLine: {'line': b'                 from \x1b[01m\x1b[K/home/sauce/ros2_ws/src/point_lio_ros2/src/laserMapping.cpp:27\x1b[m\x1b[K:\n'}
[26.612523] (point_lio) StderrLine: {'line': b'/home/sauce/ros2_ws/src/point_lio_ros2/include/../include/IKFoM/IKFoM_toolkit/esekfom/../mtk/types/../src/mtkmath.hpp: In instantiation of \xe2\x80\x98\x1b[01m\x1b[Kstd::pair<_FIter, _FIter> MTK::cos_sinc_sqrt(const scalar&) [with scalar = double]\x1b[m\x1b[K\xe2\x80\x99:\n'}
[26.612765] (point_lio) StderrLine: {'line': b'\x1b[01m\x1b[K/home/sauce/ros2_ws/src/point_lio_ros2/include/../include/IKFoM/IKFoM_toolkit/esekfom/../mtk/types/../src/mtkmath.hpp:252:52:\x1b[m\x1b[K   required from \xe2\x80\x98\x1b[01m\x1b[Kscalar MTK::exp(MTK::vectview<scalar, dim>, MTK::vectview<const scalar, dim>, const scalar&) [with scalar = double; int n = 3]\x1b[m\x1b[K\xe2\x80\x99\n'}
[26.612998] (point_lio) StderrLine: {'line': b'\x1b[01m\x1b[K/home/sauce/ros2_ws/src/point_lio_ros2/include/../include/IKFoM/IKFoM_toolkit/esekfom/esekfom.hpp:168:39:\x1b[m\x1b[K   required from \xe2\x80\x98\x1b[01m\x1b[Kvoid esekfom::esekf<state, process_noise_dof, input, measurement, measurement_noise_dof>::predict(double&, esekfom::esekf<state, process_noise_dof, input, measurement, measurement_noise_dof>::processnoisecovariance&, const input&, bool, bool) [with state = state_output; int process_noise_dof = 30; input = input_ikfom; measurement = state_output; int measurement_noise_dof = 0; esekfom::esekf<state, process_noise_dof, input, measurement, measurement_noise_dof>::processnoisecovariance = Eigen::Matrix<double, 30, 30, 0, 30, 30>]\x1b[m\x1b[K\xe2\x80\x99\n'}
[26.613237] (point_lio) StderrLine: {'line': b'\x1b[01m\x1b[K/home/sauce/ros2_ws/src/point_lio_ros2/src/laserMapping.cpp:1004:46:\x1b[m\x1b[K   required from here\n'}
[26.613503] (point_lio) StderrLine: {'line': b'\x1b[01m\x1b[K/home/sauce/ros2_ws/src/point_lio_ros2/include/../include/IKFoM/IKFoM_toolkit/esekfom/../mtk/types/../src/mtkmath.hpp:143:27:\x1b[m\x1b[K \x1b[01;36m\x1b[Knote: \x1b[m\x1b[Kparameter passing for argument of type \xe2\x80\x98\x1b[01m\x1b[Kstd::pair<double, double>\x1b[m\x1b[K\xe2\x80\x99 when C++17 is enabled changed to match C++14 in GCC 10.1\n'}
[26.613773] (point_lio) StderrLine: {'line': b'  143 | std::pair<scalar, scalar> \x1b[01;36m\x1b[Kcos_sinc_sqrt\x1b[m\x1b[K(const scalar &x2){\n'}
[26.614044] (point_lio) StderrLine: {'line': b'      |                           \x1b[01;36m\x1b[K^~~~~~~~~~~~~\x1b[m\x1b[K\n'}
[26.711520] (-) TimerEvent: {}
[26.812056] (-) TimerEvent: {}
[26.912562] (-) TimerEvent: {}
[27.013046] (-) TimerEvent: {}
[27.113491] (-) TimerEvent: {}
[27.213944] (-) TimerEvent: {}
[27.314379] (-) TimerEvent: {}
[27.414844] (-) TimerEvent: {}
[27.515265] (-) TimerEvent: {}
[27.615678] (-) TimerEvent: {}
[27.716114] (-) TimerEvent: {}
[27.816571] (-) TimerEvent: {}
[27.917047] (-) TimerEvent: {}
[28.017518] (-) TimerEvent: {}
[28.117946] (-) TimerEvent: {}
[28.218380] (-) TimerEvent: {}
[28.318806] (-) TimerEvent: {}
[28.419308] (-) TimerEvent: {}
[28.519837] (-) TimerEvent: {}
[28.620571] (-) TimerEvent: {}
[28.721348] (-) TimerEvent: {}
[28.822132] (-) TimerEvent: {}
[28.922894] (-) TimerEvent: {}
[29.023688] (-) TimerEvent: {}
[29.124447] (-) TimerEvent: {}
[29.225238] (-) TimerEvent: {}
[29.325889] (-) TimerEvent: {}
[29.426696] (-) TimerEvent: {}
[29.527335] (-) TimerEvent: {}
[29.628161] (-) TimerEvent: {}
[29.729026] (-) TimerEvent: {}
[29.829808] (-) TimerEvent: {}
[29.930598] (-) TimerEvent: {}
[30.031381] (-) TimerEvent: {}
[30.131973] (-) TimerEvent: {}
[30.232846] (-) TimerEvent: {}
[30.333485] (-) TimerEvent: {}
[30.434262] (-) TimerEvent: {}
[30.535020] (-) TimerEvent: {}
[30.635776] (-) TimerEvent: {}
[30.736541] (-) TimerEvent: {}
[30.837313] (-) TimerEvent: {}
[30.938079] (-) TimerEvent: {}
[31.038830] (-) TimerEvent: {}
[31.139650] (-) TimerEvent: {}
[31.240506] (-) TimerEvent: {}
[31.341347] (-) TimerEvent: {}
[31.441941] (-) TimerEvent: {}
[31.542696] (-) TimerEvent: {}
[31.643452] (-) TimerEvent: {}
[31.744218] (-) TimerEvent: {}
[31.845006] (-) TimerEvent: {}
[31.945774] (-) TimerEvent: {}
[32.046536] (-) TimerEvent: {}
[32.147300] (-) TimerEvent: {}
[32.247909] (-) TimerEvent: {}
[32.348748] (-) TimerEvent: {}
[32.449534] (-) TimerEvent: {}
[32.550291] (-) TimerEvent: {}
[32.651075] (-) TimerEvent: {}
[32.751869] (-) TimerEvent: {}
[32.854620] (-) TimerEvent: {}
[32.955428] (-) TimerEvent: {}
[33.056202] (-) TimerEvent: {}
[33.156999] (-) TimerEvent: {}
[33.257622] (-) TimerEvent: {}
[33.358431] (-) TimerEvent: {}
[33.459205] (-) TimerEvent: {}
[33.559962] (-) TimerEvent: {}
[33.660762] (-) TimerEvent: {}
[33.761523] (-) TimerEvent: {}
[33.862106] (-) TimerEvent: {}
[33.962871] (-) TimerEvent: {}
[34.063623] (-) TimerEvent: {}
[34.164407] (-) TimerEvent: {}
[34.265002] (-) TimerEvent: {}
[34.365775] (-) TimerEvent: {}
[34.466542] (-) TimerEvent: {}
[34.567293] (-) TimerEvent: {}
[34.668065] (-) TimerEvent: {}
[34.768859] (-) TimerEvent: {}
[34.869441] (-) TimerEvent: {}
[34.970220] (-) TimerEvent: {}
[35.070988] (-) TimerEvent: {}
[35.171760] (-) TimerEvent: {}
[35.272566] (-) TimerEvent: {}
[35.373356] (-) TimerEvent: {}
[35.474183] (-) TimerEvent: {}
[35.574807] (-) TimerEvent: {}
[35.675610] (-) TimerEvent: {}
[35.776417] (-) TimerEvent: {}
[35.877186] (-) TimerEvent: {}
[35.977933] (-) TimerEvent: {}
[36.078669] (-) TimerEvent: {}
[36.179344] (-) TimerEvent: {}
[36.280158] (-) TimerEvent: {}
[36.380978] (-) TimerEvent: {}
[36.481770] (-) TimerEvent: {}
[36.582542] (-) TimerEvent: {}
[36.683329] (-) TimerEvent: {}
[36.784080] (-) TimerEvent: {}
[36.884857] (-) TimerEvent: {}
[36.985602] (-) TimerEvent: {}
[37.086352] (-) TimerEvent: {}
[37.187098] (-) TimerEvent: {}
[37.287847] (-) TimerEvent: {}
[37.388608] (-) TimerEvent: {}
[37.489384] (-) TimerEvent: {}
[37.590138] (-) TimerEvent: {}
[37.690892] (-) TimerEvent: {}
[37.791630] (-) TimerEvent: {}
[37.892407] (-) TimerEvent: {}
[37.993159] (-) TimerEvent: {}
[38.093914] (-) TimerEvent: {}
[38.194710] (-) TimerEvent: {}
[38.295455] (-) TimerEvent: {}
[38.396047] (-) TimerEvent: {}
[38.496862] (-) TimerEvent: {}
[38.597473] (-) TimerEvent: {}
[38.698247] (-) TimerEvent: {}
[38.798996] (-) TimerEvent: {}
[38.899746] (-) TimerEvent: {}
[39.000490] (-) TimerEvent: {}
[39.101243] (-) TimerEvent: {}
[39.202004] (-) TimerEvent: {}
[39.302778] (-) TimerEvent: {}
[39.403354] (-) TimerEvent: {}
[39.504050] (-) TimerEvent: {}
[39.604707] (-) TimerEvent: {}
[39.705332] (-) TimerEvent: {}
[39.805955] (-) TimerEvent: {}
[39.906581] (-) TimerEvent: {}
[40.007042] (-) TimerEvent: {}
[40.107666] (-) TimerEvent: {}
[40.208293] (-) TimerEvent: {}
[40.308941] (-) TimerEvent: {}
[40.409399] (-) TimerEvent: {}
[40.510025] (-) TimerEvent: {}
[40.610644] (-) TimerEvent: {}
[40.711276] (-) TimerEvent: {}
[40.811901] (-) TimerEvent: {}
[40.912526] (-) TimerEvent: {}
[41.012993] (-) TimerEvent: {}
[41.113697] (-) TimerEvent: {}
[41.214481] (-) TimerEvent: {}
[41.315088] (-) TimerEvent: {}
[41.415894] (-) TimerEvent: {}
[41.516738] (-) TimerEvent: {}
[41.617379] (-) TimerEvent: {}
[41.718166] (-) TimerEvent: {}
[41.818921] (-) TimerEvent: {}
[41.919677] (-) TimerEvent: {}
[42.020436] (-) TimerEvent: {}
[42.121185] (-) TimerEvent: {}
[42.221778] (-) TimerEvent: {}
[42.322544] (-) TimerEvent: {}
[42.423295] (-) TimerEvent: {}
[42.523890] (-) TimerEvent: {}
[42.624689] (-) TimerEvent: {}
[42.725432] (-) TimerEvent: {}
[42.826187] (-) TimerEvent: {}
[42.926967] (-) TimerEvent: {}
[43.027750] (-) TimerEvent: {}
[43.128376] (-) TimerEvent: {}
[43.229156] (-) TimerEvent: {}
[43.329921] (-) TimerEvent: {}
[43.430684] (-) TimerEvent: {}
[43.531458] (-) TimerEvent: {}
[43.632246] (-) TimerEvent: {}
[43.733020] (-) TimerEvent: {}
[43.833765] (-) TimerEvent: {}
[43.934509] (-) TimerEvent: {}
[44.035255] (-) TimerEvent: {}
[44.136005] (-) TimerEvent: {}
[44.236783] (-) TimerEvent: {}
[44.337364] (-) TimerEvent: {}
[44.438141] (-) TimerEvent: {}
[44.538743] (-) TimerEvent: {}
[44.639527] (-) TimerEvent: {}
[44.740290] (-) TimerEvent: {}
[44.841058] (-) TimerEvent: {}
[44.941807] (-) TimerEvent: {}
[45.042561] (-) TimerEvent: {}
[45.143149] (-) TimerEvent: {}
[45.243922] (-) TimerEvent: {}
[45.344721] (-) TimerEvent: {}
[45.445468] (-) TimerEvent: {}
[45.546063] (-) TimerEvent: {}
[45.646842] (-) TimerEvent: {}
[45.747591] (-) TimerEvent: {}
[45.848357] (-) TimerEvent: {}
[45.949104] (-) TimerEvent: {}
[46.049844] (-) TimerEvent: {}
[46.150412] (-) TimerEvent: {}
[46.251160] (-) TimerEvent: {}
[46.351896] (-) TimerEvent: {}
[46.452673] (-) TimerEvent: {}
[46.553262] (-) TimerEvent: {}
[46.654040] (-) TimerEvent: {}
[46.754779] (-) TimerEvent: {}
[46.855525] (-) TimerEvent: {}
[46.956274] (-) TimerEvent: {}
[47.057048] (-) TimerEvent: {}
[47.157635] (-) TimerEvent: {}
[47.258377] (-) TimerEvent: {}
[47.359117] (-) TimerEvent: {}
[47.459885] (-) TimerEvent: {}
[47.560512] (-) TimerEvent: {}
[47.661290] (-) TimerEvent: {}
[47.762056] (-) TimerEvent: {}
[47.862797] (-) TimerEvent: {}
[47.963539] (-) TimerEvent: {}
[48.064294] (-) TimerEvent: {}
[48.164912] (-) TimerEvent: {}
[48.265675] (-) TimerEvent: {}
[48.366423] (-) TimerEvent: {}
[48.467170] (-) TimerEvent: {}
[48.567911] (-) TimerEvent: {}
[48.668694] (-) TimerEvent: {}
[48.769476] (-) TimerEvent: {}
[48.870219] (-) TimerEvent: {}
[48.970970] (-) TimerEvent: {}
[49.071715] (-) TimerEvent: {}
[49.172462] (-) TimerEvent: {}
[49.273218] (-) TimerEvent: {}
[49.373979] (-) TimerEvent: {}
[49.474735] (-) TimerEvent: {}
[49.575490] (-) TimerEvent: {}
[49.676080] (-) TimerEvent: {}
[49.776882] (-) TimerEvent: {}
[49.877631] (-) TimerEvent: {}
[49.978388] (-) TimerEvent: {}
[50.079145] (-) TimerEvent: {}
[50.179890] (-) TimerEvent: {}
[50.280676] (-) TimerEvent: {}
[50.381422] (-) TimerEvent: {}
[50.482194] (-) TimerEvent: {}
[50.582796] (-) TimerEvent: {}
[50.683397] (-) TimerEvent: {}
[50.784148] (-) TimerEvent: {}
[50.884906] (-) TimerEvent: {}
[50.985649] (-) TimerEvent: {}
[51.086397] (-) TimerEvent: {}
[51.187133] (-) TimerEvent: {}
[51.287886] (-) TimerEvent: {}
[51.388685] (-) TimerEvent: {}
[51.489473] (-) TimerEvent: {}
[51.590044] (-) TimerEvent: {}
[51.690619] (-) TimerEvent: {}
[51.791372] (-) TimerEvent: {}
[51.892112] (-) TimerEvent: {}
[51.992895] (-) TimerEvent: {}
[52.093640] (-) TimerEvent: {}
[52.194368] (-) TimerEvent: {}
[52.294937] (-) TimerEvent: {}
[52.395673] (-) TimerEvent: {}
[52.496438] (-) TimerEvent: {}
[52.597010] (-) TimerEvent: {}
[52.697575] (-) TimerEvent: {}
[52.798322] (-) TimerEvent: {}
[52.899064] (-) TimerEvent: {}
[52.999805] (-) TimerEvent: {}
[53.100541] (-) TimerEvent: {}
[53.201275] (-) TimerEvent: {}
[53.301848] (-) TimerEvent: {}
[53.402604] (-) TimerEvent: {}
[53.503362] (-) TimerEvent: {}
[53.604124] (-) TimerEvent: {}
[53.704953] (-) TimerEvent: {}
[53.805696] (-) TimerEvent: {}
[53.906465] (-) TimerEvent: {}
[54.007213] (-) TimerEvent: {}
[54.107955] (-) TimerEvent: {}
[54.208554] (-) TimerEvent: {}
[54.309301] (-) TimerEvent: {}
[54.410034] (-) TimerEvent: {}
[54.510777] (-) TimerEvent: {}
[54.611515] (-) TimerEvent: {}
[54.712247] (-) TimerEvent: {}
[54.813024] (-) TimerEvent: {}
[54.913793] (-) TimerEvent: {}
[55.014550] (-) TimerEvent: {}
[55.115295] (-) TimerEvent: {}
[55.216034] (-) TimerEvent: {}
[55.316800] (-) TimerEvent: {}
[55.417531] (-) TimerEvent: {}
[55.518278] (-) TimerEvent: {}
[55.619011] (-) TimerEvent: {}
[55.719742] (-) TimerEvent: {}
[55.820486] (-) TimerEvent: {}
[55.921238] (-) TimerEvent: {}
[56.021981] (-) TimerEvent: {}
[56.122721] (-) TimerEvent: {}
[56.223448] (-) TimerEvent: {}
[56.324024] (-) TimerEvent: {}
[56.424823] (-) TimerEvent: {}
[56.525580] (-) TimerEvent: {}
[56.626321] (-) TimerEvent: {}
[56.727067] (-) TimerEvent: {}
[56.827817] (-) TimerEvent: {}
[56.928589] (-) TimerEvent: {}
[57.029343] (-) TimerEvent: {}
[57.130076] (-) TimerEvent: {}
[57.230671] (-) TimerEvent: {}
[57.331464] (-) TimerEvent: {}
[57.432133] (-) TimerEvent: {}
[57.532795] (-) TimerEvent: {}
[57.633420] (-) TimerEvent: {}
[57.734042] (-) TimerEvent: {}
[57.834511] (-) TimerEvent: {}
[57.935154] (-) TimerEvent: {}
[58.035781] (-) TimerEvent: {}
[58.136410] (-) TimerEvent: {}
[58.237033] (-) TimerEvent: {}
[58.337656] (-) TimerEvent: {}
[58.438282] (-) TimerEvent: {}
[58.538912] (-) TimerEvent: {}
[58.639540] (-) TimerEvent: {}
[58.740163] (-) TimerEvent: {}
[58.840648] (-) TimerEvent: {}
[58.941274] (-) TimerEvent: {}
[59.041892] (-) TimerEvent: {}
[59.142516] (-) TimerEvent: {}
[59.243137] (-) TimerEvent: {}
[59.343594] (-) TimerEvent: {}
[59.444230] (-) TimerEvent: {}
[59.544884] (-) TimerEvent: {}
[59.645507] (-) TimerEvent: {}
[59.746139] (-) TimerEvent: {}
[59.846764] (-) TimerEvent: {}
[59.947396] (-) TimerEvent: {}
[60.048035] (-) TimerEvent: {}
[60.148658] (-) TimerEvent: {}
[60.249103] (-) TimerEvent: {}
[60.349713] (-) TimerEvent: {}
[60.450312] (-) TimerEvent: {}
[60.550920] (-) TimerEvent: {}
[60.651529] (-) TimerEvent: {}
[60.752136] (-) TimerEvent: {}
[60.852776] (-) TimerEvent: {}
[60.953383] (-) TimerEvent: {}
[61.054000] (-) TimerEvent: {}
[61.154606] (-) TimerEvent: {}
[61.255210] (-) TimerEvent: {}
[61.355814] (-) TimerEvent: {}
[61.456421] (-) TimerEvent: {}
[61.557023] (-) TimerEvent: {}
[61.657626] (-) TimerEvent: {}
[61.758235] (-) TimerEvent: {}
[61.858848] (-) TimerEvent: {}
[61.959305] (-) TimerEvent: {}
[62.059915] (-) TimerEvent: {}
[62.160521] (-) TimerEvent: {}
[62.261135] (-) TimerEvent: {}
[62.361747] (-) TimerEvent: {}
[62.462377] (-) TimerEvent: {}
[62.562838] (-) TimerEvent: {}
[62.663460] (-) TimerEvent: {}
[62.764068] (-) TimerEvent: {}
[62.864759] (-) TimerEvent: {}
[62.965207] (-) TimerEvent: {}
[63.065829] (-) TimerEvent: {}
[63.166439] (-) TimerEvent: {}
[63.266925] (-) TimerEvent: {}
[63.367673] (-) TimerEvent: {}
[63.468470] (-) TimerEvent: {}
[63.569227] (-) TimerEvent: {}
[63.669975] (-) TimerEvent: {}
[63.770734] (-) TimerEvent: {}
[63.871494] (-) TimerEvent: {}
[63.972102] (-) TimerEvent: {}
[64.072916] (-) TimerEvent: {}
[64.173686] (-) TimerEvent: {}
[64.274451] (-) TimerEvent: {}
[64.375213] (-) TimerEvent: {}
[64.475981] (-) TimerEvent: {}
[64.576769] (-) TimerEvent: {}
[64.677554] (-) TimerEvent: {}
[64.778352] (-) TimerEvent: {}
[64.879117] (-) TimerEvent: {}
[64.979720] (-) TimerEvent: {}
[65.080503] (-) TimerEvent: {}
[65.181261] (-) TimerEvent: {}
[65.282009] (-) TimerEvent: {}
[65.382600] (-) TimerEvent: {}
[65.483374] (-) TimerEvent: {}
[65.583987] (-) TimerEvent: {}
[65.684786] (-) TimerEvent: {}
[65.785534] (-) TimerEvent: {}
[65.886277] (-) TimerEvent: {}
[65.987029] (-) TimerEvent: {}
[66.087797] (-) TimerEvent: {}
[66.188433] (-) TimerEvent: {}
[66.289199] (-) TimerEvent: {}
[66.389936] (-) TimerEvent: {}
[66.490682] (-) TimerEvent: {}
[66.591421] (-) TimerEvent: {}
[66.692160] (-) TimerEvent: {}
[66.792949] (-) TimerEvent: {}
[66.893687] (-) TimerEvent: {}
[66.994446] (-) TimerEvent: {}
[67.095039] (-) TimerEvent: {}
[67.195813] (-) TimerEvent: {}
[67.296562] (-) TimerEvent: {}
[67.397317] (-) TimerEvent: {}
[67.497904] (-) TimerEvent: {}
[67.598663] (-) TimerEvent: {}
[67.699404] (-) TimerEvent: {}
[67.800160] (-) TimerEvent: {}
[67.900945] (-) TimerEvent: {}
[68.001705] (-) TimerEvent: {}
[68.102292] (-) TimerEvent: {}
[68.203055] (-) TimerEvent: {}
[68.303638] (-) TimerEvent: {}
[68.404234] (-) TimerEvent: {}
[68.504837] (-) TimerEvent: {}
[68.605429] (-) TimerEvent: {}
[68.706035] (-) TimerEvent: {}
[68.806782] (-) TimerEvent: {}
[68.907353] (-) TimerEvent: {}
[69.007941] (-) TimerEvent: {}
[69.108550] (-) TimerEvent: {}
[69.209316] (-) TimerEvent: {}
[69.310072] (-) TimerEvent: {}
[69.410672] (-) TimerEvent: {}
[69.511423] (-) TimerEvent: {}
[69.612167] (-) TimerEvent: {}
[69.712936] (-) TimerEvent: {}
[69.813667] (-) TimerEvent: {}
[69.914411] (-) TimerEvent: {}
[70.015165] (-) TimerEvent: {}
[70.115745] (-) TimerEvent: {}
[70.216516] (-) TimerEvent: {}
[70.317275] (-) TimerEvent: {}
[70.418021] (-) TimerEvent: {}
[70.518782] (-) TimerEvent: {}
[70.619535] (-) TimerEvent: {}
[70.720280] (-) TimerEvent: {}
[70.821042] (-) TimerEvent: {}
[70.921793] (-) TimerEvent: {}
[71.022553] (-) TimerEvent: {}
[71.123131] (-) TimerEvent: {}
[71.223894] (-) TimerEvent: {}
[71.324510] (-) TimerEvent: {}
[71.425300] (-) TimerEvent: {}
[71.526071] (-) TimerEvent: {}
[71.626826] (-) TimerEvent: {}
[71.727594] (-) TimerEvent: {}
[71.828364] (-) TimerEvent: {}
[71.929120] (-) TimerEvent: {}
[72.029878] (-) TimerEvent: {}
[72.130622] (-) TimerEvent: {}
[72.231231] (-) TimerEvent: {}
[72.332021] (-) TimerEvent: {}
[72.432808] (-) TimerEvent: {}
[72.533393] (-) TimerEvent: {}
[72.634141] (-) TimerEvent: {}
[72.734709] (-) TimerEvent: {}
[72.835453] (-) TimerEvent: {}
[72.936211] (-) TimerEvent: {}
[73.036827] (-) TimerEvent: {}
[73.137576] (-) TimerEvent: {}
[73.238337] (-) TimerEvent: {}
[73.338972] (-) TimerEvent: {}
[73.439750] (-) TimerEvent: {}
[73.540507] (-) TimerEvent: {}
[73.641090] (-) TimerEvent: {}
[73.741632] (-) TimerEvent: {}
[73.842156] (-) TimerEvent: {}
[73.942695] (-) TimerEvent: {}
[74.043265] (-) TimerEvent: {}
[74.143770] (-) TimerEvent: {}
[74.244288] (-) TimerEvent: {}
[74.344889] (-) TimerEvent: {}
[74.445440] (-) TimerEvent: {}
[74.546031] (-) TimerEvent: {}
[74.646602] (-) TimerEvent: {}
[74.747177] (-) TimerEvent: {}
[74.847718] (-) TimerEvent: {}
[74.948255] (-) TimerEvent: {}
[75.048846] (-) TimerEvent: {}
[75.149284] (-) TimerEvent: {}
[75.249725] (-) TimerEvent: {}
[75.350173] (-) TimerEvent: {}
[75.450605] (-) TimerEvent: {}
[75.551030] (-) TimerEvent: {}
[75.651488] (-) TimerEvent: {}
[75.751977] (-) TimerEvent: {}
[75.852531] (-) TimerEvent: {}
[75.953025] (-) TimerEvent: {}
[76.053534] (-) TimerEvent: {}
[76.154036] (-) TimerEvent: {}
[76.254537] (-) TimerEvent: {}
[76.355047] (-) TimerEvent: {}
[76.455548] (-) TimerEvent: {}
[76.556032] (-) TimerEvent: {}
[76.656483] (-) TimerEvent: {}
[76.756879] (-) TimerEvent: {}
[76.857276] (-) TimerEvent: {}
[76.957696] (-) TimerEvent: {}
[77.058203] (-) TimerEvent: {}
[77.158707] (-) TimerEvent: {}
[77.259204] (-) TimerEvent: {}
[77.359722] (-) TimerEvent: {}
[77.460241] (-) TimerEvent: {}
[77.560774] (-) TimerEvent: {}
[77.661319] (-) TimerEvent: {}
[77.761874] (-) TimerEvent: {}
[77.862372] (-) TimerEvent: {}
[77.962887] (-) TimerEvent: {}
[78.063458] (-) TimerEvent: {}
[78.163947] (-) TimerEvent: {}
[78.264408] (-) TimerEvent: {}
[78.364943] (-) TimerEvent: {}
[78.465476] (-) TimerEvent: {}
[78.565996] (-) TimerEvent: {}
[78.666509] (-) TimerEvent: {}
[78.767012] (-) TimerEvent: {}
[78.867543] (-) TimerEvent: {}
[78.968048] (-) TimerEvent: {}
[79.068610] (-) TimerEvent: {}
[79.169118] (-) TimerEvent: {}
[79.269607] (-) TimerEvent: {}
[79.370161] (-) TimerEvent: {}
[79.470690] (-) TimerEvent: {}
[79.571209] (-) TimerEvent: {}
[79.671710] (-) TimerEvent: {}
[79.772209] (-) TimerEvent: {}
[79.872726] (-) TimerEvent: {}
[79.973225] (-) TimerEvent: {}
[80.073735] (-) TimerEvent: {}
[80.174239] (-) TimerEvent: {}
[80.274745] (-) TimerEvent: {}
[80.375260] (-) TimerEvent: {}
[80.475819] (-) TimerEvent: {}
[80.576395] (-) TimerEvent: {}
[80.676958] (-) TimerEvent: {}
[80.777402] (-) TimerEvent: {}
[80.877823] (-) TimerEvent: {}
[80.978284] (-) TimerEvent: {}
[81.078777] (-) TimerEvent: {}
[81.179209] (-) TimerEvent: {}
[81.279661] (-) TimerEvent: {}
[81.380174] (-) TimerEvent: {}
[81.480669] (-) TimerEvent: {}
[81.581097] (-) TimerEvent: {}
[81.681535] (-) TimerEvent: {}
[81.782029] (-) TimerEvent: {}
[81.882510] (-) TimerEvent: {}
[81.983006] (-) TimerEvent: {}
[82.083511] (-) TimerEvent: {}
[82.184010] (-) TimerEvent: {}
[82.284529] (-) TimerEvent: {}
[82.385048] (-) TimerEvent: {}
[82.485575] (-) TimerEvent: {}
[82.586121] (-) TimerEvent: {}
[82.686576] (-) TimerEvent: {}
[82.787003] (-) TimerEvent: {}
[82.887439] (-) TimerEvent: {}
[82.987861] (-) TimerEvent: {}
[83.079109] (point_lio) StdoutLine: {'line': b'[100%] \x1b[32m\x1b[1mLinking CXX executable pointlio_mapping\x1b[0m\n'}
[83.087962] (-) TimerEvent: {}
[83.188475] (-) TimerEvent: {}
[83.289107] (-) TimerEvent: {}
[83.389720] (-) TimerEvent: {}
[83.490290] (-) TimerEvent: {}
[83.590848] (-) TimerEvent: {}
[83.691445] (-) TimerEvent: {}
[83.791940] (-) TimerEvent: {}
[83.892414] (-) TimerEvent: {}
[83.992930] (-) TimerEvent: {}
[84.093396] (-) TimerEvent: {}
[84.193874] (-) TimerEvent: {}
[84.294396] (-) TimerEvent: {}
[84.394845] (-) TimerEvent: {}
[84.495298] (-) TimerEvent: {}
[84.516605] (point_lio) StdoutLine: {'line': b'[100%] Built target pointlio_mapping\n'}
[84.538862] (point_lio) CommandEnded: {'returncode': 0}
[84.540819] (point_lio) JobProgress: {'identifier': 'point_lio', 'progress': 'install'}
[84.556951] (point_lio) Command: {'cmd': ['/usr/bin/cmake', '--install', '/home/sauce/ros2_ws/build/point_lio'], 'cwd': '/home/sauce/ros2_ws/build/point_lio', 'env': OrderedDict([('USER', 'sauce'), ('SSH_CLIENT', '192.168.0.42 63886 22'), ('XDG_SESSION_TYPE', 'tty'), ('SHLVL', '1'), ('LD_LIBRARY_PATH', '/opt/ros/humble/opt/rviz_ogre_vendor/lib:/opt/ros/humble/lib/aarch64-linux-gnu:/opt/ros/humble/lib'), ('MOTD_SHOWN', 'pam'), ('HOME', '/home/sauce'), ('OLDPWD', '/home/sauce/ros2_ws/src'), ('SSH_TTY', '/dev/pts/1'), ('ROS_PYTHON_VERSION', '3'), ('DBUS_SESSION_BUS_ADDRESS', 'unix:path=/run/user/1000/bus'), ('COLCON_PREFIX_PATH', '/home/sauce/ros2_ws/install'), ('ROS_DISTRO', 'humble'), ('LOGNAME', 'sauce'), ('_', '/usr/bin/colcon'), ('ROS_VERSION', '2'), ('XDG_SESSION_CLASS', 'user'), ('TERM', 'xterm'), ('XDG_SESSION_ID', '24'), ('ROS_LOCALHOST_ONLY', '0'), ('PATH', '/home/sauce/.local/bin:/opt/ros/humble/bin:/usr/local/sbin:/usr/local/bin:/usr/sbin:/usr/bin:/sbin:/bin:/usr/games:/usr/local/games:/snap/bin'), ('XDG_RUNTIME_DIR', '/run/user/1000'), ('DISPLAY', 'localhost:11.0'), ('LANG', 'en_US.UTF-8'), ('RMW_IMPLEMENTATION', 'rmw_fastrtps_cpp'), ('AMENT_PREFIX_PATH', '/home/sauce/ros2_ws/install/unitree_lidar_ros2:/opt/ros/humble'), ('SHELL', '/bin/bash'), ('PWD', '/home/sauce/ros2_ws/build/point_lio'), ('LC_ALL', 'en_US.UTF-8'), ('SSH_CONNECTION', '192.168.0.42 63886 192.168.0.152 22'), ('XDG_DATA_DIRS', '/usr/share/gnome:/usr/local/share:/usr/share:/var/lib/snapd/desktop'), ('PYTHONPATH', '/opt/ros/humble/lib/python3.10/site-packages:/opt/ros/humble/local/lib/python3.10/dist-packages'), ('COLCON', '1'), ('CMAKE_PREFIX_PATH', '/home/sauce/ros2_ws/install/unitree_lidar_ros2:/opt/ros/humble')]), 'shell': False}
[84.571419] (point_lio) StdoutLine: {'line': b'-- Install configuration: ""\n'}
[84.572214] (point_lio) StdoutLine: {'line': b'-- Execute custom install script\n'}
[84.573007] (point_lio) StdoutLine: {'line': b'-- Symlinking: /home/sauce/ros2_ws/install/point_lio/lib/point_lio/pointlio_mapping\n'}
[84.588932] (point_lio) StdoutLine: {'line': b'-- Symlinking: /home/sauce/ros2_ws/install/point_lio/share/point_lio/config/avia.yaml\n'}
[84.595391] (-) TimerEvent: {}
[84.602934] (point_lio) StdoutLine: {'line': b'-- Symlinking: /home/sauce/ros2_ws/install/point_lio/share/point_lio/config/horizon.yaml\n'}
[84.617589] (point_lio) StdoutLine: {'line': b'-- Symlinking: /home/sauce/ros2_ws/install/point_lio/share/point_lio/config/mid360.yaml\n'}
[84.630941] (point_lio) StdoutLine: {'line': b'-- Symlinking: /home/sauce/ros2_ws/install/point_lio/share/point_lio/config/ouster64.yaml\n'}
[84.646715] (point_lio) StdoutLine: {'line': b'-- Symlinking: /home/sauce/ros2_ws/install/point_lio/share/point_lio/config/unilidar_l1.yaml\n'}
[84.661610] (point_lio) StdoutLine: {'line': b'-- Symlinking: /home/sauce/ros2_ws/install/point_lio/share/point_lio/config/unilidar_l2.yaml\n'}
[84.681153] (point_lio) StdoutLine: {'line': b'-- Symlinking: /home/sauce/ros2_ws/install/point_lio/share/point_lio/config/velody16.yaml\n'}
[84.695546] (-) TimerEvent: {}
[84.696715] (point_lio) StdoutLine: {'line': b'-- Symlinking: /home/sauce/ros2_ws/install/point_lio/share/point_lio/launch/correct_odom_unilidar_l1.launch.py\n'}
[84.709695] (point_lio) StdoutLine: {'line': b'-- Symlinking: /home/sauce/ros2_ws/install/point_lio/share/point_lio/launch/correct_odom_unilidar_l2.launch.py\n'}
[84.723081] (point_lio) StdoutLine: {'line': b'-- Symlinking: /home/sauce/ros2_ws/install/point_lio/share/point_lio/launch/gdb_debug_example.launch.py\n'}
[84.737408] (point_lio) StdoutLine: {'line': b'-- Symlinking: /home/sauce/ros2_ws/install/point_lio/share/point_lio/launch/mapping_avia.launch.py\n'}
[84.751573] (point_lio) StdoutLine: {'line': b'-- Symlinking: /home/sauce/ros2_ws/install/point_lio/share/point_lio/launch/mapping_horizon.launch.py\n'}
[84.765621] (point_lio) StdoutLine: {'line': b'-- Symlinking: /home/sauce/ros2_ws/install/point_lio/share/point_lio/launch/mapping_mid360.launch.py\n'}
[84.779437] (point_lio) StdoutLine: {'line': b'-- Symlinking: /home/sauce/ros2_ws/install/point_lio/share/point_lio/launch/mapping_ouster64.launch.py\n'}
[84.793531] (point_lio) StdoutLine: {'line': b'-- Symlinking: /home/sauce/ros2_ws/install/point_lio/share/point_lio/launch/mapping_unilidar_l1.launch.py\n'}
[84.795624] (-) TimerEvent: {}
[84.807716] (point_lio) StdoutLine: {'line': b'-- Symlinking: /home/sauce/ros2_ws/install/point_lio/share/point_lio/launch/mapping_unilidar_l2.launch.py\n'}
[84.821872] (point_lio) StdoutLine: {'line': b'-- Symlinking: /home/sauce/ros2_ws/install/point_lio/share/point_lio/launch/mapping_velody16.launch.py\n'}
[84.837077] (point_lio) StdoutLine: {'line': b'-- Symlinking: /home/sauce/ros2_ws/install/point_lio/share/point_lio/rviz_cfg/loam_livox.rviz\n'}
[84.852460] (point_lio) StdoutLine: {'line': b'-- Symlinking: /home/sauce/ros2_ws/install/point_lio/share/ament_index/resource_index/package_run_dependencies/point_lio\n'}
[84.868072] (point_lio) StdoutLine: {'line': b'-- Symlinking: /home/sauce/ros2_ws/install/point_lio/share/ament_index/resource_index/parent_prefix_path/point_lio\n'}
[84.881603] (point_lio) StdoutLine: {'line': b'-- Symlinking: /home/sauce/ros2_ws/install/point_lio/share/point_lio/environment/ament_prefix_path.sh\n'}
[84.895825] (-) TimerEvent: {}
[84.896473] (point_lio) StdoutLine: {'line': b'-- Symlinking: /home/sauce/ros2_ws/install/point_lio/share/point_lio/environment/ament_prefix_path.dsv\n'}
[84.911419] (point_lio) StdoutLine: {'line': b'-- Symlinking: /home/sauce/ros2_ws/install/point_lio/share/point_lio/environment/path.sh\n'}
[84.925736] (point_lio) StdoutLine: {'line': b'-- Symlinking: /home/sauce/ros2_ws/install/point_lio/share/point_lio/environment/path.dsv\n'}
[84.938819] (point_lio) StdoutLine: {'line': b'-- Symlinking: /home/sauce/ros2_ws/install/point_lio/share/point_lio/local_setup.bash\n'}
[84.953528] (point_lio) StdoutLine: {'line': b'-- Symlinking: /home/sauce/ros2_ws/install/point_lio/share/point_lio/local_setup.sh\n'}
[84.968706] (point_lio) StdoutLine: {'line': b'-- Symlinking: /home/sauce/ros2_ws/install/point_lio/share/point_lio/local_setup.zsh\n'}
[84.983189] (point_lio) StdoutLine: {'line': b'-- Symlinking: /home/sauce/ros2_ws/install/point_lio/share/point_lio/local_setup.dsv\n'}
[84.995948] (-) TimerEvent: {}
[84.997231] (point_lio) StdoutLine: {'line': b'-- Symlinking: /home/sauce/ros2_ws/install/point_lio/share/point_lio/package.dsv\n'}
[85.010570] (point_lio) StdoutLine: {'line': b'-- Symlinking: /home/sauce/ros2_ws/install/point_lio/share/ament_index/resource_index/packages/point_lio\n'}
[85.025013] (point_lio) StdoutLine: {'line': b'-- Symlinking: /home/sauce/ros2_ws/install/point_lio/share/point_lio/cmake/ament_cmake_export_dependencies-extras.cmake\n'}
[85.040226] (point_lio) StdoutLine: {'line': b'-- Symlinking: /home/sauce/ros2_ws/install/point_lio/share/point_lio/cmake/point_lioConfig.cmake\n'}
[85.052822] (point_lio) StdoutLine: {'line': b'-- Symlinking: /home/sauce/ros2_ws/install/point_lio/share/point_lio/cmake/point_lioConfig-version.cmake\n'}
[85.065654] (point_lio) StdoutLine: {'line': b'-- Symlinking: /home/sauce/ros2_ws/install/point_lio/share/point_lio/package.xml\n'}
[85.085416] (point_lio) CommandEnded: {'returncode': 0}
[85.096072] (-) TimerEvent: {}
[85.134404] (point_lio) JobEnded: {'identifier': 'point_lio', 'rc': 0}
[85.136453] (-) EventReactorShutdown: {}
