[0.000000] (-) TimerEvent: {}
[0.000909] (cloud_header_fixer) JobQueued: {'identifier': 'cloud_header_fixer', 'dependencies': OrderedDict()}
[0.001120] (point_lio) JobQueued: {'identifier': 'point_lio', 'dependencies': OrderedDict()}
[0.001206] (unitree_lidar_ros2) JobQueued: {'identifier': 'unitree_lidar_ros2', 'dependencies': OrderedDict()}
[0.001331] (unitree_lidar_sdk) JobQueued: {'identifier': 'unitree_lidar_sdk', 'dependencies': OrderedDict()}
[0.001401] (cloud_header_fixer) JobStarted: {'identifier': 'cloud_header_fixer'}
[0.012248] (point_lio) JobStarted: {'identifier': 'point_lio'}
[0.017272] (unitree_lidar_ros2) JobStarted: {'identifier': 'unitree_lidar_ros2'}
[0.022438] (unitree_lidar_sdk) JobStarted: {'identifier': 'unitree_lidar_sdk'}
[0.099395] (-) TimerEvent: {}
[0.199908] (-) TimerEvent: {}
[0.300395] (-) TimerEvent: {}
[0.392925] (point_lio) JobProgress: {'identifier': 'point_lio', 'progress': 'cmake'}
[0.395804] (point_lio) JobProgress: {'identifier': 'point_lio', 'progress': 'build'}
[0.398630] (point_lio) Command: {'cmd': ['/usr/bin/cmake', '--build', '/home/sauce/ros2_ws/build/point_lio', '--', '-j12', '-l12'], 'cwd': '/home/sauce/ros2_ws/build/point_lio', 'env': OrderedDict([('USER', 'sauce'), ('SSH_CLIENT', '192.168.0.42 59909 22'), ('XDG_SESSION_TYPE', 'tty'), ('SHLVL', '1'), ('LD_LIBRARY_PATH', '/opt/ros/humble/opt/rviz_ogre_vendor/lib:/opt/ros/humble/lib/aarch64-linux-gnu:/opt/ros/humble/lib'), ('MOTD_SHOWN', 'pam'), ('HOME', '/home/sauce'), ('OLDPWD', '/home/sauce'), ('SSH_TTY', '/dev/pts/2'), ('ROS_PYTHON_VERSION', '3'), ('DBUS_SESSION_BUS_ADDRESS', 'unix:path=/run/user/1000/bus'), ('COLCON_PREFIX_PATH', '/home/sauce/ros2_ws/install'), ('ROS_DISTRO', 'humble'), ('LOGNAME', 'sauce'), ('_', '/usr/bin/colcon'), ('ROS_VERSION', '2'), ('XDG_SESSION_CLASS', 'user'), ('TERM', 'xterm'), ('XDG_SESSION_ID', '35'), ('ROS_LOCALHOST_ONLY', '0'), ('PATH', '/home/sauce/.local/bin:/opt/ros/humble/bin:/usr/local/sbin:/usr/local/bin:/usr/sbin:/usr/bin:/sbin:/bin:/usr/games:/usr/local/games:/snap/bin'), ('XDG_RUNTIME_DIR', '/run/user/1000'), ('DISPLAY', 'localhost:11.0'), ('LANG', 'en_US.UTF-8'), ('RMW_IMPLEMENTATION', 'rmw_fastrtps_cpp'), ('AMENT_PREFIX_PATH', '/home/sauce/ros2_ws/install/unitree_lidar_ros2:/home/sauce/ros2_ws/install/point_lio:/home/sauce/ros2_ws/install/cloud_header_fixer:/opt/ros/humble'), ('SHELL', '/bin/bash'), ('PWD', '/home/sauce/ros2_ws/build/point_lio'), ('LC_ALL', 'en_US.UTF-8'), ('SSH_CONNECTION', '192.168.0.42 59909 192.168.0.152 22'), ('XDG_DATA_DIRS', '/usr/share/gnome:/usr/local/share:/usr/share:/var/lib/snapd/desktop'), ('PYTHONPATH', '/home/sauce/ros2_ws/build/cloud_header_fixer:/home/sauce/ros2_ws/install/cloud_header_fixer/lib/python3.10/site-packages:/opt/ros/humble/lib/python3.10/site-packages:/opt/ros/humble/local/lib/python3.10/dist-packages'), ('COLCON', '1'), ('CMAKE_PREFIX_PATH', '/home/sauce/ros2_ws/install/unitree_lidar_ros2:/home/sauce/ros2_ws/install/point_lio:/home/sauce/ros2_ws/install/cloud_header_fixer:/opt/ros/humble')]), 'shell': False}
[0.402497] (-) TimerEvent: {}
[0.406798] (unitree_lidar_ros2) JobProgress: {'identifier': 'unitree_lidar_ros2', 'progress': 'cmake'}
[0.409610] (unitree_lidar_ros2) JobProgress: {'identifier': 'unitree_lidar_ros2', 'progress': 'build'}
[0.410944] (unitree_lidar_ros2) Command: {'cmd': ['/usr/bin/cmake', '--build', '/home/sauce/ros2_ws/build/unitree_lidar_ros2', '--', '-j12', '-l12'], 'cwd': '/home/sauce/ros2_ws/build/unitree_lidar_ros2', 'env': OrderedDict([('USER', 'sauce'), ('SSH_CLIENT', '192.168.0.42 59909 22'), ('XDG_SESSION_TYPE', 'tty'), ('SHLVL', '1'), ('LD_LIBRARY_PATH', '/opt/ros/humble/opt/rviz_ogre_vendor/lib:/opt/ros/humble/lib/aarch64-linux-gnu:/opt/ros/humble/lib'), ('MOTD_SHOWN', 'pam'), ('HOME', '/home/sauce'), ('OLDPWD', '/home/sauce'), ('SSH_TTY', '/dev/pts/2'), ('ROS_PYTHON_VERSION', '3'), ('DBUS_SESSION_BUS_ADDRESS', 'unix:path=/run/user/1000/bus'), ('COLCON_PREFIX_PATH', '/home/sauce/ros2_ws/install'), ('ROS_DISTRO', 'humble'), ('LOGNAME', 'sauce'), ('_', '/usr/bin/colcon'), ('ROS_VERSION', '2'), ('XDG_SESSION_CLASS', 'user'), ('TERM', 'xterm'), ('XDG_SESSION_ID', '35'), ('ROS_LOCALHOST_ONLY', '0'), ('PATH', '/home/sauce/.local/bin:/opt/ros/humble/bin:/usr/local/sbin:/usr/local/bin:/usr/sbin:/usr/bin:/sbin:/bin:/usr/games:/usr/local/games:/snap/bin'), ('XDG_RUNTIME_DIR', '/run/user/1000'), ('DISPLAY', 'localhost:11.0'), ('LANG', 'en_US.UTF-8'), ('RMW_IMPLEMENTATION', 'rmw_fastrtps_cpp'), ('AMENT_PREFIX_PATH', '/home/sauce/ros2_ws/install/unitree_lidar_ros2:/home/sauce/ros2_ws/install/point_lio:/home/sauce/ros2_ws/install/cloud_header_fixer:/opt/ros/humble'), ('SHELL', '/bin/bash'), ('PWD', '/home/sauce/ros2_ws/build/unitree_lidar_ros2'), ('LC_ALL', 'en_US.UTF-8'), ('SSH_CONNECTION', '192.168.0.42 59909 192.168.0.152 22'), ('XDG_DATA_DIRS', '/usr/share/gnome:/usr/local/share:/usr/share:/var/lib/snapd/desktop'), ('PYTHONPATH', '/home/sauce/ros2_ws/build/cloud_header_fixer:/home/sauce/ros2_ws/install/cloud_header_fixer/lib/python3.10/site-packages:/opt/ros/humble/lib/python3.10/site-packages:/opt/ros/humble/local/lib/python3.10/dist-packages'), ('COLCON', '1'), ('CMAKE_PREFIX_PATH', '/home/sauce/ros2_ws/install/unitree_lidar_ros2:/home/sauce/ros2_ws/install/point_lio:/home/sauce/ros2_ws/install/cloud_header_fixer:/opt/ros/humble')]), 'shell': False}
[0.417248] (unitree_lidar_sdk) JobProgress: {'identifier': 'unitree_lidar_sdk', 'progress': 'cmake'}
[0.417960] (unitree_lidar_sdk) JobProgress: {'identifier': 'unitree_lidar_sdk', 'progress': 'build'}
[0.418231] (unitree_lidar_sdk) Command: {'cmd': ['/usr/bin/cmake', '--build', '/home/sauce/ros2_ws/build/unitree_lidar_sdk', '--', '-j12', '-l12'], 'cwd': '/home/sauce/ros2_ws/build/unitree_lidar_sdk', 'env': OrderedDict([('USER', 'sauce'), ('SSH_CLIENT', '192.168.0.42 59909 22'), ('XDG_SESSION_TYPE', 'tty'), ('SHLVL', '1'), ('LD_LIBRARY_PATH', '/opt/ros/humble/opt/rviz_ogre_vendor/lib:/opt/ros/humble/lib/aarch64-linux-gnu:/opt/ros/humble/lib'), ('MOTD_SHOWN', 'pam'), ('HOME', '/home/sauce'), ('OLDPWD', '/home/sauce'), ('SSH_TTY', '/dev/pts/2'), ('ROS_PYTHON_VERSION', '3'), ('DBUS_SESSION_BUS_ADDRESS', 'unix:path=/run/user/1000/bus'), ('COLCON_PREFIX_PATH', '/home/sauce/ros2_ws/install'), ('ROS_DISTRO', 'humble'), ('LOGNAME', 'sauce'), ('_', '/usr/bin/colcon'), ('ROS_VERSION', '2'), ('XDG_SESSION_CLASS', 'user'), ('TERM', 'xterm'), ('XDG_SESSION_ID', '35'), ('ROS_LOCALHOST_ONLY', '0'), ('PATH', '/home/sauce/.local/bin:/opt/ros/humble/bin:/usr/local/sbin:/usr/local/bin:/usr/sbin:/usr/bin:/sbin:/bin:/usr/games:/usr/local/games:/snap/bin'), ('XDG_RUNTIME_DIR', '/run/user/1000'), ('DISPLAY', 'localhost:11.0'), ('LANG', 'en_US.UTF-8'), ('RMW_IMPLEMENTATION', 'rmw_fastrtps_cpp'), ('AMENT_PREFIX_PATH', '/home/sauce/ros2_ws/install/unitree_lidar_ros2:/home/sauce/ros2_ws/install/point_lio:/home/sauce/ros2_ws/install/cloud_header_fixer:/opt/ros/humble'), ('SHELL', '/bin/bash'), ('PWD', '/home/sauce/ros2_ws/build/unitree_lidar_sdk'), ('LC_ALL', 'en_US.UTF-8'), ('SSH_CONNECTION', '192.168.0.42 59909 192.168.0.152 22'), ('XDG_DATA_DIRS', '/usr/share/gnome:/usr/local/share:/usr/share:/var/lib/snapd/desktop'), ('PYTHONPATH', '/home/sauce/ros2_ws/build/cloud_header_fixer:/home/sauce/ros2_ws/install/cloud_header_fixer/lib/python3.10/site-packages:/opt/ros/humble/lib/python3.10/site-packages:/opt/ros/humble/local/lib/python3.10/dist-packages'), ('COLCON', '1'), ('CMAKE_PREFIX_PATH', '/home/sauce/ros2_ws/install/unitree_lidar_ros2:/home/sauce/ros2_ws/install/point_lio')]), 'shell': False}
[0.479388] (unitree_lidar_sdk) StdoutLine: {'line': b'[100%] Built target example_lidar_serial\n'}
[0.479799] (unitree_lidar_sdk) StdoutLine: {'line': b'[100%] Built target set_to_serial_mode\n'}
[0.479927] (unitree_lidar_sdk) StdoutLine: {'line': b'[100%] Built target set_to_udp_mode\n'}
[0.480032] (unitree_lidar_sdk) StdoutLine: {'line': b'[100%] Built target set_ip_address\n'}
[0.480130] (unitree_lidar_sdk) StdoutLine: {'line': b'[100%] Built target example_lidar_udp\n'}
[0.495580] (unitree_lidar_sdk) CommandEnded: {'returncode': 0}
[0.502623] (-) TimerEvent: {}
[0.509373] (unitree_lidar_sdk) JobEnded: {'identifier': 'unitree_lidar_sdk', 'rc': 0}
[0.510457] (unitree_lidar_ros2) StdoutLine: {'line': b'[100%] Built target unitree_lidar_ros2_node\n'}
[0.518528] (point_lio) StdoutLine: {'line': b'[100%] Built target pointlio_mapping\n'}
[0.528907] (unitree_lidar_ros2) CommandEnded: {'returncode': 0}
[0.530686] (unitree_lidar_ros2) JobProgress: {'identifier': 'unitree_lidar_ros2', 'progress': 'install'}
[0.545021] (unitree_lidar_ros2) Command: {'cmd': ['/usr/bin/cmake', '--install', '/home/sauce/ros2_ws/build/unitree_lidar_ros2'], 'cwd': '/home/sauce/ros2_ws/build/unitree_lidar_ros2', 'env': OrderedDict([('USER', 'sauce'), ('SSH_CLIENT', '192.168.0.42 59909 22'), ('XDG_SESSION_TYPE', 'tty'), ('SHLVL', '1'), ('LD_LIBRARY_PATH', '/opt/ros/humble/opt/rviz_ogre_vendor/lib:/opt/ros/humble/lib/aarch64-linux-gnu:/opt/ros/humble/lib'), ('MOTD_SHOWN', 'pam'), ('HOME', '/home/sauce'), ('OLDPWD', '/home/sauce'), ('SSH_TTY', '/dev/pts/2'), ('ROS_PYTHON_VERSION', '3'), ('DBUS_SESSION_BUS_ADDRESS', 'unix:path=/run/user/1000/bus'), ('COLCON_PREFIX_PATH', '/home/sauce/ros2_ws/install'), ('ROS_DISTRO', 'humble'), ('LOGNAME', 'sauce'), ('_', '/usr/bin/colcon'), ('ROS_VERSION', '2'), ('XDG_SESSION_CLASS', 'user'), ('TERM', 'xterm'), ('XDG_SESSION_ID', '35'), ('ROS_LOCALHOST_ONLY', '0'), ('PATH', '/home/sauce/.local/bin:/opt/ros/humble/bin:/usr/local/sbin:/usr/local/bin:/usr/sbin:/usr/bin:/sbin:/bin:/usr/games:/usr/local/games:/snap/bin'), ('XDG_RUNTIME_DIR', '/run/user/1000'), ('DISPLAY', 'localhost:11.0'), ('LANG', 'en_US.UTF-8'), ('RMW_IMPLEMENTATION', 'rmw_fastrtps_cpp'), ('AMENT_PREFIX_PATH', '/home/sauce/ros2_ws/install/unitree_lidar_ros2:/home/sauce/ros2_ws/install/point_lio:/home/sauce/ros2_ws/install/cloud_header_fixer:/opt/ros/humble'), ('SHELL', '/bin/bash'), ('PWD', '/home/sauce/ros2_ws/build/unitree_lidar_ros2'), ('LC_ALL', 'en_US.UTF-8'), ('SSH_CONNECTION', '192.168.0.42 59909 192.168.0.152 22'), ('XDG_DATA_DIRS', '/usr/share/gnome:/usr/local/share:/usr/share:/var/lib/snapd/desktop'), ('PYTHONPATH', '/home/sauce/ros2_ws/build/cloud_header_fixer:/home/sauce/ros2_ws/install/cloud_header_fixer/lib/python3.10/site-packages:/opt/ros/humble/lib/python3.10/site-packages:/opt/ros/humble/local/lib/python3.10/dist-packages'), ('COLCON', '1'), ('CMAKE_PREFIX_PATH', '/home/sauce/ros2_ws/install/unitree_lidar_ros2:/home/sauce/ros2_ws/install/point_lio:/home/sauce/ros2_ws/install/cloud_header_fixer:/opt/ros/humble')]), 'shell': False}
[0.549022] (point_lio) CommandEnded: {'returncode': 0}
[0.549970] (point_lio) JobProgress: {'identifier': 'point_lio', 'progress': 'install'}
[0.550756] (point_lio) Command: {'cmd': ['/usr/bin/cmake', '--install', '/home/sauce/ros2_ws/build/point_lio'], 'cwd': '/home/sauce/ros2_ws/build/point_lio', 'env': OrderedDict([('USER', 'sauce'), ('SSH_CLIENT', '192.168.0.42 59909 22'), ('XDG_SESSION_TYPE', 'tty'), ('SHLVL', '1'), ('LD_LIBRARY_PATH', '/opt/ros/humble/opt/rviz_ogre_vendor/lib:/opt/ros/humble/lib/aarch64-linux-gnu:/opt/ros/humble/lib'), ('MOTD_SHOWN', 'pam'), ('HOME', '/home/sauce'), ('OLDPWD', '/home/sauce'), ('SSH_TTY', '/dev/pts/2'), ('ROS_PYTHON_VERSION', '3'), ('DBUS_SESSION_BUS_ADDRESS', 'unix:path=/run/user/1000/bus'), ('COLCON_PREFIX_PATH', '/home/sauce/ros2_ws/install'), ('ROS_DISTRO', 'humble'), ('LOGNAME', 'sauce'), ('_', '/usr/bin/colcon'), ('ROS_VERSION', '2'), ('XDG_SESSION_CLASS', 'user'), ('TERM', 'xterm'), ('XDG_SESSION_ID', '35'), ('ROS_LOCALHOST_ONLY', '0'), ('PATH', '/home/sauce/.local/bin:/opt/ros/humble/bin:/usr/local/sbin:/usr/local/bin:/usr/sbin:/usr/bin:/sbin:/bin:/usr/games:/usr/local/games:/snap/bin'), ('XDG_RUNTIME_DIR', '/run/user/1000'), ('DISPLAY', 'localhost:11.0'), ('LANG', 'en_US.UTF-8'), ('RMW_IMPLEMENTATION', 'rmw_fastrtps_cpp'), ('AMENT_PREFIX_PATH', '/home/sauce/ros2_ws/install/unitree_lidar_ros2:/home/sauce/ros2_ws/install/point_lio:/home/sauce/ros2_ws/install/cloud_header_fixer:/opt/ros/humble'), ('SHELL', '/bin/bash'), ('PWD', '/home/sauce/ros2_ws/build/point_lio'), ('LC_ALL', 'en_US.UTF-8'), ('SSH_CONNECTION', '192.168.0.42 59909 192.168.0.152 22'), ('XDG_DATA_DIRS', '/usr/share/gnome:/usr/local/share:/usr/share:/var/lib/snapd/desktop'), ('PYTHONPATH', '/home/sauce/ros2_ws/build/cloud_header_fixer:/home/sauce/ros2_ws/install/cloud_header_fixer/lib/python3.10/site-packages:/opt/ros/humble/lib/python3.10/site-packages:/opt/ros/humble/local/lib/python3.10/dist-packages'), ('COLCON', '1'), ('CMAKE_PREFIX_PATH', '/home/sauce/ros2_ws/install/unitree_lidar_ros2:/home/sauce/ros2_ws/install/point_lio:/home/sauce/ros2_ws/install/cloud_header_fixer:/opt/ros/humble')]), 'shell': False}
[0.557926] (unitree_lidar_ros2) StdoutLine: {'line': b'-- Install configuration: ""\n'}
[0.558683] (unitree_lidar_ros2) StdoutLine: {'line': b'-- Execute custom install script\n'}
[0.559182] (unitree_lidar_ros2) StdoutLine: {'line': b'-- Up-to-date symlink: /home/sauce/ros2_ws/install/unitree_lidar_ros2/lib/unitree_lidar_ros2/unitree_lidar_ros2_node\n'}
[0.559454] (unitree_lidar_ros2) StdoutLine: {'line': b'-- Up-to-date symlink: /home/sauce/ros2_ws/install/unitree_lidar_ros2/share/unitree_lidar_ros2/view.rviz\n'}
[0.559631] (unitree_lidar_ros2) StdoutLine: {'line': b'-- Up-to-date symlink: /home/sauce/ros2_ws/install/unitree_lidar_ros2/share/unitree_lidar_ros2/launch.py\n'}
[0.559952] (unitree_lidar_ros2) StdoutLine: {'line': b'-- Up-to-date symlink: /home/sauce/ros2_ws/install/unitree_lidar_ros2/share/ament_index/resource_index/package_run_dependencies/unitree_lidar_ros2\n'}
[0.560223] (unitree_lidar_ros2) StdoutLine: {'line': b'-- Up-to-date symlink: /home/sauce/ros2_ws/install/unitree_lidar_ros2/share/ament_index/resource_index/parent_prefix_path/unitree_lidar_ros2\n'}
[0.560469] (unitree_lidar_ros2) StdoutLine: {'line': b'-- Up-to-date symlink: /home/sauce/ros2_ws/install/unitree_lidar_ros2/share/unitree_lidar_ros2/environment/ament_prefix_path.sh\n'}
[0.560700] (unitree_lidar_ros2) StdoutLine: {'line': b'-- Up-to-date symlink: /home/sauce/ros2_ws/install/unitree_lidar_ros2/share/unitree_lidar_ros2/environment/ament_prefix_path.dsv\n'}
[0.560950] (unitree_lidar_ros2) StdoutLine: {'line': b'-- Up-to-date symlink: /home/sauce/ros2_ws/install/unitree_lidar_ros2/share/unitree_lidar_ros2/environment/path.sh\n'}
[0.561185] (unitree_lidar_ros2) StdoutLine: {'line': b'-- Up-to-date symlink: /home/sauce/ros2_ws/install/unitree_lidar_ros2/share/unitree_lidar_ros2/environment/path.dsv\n'}
[0.561410] (unitree_lidar_ros2) StdoutLine: {'line': b'-- Up-to-date symlink: /home/sauce/ros2_ws/install/unitree_lidar_ros2/share/unitree_lidar_ros2/local_setup.bash\n'}
[0.561638] (unitree_lidar_ros2) StdoutLine: {'line': b'-- Up-to-date symlink: /home/sauce/ros2_ws/install/unitree_lidar_ros2/share/unitree_lidar_ros2/local_setup.sh\n'}
[0.561863] (unitree_lidar_ros2) StdoutLine: {'line': b'-- Up-to-date symlink: /home/sauce/ros2_ws/install/unitree_lidar_ros2/share/unitree_lidar_ros2/local_setup.zsh\n'}
[0.562087] (unitree_lidar_ros2) StdoutLine: {'line': b'-- Up-to-date symlink: /home/sauce/ros2_ws/install/unitree_lidar_ros2/share/unitree_lidar_ros2/local_setup.dsv\n'}
[0.562267] (unitree_lidar_ros2) StdoutLine: {'line': b'-- Symlinking: /home/sauce/ros2_ws/install/unitree_lidar_ros2/share/unitree_lidar_ros2/package.dsv\n'}
[0.563852] (point_lio) StdoutLine: {'line': b'-- Install configuration: ""\n'}
[0.564623] (point_lio) StdoutLine: {'line': b'-- Execute custom install script\n'}
[0.565122] (point_lio) StdoutLine: {'line': b'-- Up-to-date symlink: /home/sauce/ros2_ws/install/point_lio/lib/point_lio/pointlio_mapping\n'}
[0.565758] (point_lio) StdoutLine: {'line': b'-- Up-to-date symlink: /home/sauce/ros2_ws/install/point_lio/share/point_lio/config/avia.yaml\n'}
[0.565927] (point_lio) StdoutLine: {'line': b'-- Up-to-date symlink: /home/sauce/ros2_ws/install/point_lio/share/point_lio/config/horizon.yaml\n'}
[0.566094] (point_lio) StdoutLine: {'line': b'-- Up-to-date symlink: /home/sauce/ros2_ws/install/point_lio/share/point_lio/config/mid360.yaml\n'}
[0.566276] (point_lio) StdoutLine: {'line': b'-- Up-to-date symlink: /home/sauce/ros2_ws/install/point_lio/share/point_lio/config/ouster64.yaml\n'}
[0.566476] (point_lio) StdoutLine: {'line': b'-- Up-to-date symlink: /home/sauce/ros2_ws/install/point_lio/share/point_lio/config/unilidar_l1.yaml\n'}
[0.566657] (point_lio) StdoutLine: {'line': b'-- Up-to-date symlink: /home/sauce/ros2_ws/install/point_lio/share/point_lio/config/unilidar_l2.yaml\n'}
[0.566807] (point_lio) StdoutLine: {'line': b'-- Up-to-date symlink: /home/sauce/ros2_ws/install/point_lio/share/point_lio/config/velody16.yaml\n'}
[0.567256] (point_lio) StdoutLine: {'line': b'-- Up-to-date symlink: /home/sauce/ros2_ws/install/point_lio/share/point_lio/launch/correct_odom_unilidar_l1.launch.py\n'}
[0.567429] (point_lio) StdoutLine: {'line': b'-- Up-to-date symlink: /home/sauce/ros2_ws/install/point_lio/share/point_lio/launch/correct_odom_unilidar_l2.launch.py\n'}
[0.567598] (point_lio) StdoutLine: {'line': b'-- Up-to-date symlink: /home/sauce/ros2_ws/install/point_lio/share/point_lio/launch/gdb_debug_example.launch.py\n'}
[0.567806] (point_lio) StdoutLine: {'line': b'-- Up-to-date symlink: /home/sauce/ros2_ws/install/point_lio/share/point_lio/launch/mapping_avia.launch.py\n'}
[0.568247] (point_lio) StdoutLine: {'line': b'-- Up-to-date symlink: /home/sauce/ros2_ws/install/point_lio/share/point_lio/launch/mapping_horizon.launch.py\n'}
[0.568411] (point_lio) StdoutLine: {'line': b'-- Up-to-date symlink: /home/sauce/ros2_ws/install/point_lio/share/point_lio/launch/mapping_mid360.launch.py\n'}
[0.568562] (point_lio) StdoutLine: {'line': b'-- Up-to-date symlink: /home/sauce/ros2_ws/install/point_lio/share/point_lio/launch/mapping_ouster64.launch.py\n'}
[0.568706] (point_lio) StdoutLine: {'line': b'-- Up-to-date symlink: /home/sauce/ros2_ws/install/point_lio/share/point_lio/launch/mapping_unilidar_l1.launch.py\n'}
[0.568833] (point_lio) StdoutLine: {'line': b'-- Up-to-date symlink: /home/sauce/ros2_ws/install/point_lio/share/point_lio/launch/mapping_unilidar_l2.launch.py\n'}
[0.568983] (point_lio) StdoutLine: {'line': b'-- Up-to-date symlink: /home/sauce/ros2_ws/install/point_lio/share/point_lio/launch/mapping_velody16.launch.py\n'}
[0.569133] (point_lio) StdoutLine: {'line': b'-- Up-to-date symlink: /home/sauce/ros2_ws/install/point_lio/share/point_lio/rviz_cfg/loam_livox.rviz\n'}
[0.569447] (point_lio) StdoutLine: {'line': b'-- Up-to-date symlink: /home/sauce/ros2_ws/install/point_lio/share/ament_index/resource_index/package_run_dependencies/point_lio\n'}
[0.569720] (point_lio) StdoutLine: {'line': b'-- Up-to-date symlink: /home/sauce/ros2_ws/install/point_lio/share/ament_index/resource_index/parent_prefix_path/point_lio\n'}
[0.570009] (point_lio) StdoutLine: {'line': b'-- Up-to-date symlink: /home/sauce/ros2_ws/install/point_lio/share/point_lio/environment/ament_prefix_path.sh\n'}
[0.570241] (point_lio) StdoutLine: {'line': b'-- Up-to-date symlink: /home/sauce/ros2_ws/install/point_lio/share/point_lio/environment/ament_prefix_path.dsv\n'}
[0.570714] (point_lio) StdoutLine: {'line': b'-- Up-to-date symlink: /home/sauce/ros2_ws/install/point_lio/share/point_lio/environment/path.sh\n'}
[0.570992] (point_lio) StdoutLine: {'line': b'-- Up-to-date symlink: /home/sauce/ros2_ws/install/point_lio/share/point_lio/environment/path.dsv\n'}
[0.571214] (point_lio) StdoutLine: {'line': b'-- Up-to-date symlink: /home/sauce/ros2_ws/install/point_lio/share/point_lio/local_setup.bash\n'}
[0.571437] (point_lio) StdoutLine: {'line': b'-- Up-to-date symlink: /home/sauce/ros2_ws/install/point_lio/share/point_lio/local_setup.sh\n'}
[0.571685] (point_lio) StdoutLine: {'line': b'-- Up-to-date symlink: /home/sauce/ros2_ws/install/point_lio/share/point_lio/local_setup.zsh\n'}
[0.571898] (point_lio) StdoutLine: {'line': b'-- Up-to-date symlink: /home/sauce/ros2_ws/install/point_lio/share/point_lio/local_setup.dsv\n'}
[0.572084] (point_lio) StdoutLine: {'line': b'-- Symlinking: /home/sauce/ros2_ws/install/point_lio/share/point_lio/package.dsv\n'}
[0.576664] (unitree_lidar_ros2) StdoutLine: {'line': b'-- Up-to-date symlink: /home/sauce/ros2_ws/install/unitree_lidar_ros2/share/ament_index/resource_index/packages/unitree_lidar_ros2\n'}
[0.576950] (unitree_lidar_ros2) StdoutLine: {'line': b'-- Up-to-date symlink: /home/sauce/ros2_ws/install/unitree_lidar_ros2/share/unitree_lidar_ros2/cmake/unitree_lidar_ros2Config.cmake\n'}
[0.577115] (unitree_lidar_ros2) StdoutLine: {'line': b'-- Up-to-date symlink: /home/sauce/ros2_ws/install/unitree_lidar_ros2/share/unitree_lidar_ros2/cmake/unitree_lidar_ros2Config-version.cmake\n'}
[0.577259] (unitree_lidar_ros2) StdoutLine: {'line': b'-- Up-to-date symlink: /home/sauce/ros2_ws/install/unitree_lidar_ros2/share/unitree_lidar_ros2/package.xml\n'}
[0.577622] (unitree_lidar_ros2) StdoutLine: {'line': b'-- Up-to-date symlink: /home/sauce/ros2_ws/install/unitree_lidar_ros2/lib/unitree_lidar_ros2/unitree_lidar_ros2_node\n'}
[0.580852] (unitree_lidar_ros2) CommandEnded: {'returncode': 0}
[0.585365] (point_lio) StdoutLine: {'line': b'-- Up-to-date symlink: /home/sauce/ros2_ws/install/point_lio/share/ament_index/resource_index/packages/point_lio\n'}
[0.585773] (point_lio) StdoutLine: {'line': b'-- Up-to-date symlink: /home/sauce/ros2_ws/install/point_lio/share/point_lio/cmake/ament_cmake_export_dependencies-extras.cmake\n'}
[0.586676] (point_lio) StdoutLine: {'line': b'-- Up-to-date symlink: /home/sauce/ros2_ws/install/point_lio/share/point_lio/cmake/point_lioConfig.cmake\n'}
[0.587257] (point_lio) StdoutLine: {'line': b'-- Up-to-date symlink: /home/sauce/ros2_ws/install/point_lio/share/point_lio/cmake/point_lioConfig-version.cmake\n'}
[0.587564] (point_lio) StdoutLine: {'line': b'-- Up-to-date symlink: /home/sauce/ros2_ws/install/point_lio/share/point_lio/package.xml\n'}
[0.603315] (-) TimerEvent: {}
[0.623540] (unitree_lidar_ros2) JobEnded: {'identifier': 'unitree_lidar_ros2', 'rc': 0}
[0.627513] (point_lio) CommandEnded: {'returncode': 0}
[0.662400] (point_lio) JobEnded: {'identifier': 'point_lio', 'rc': 0}
[0.703427] (-) TimerEvent: {}
[0.803890] (-) TimerEvent: {}
[0.889699] (cloud_header_fixer) Command: {'cmd': ['/usr/bin/python3', '-W', 'ignore:setup.py install is deprecated', '-W', 'ignore:easy_install command is deprecated', 'setup.py', 'develop', '--editable', '--build-directory', '/home/sauce/ros2_ws/build/cloud_header_fixer/build', '--no-deps', 'symlink_data'], 'cwd': '/home/sauce/ros2_ws/build/cloud_header_fixer', 'env': {'USER': 'sauce', 'SSH_CLIENT': '192.168.0.42 59909 22', 'XDG_SESSION_TYPE': 'tty', 'SHLVL': '1', 'LD_LIBRARY_PATH': '/opt/ros/humble/opt/rviz_ogre_vendor/lib:/opt/ros/humble/lib/aarch64-linux-gnu:/opt/ros/humble/lib', 'MOTD_SHOWN': 'pam', 'HOME': '/home/sauce', 'OLDPWD': '/home/sauce', 'SSH_TTY': '/dev/pts/2', 'ROS_PYTHON_VERSION': '3', 'DBUS_SESSION_BUS_ADDRESS': 'unix:path=/run/user/1000/bus', 'COLCON_PREFIX_PATH': '/home/sauce/ros2_ws/install', 'ROS_DISTRO': 'humble', 'LOGNAME': 'sauce', '_': '/usr/bin/colcon', 'ROS_VERSION': '2', 'XDG_SESSION_CLASS': 'user', 'TERM': 'xterm', 'XDG_SESSION_ID': '35', 'ROS_LOCALHOST_ONLY': '0', 'PATH': '/home/sauce/.local/bin:/opt/ros/humble/bin:/usr/local/sbin:/usr/local/bin:/usr/sbin:/usr/bin:/sbin:/bin:/usr/games:/usr/local/games:/snap/bin', 'XDG_RUNTIME_DIR': '/run/user/1000', 'DISPLAY': 'localhost:11.0', 'LANG': 'en_US.UTF-8', 'RMW_IMPLEMENTATION': 'rmw_fastrtps_cpp', 'AMENT_PREFIX_PATH': '/home/sauce/ros2_ws/install/unitree_lidar_ros2:/home/sauce/ros2_ws/install/point_lio:/home/sauce/ros2_ws/install/cloud_header_fixer:/opt/ros/humble', 'SHELL': '/bin/bash', 'PWD': '/home/sauce/ros2_ws/build/cloud_header_fixer', 'LC_ALL': 'en_US.UTF-8', 'SSH_CONNECTION': '192.168.0.42 59909 192.168.0.152 22', 'XDG_DATA_DIRS': '/usr/share/gnome:/usr/local/share:/usr/share:/var/lib/snapd/desktop', 'PYTHONPATH': '/home/sauce/ros2_ws/build/cloud_header_fixer/prefix_override:/usr/lib/python3/dist-packages/colcon_core/task/python/colcon_distutils_commands:/home/sauce/ros2_ws/install/cloud_header_fixer/lib/python3.10/site-packages:/home/sauce/ros2_ws/build/cloud_header_fixer:/home/sauce/ros2_ws/install/cloud_header_fixer/lib/python3.10/site-packages:/opt/ros/humble/lib/python3.10/site-packages:/opt/ros/humble/local/lib/python3.10/dist-packages', 'COLCON': '1', 'CMAKE_PREFIX_PATH': '/home/sauce/ros2_ws/install/unitree_lidar_ros2:/home/sauce/ros2_ws/install/point_lio'}, 'shell': False}
[0.903974] (-) TimerEvent: {}
[1.004589] (-) TimerEvent: {}
[1.105220] (-) TimerEvent: {}
[1.205824] (-) TimerEvent: {}
[1.252340] (cloud_header_fixer) StdoutLine: {'line': b'running develop\n'}
[1.305968] (-) TimerEvent: {}
[1.406571] (-) TimerEvent: {}
[1.475231] (cloud_header_fixer) StdoutLine: {'line': b'running egg_info\n'}
[1.475803] (cloud_header_fixer) StdoutLine: {'line': b'writing cloud_header_fixer.egg-info/PKG-INFO\n'}
[1.476222] (cloud_header_fixer) StdoutLine: {'line': b'writing dependency_links to cloud_header_fixer.egg-info/dependency_links.txt\n'}
[1.476512] (cloud_header_fixer) StdoutLine: {'line': b'writing entry points to cloud_header_fixer.egg-info/entry_points.txt\n'}
[1.476851] (cloud_header_fixer) StdoutLine: {'line': b'writing requirements to cloud_header_fixer.egg-info/requires.txt\n'}
[1.477087] (cloud_header_fixer) StdoutLine: {'line': b'writing top-level names to cloud_header_fixer.egg-info/top_level.txt\n'}
[1.478989] (cloud_header_fixer) StdoutLine: {'line': b"reading manifest file 'cloud_header_fixer.egg-info/SOURCES.txt'\n"}
[1.479928] (cloud_header_fixer) StdoutLine: {'line': b"writing manifest file 'cloud_header_fixer.egg-info/SOURCES.txt'\n"}
[1.481758] (cloud_header_fixer) StdoutLine: {'line': b'running build_ext\n'}
[1.482085] (cloud_header_fixer) StdoutLine: {'line': b'Creating /home/sauce/ros2_ws/install/cloud_header_fixer/lib/python3.10/site-packages/cloud-header-fixer.egg-link (link to .)\n'}
[1.483309] (cloud_header_fixer) StdoutLine: {'line': b'Installing fix_cloud script to /home/sauce/ros2_ws/install/cloud_header_fixer/lib/cloud_header_fixer\n'}
[1.483694] (cloud_header_fixer) StdoutLine: {'line': b'\n'}
[1.484030] (cloud_header_fixer) StdoutLine: {'line': b'Installed /home/sauce/ros2_ws/build/cloud_header_fixer\n'}
[1.484271] (cloud_header_fixer) StdoutLine: {'line': b'running symlink_data\n'}
[1.506654] (-) TimerEvent: {}
[1.537550] (cloud_header_fixer) CommandEnded: {'returncode': 0}
[1.567676] (cloud_header_fixer) JobEnded: {'identifier': 'cloud_header_fixer', 'rc': 0}
[1.570117] (-) EventReactorShutdown: {}
