[0.148s] DEBUG:colcon:Command line arguments: ['/usr/bin/colcon', 'build', '--symlink-install']
[0.148s] DEBUG:colcon:Parsed command line arguments: Namespace(log_base=None, log_level=None, verb_name='build', build_base='build', install_base='install', merge_install=False, symlink_install=True, test_result_base=None, continue_on_error=False, executor='parallel', parallel_workers=12, event_handlers=None, ignore_user_meta=False, metas=['./colcon.meta'], base_paths=['.'], packages_ignore=None, packages_ignore_regex=None, paths=None, packages_up_to=None, packages_up_to_regex=None, packages_above=None, packages_above_and_dependencies=None, packages_above_depth=None, packages_select_by_dep=None, packages_skip_by_dep=None, packages_skip_up_to=None, packages_select_build_failed=False, packages_skip_build_finished=False, packages_select_test_failures=False, packages_skip_test_passed=False, packages_select=None, packages_skip=None, packages_select_regex=None, packages_skip_regex=None, packages_start=None, packages_end=None, allow_overriding=[], cmake_args=None, cmake_target=None, cmake_target_skip_unavailable=False, cmake_clean_cache=False, cmake_clean_first=False, cmake_force_configure=False, ament_cmake_args=None, catkin_cmake_args=None, catkin_skip_building_tests=False, verb_parser=<colcon_defaults.argument_parser.defaults.DefaultArgumentsDecorator object at 0xffffa4adbb80>, verb_extension=<colcon_core.verb.build.BuildVerb object at 0xffffa4adb640>, main=<bound method BuildVerb.main of <colcon_core.verb.build.BuildVerb object at 0xffffa4adb640>>)
[0.379s] Level 1:colcon.colcon_core.package_discovery:discover_packages(colcon_meta) check parameters
[0.379s] Level 1:colcon.colcon_core.package_discovery:discover_packages(recursive) check parameters
[0.379s] Level 1:colcon.colcon_core.package_discovery:discover_packages(ignore) check parameters
[0.379s] Level 1:colcon.colcon_core.package_discovery:discover_packages(path) check parameters
[0.380s] Level 1:colcon.colcon_core.package_discovery:discover_packages(colcon_meta) discover
[0.380s] Level 1:colcon.colcon_core.package_discovery:discover_packages(recursive) discover
[0.380s] INFO:colcon.colcon_core.package_discovery:Crawling recursively for packages in '/home/sauce/ros2_ws'
[0.380s] Level 1:colcon.colcon_core.package_identification:_identify(.) by extensions ['ignore', 'ignore_ament_install']
[0.380s] Level 1:colcon.colcon_core.package_identification:_identify(.) by extension 'ignore'
[0.380s] Level 1:colcon.colcon_core.package_identification:_identify(.) by extension 'ignore_ament_install'
[0.380s] Level 1:colcon.colcon_core.package_identification:_identify(.) by extensions ['colcon_pkg']
[0.380s] Level 1:colcon.colcon_core.package_identification:_identify(.) by extension 'colcon_pkg'
[0.381s] Level 1:colcon.colcon_core.package_identification:_identify(.) by extensions ['colcon_meta']
[0.381s] Level 1:colcon.colcon_core.package_identification:_identify(.) by extension 'colcon_meta'
[0.381s] Level 1:colcon.colcon_core.package_identification:_identify(.) by extensions ['ros']
[0.381s] Level 1:colcon.colcon_core.package_identification:_identify(.) by extension 'ros'
[0.396s] Level 1:colcon.colcon_core.package_identification:_identify(.) by extensions ['cmake', 'python']
[0.396s] Level 1:colcon.colcon_core.package_identification:_identify(.) by extension 'cmake'
[0.397s] Level 1:colcon.colcon_core.package_identification:_identify(.) by extension 'python'
[0.397s] Level 1:colcon.colcon_core.package_identification:_identify(.) by extensions ['python_setup_py']
[0.397s] Level 1:colcon.colcon_core.package_identification:_identify(.) by extension 'python_setup_py'
[0.397s] Level 1:colcon.colcon_core.package_identification:_identify(build) by extensions ['ignore', 'ignore_ament_install']
[0.397s] Level 1:colcon.colcon_core.package_identification:_identify(build) by extension 'ignore'
[0.397s] Level 1:colcon.colcon_core.package_identification:_identify(build) ignored
[0.397s] Level 1:colcon.colcon_core.package_identification:_identify(install) by extensions ['ignore', 'ignore_ament_install']
[0.397s] Level 1:colcon.colcon_core.package_identification:_identify(install) by extension 'ignore'
[0.397s] Level 1:colcon.colcon_core.package_identification:_identify(install) ignored
[0.398s] Level 1:colcon.colcon_core.package_identification:_identify(log) by extensions ['ignore', 'ignore_ament_install']
[0.398s] Level 1:colcon.colcon_core.package_identification:_identify(log) by extension 'ignore'
[0.398s] Level 1:colcon.colcon_core.package_identification:_identify(log) ignored
[0.398s] Level 1:colcon.colcon_core.package_identification:_identify(src) by extensions ['ignore', 'ignore_ament_install']
[0.398s] Level 1:colcon.colcon_core.package_identification:_identify(src) by extension 'ignore'
[0.398s] Level 1:colcon.colcon_core.package_identification:_identify(src) by extension 'ignore_ament_install'
[0.398s] Level 1:colcon.colcon_core.package_identification:_identify(src) by extensions ['colcon_pkg']
[0.398s] Level 1:colcon.colcon_core.package_identification:_identify(src) by extension 'colcon_pkg'
[0.398s] Level 1:colcon.colcon_core.package_identification:_identify(src) by extensions ['colcon_meta']
[0.398s] Level 1:colcon.colcon_core.package_identification:_identify(src) by extension 'colcon_meta'
[0.398s] Level 1:colcon.colcon_core.package_identification:_identify(src) by extensions ['ros']
[0.398s] Level 1:colcon.colcon_core.package_identification:_identify(src) by extension 'ros'
[0.399s] Level 1:colcon.colcon_core.package_identification:_identify(src) by extensions ['cmake', 'python']
[0.399s] Level 1:colcon.colcon_core.package_identification:_identify(src) by extension 'cmake'
[0.399s] Level 1:colcon.colcon_core.package_identification:_identify(src) by extension 'python'
[0.399s] Level 1:colcon.colcon_core.package_identification:_identify(src) by extensions ['python_setup_py']
[0.399s] Level 1:colcon.colcon_core.package_identification:_identify(src) by extension 'python_setup_py'
[0.399s] Level 1:colcon.colcon_core.package_identification:_identify(src/cloud_header_fixer) by extensions ['ignore', 'ignore_ament_install']
[0.399s] Level 1:colcon.colcon_core.package_identification:_identify(src/cloud_header_fixer) by extension 'ignore'
[0.399s] Level 1:colcon.colcon_core.package_identification:_identify(src/cloud_header_fixer) by extension 'ignore_ament_install'
[0.399s] Level 1:colcon.colcon_core.package_identification:_identify(src/cloud_header_fixer) by extensions ['colcon_pkg']
[0.399s] Level 1:colcon.colcon_core.package_identification:_identify(src/cloud_header_fixer) by extension 'colcon_pkg'
[0.399s] Level 1:colcon.colcon_core.package_identification:_identify(src/cloud_header_fixer) by extensions ['colcon_meta']
[0.399s] Level 1:colcon.colcon_core.package_identification:_identify(src/cloud_header_fixer) by extension 'colcon_meta'
[0.399s] Level 1:colcon.colcon_core.package_identification:_identify(src/cloud_header_fixer) by extensions ['ros']
[0.399s] Level 1:colcon.colcon_core.package_identification:_identify(src/cloud_header_fixer) by extension 'ros'
[0.403s] DEBUG:colcon.colcon_core.package_identification:Package 'src/cloud_header_fixer' with type 'ros.ament_python' and name 'cloud_header_fixer'
[0.403s] Level 1:colcon.colcon_core.package_identification:_identify(src/point_lio_ros2) by extensions ['ignore', 'ignore_ament_install']
[0.403s] Level 1:colcon.colcon_core.package_identification:_identify(src/point_lio_ros2) by extension 'ignore'
[0.403s] Level 1:colcon.colcon_core.package_identification:_identify(src/point_lio_ros2) by extension 'ignore_ament_install'
[0.403s] Level 1:colcon.colcon_core.package_identification:_identify(src/point_lio_ros2) by extensions ['colcon_pkg']
[0.403s] Level 1:colcon.colcon_core.package_identification:_identify(src/point_lio_ros2) by extension 'colcon_pkg'
[0.403s] Level 1:colcon.colcon_core.package_identification:_identify(src/point_lio_ros2) by extensions ['colcon_meta']
[0.403s] Level 1:colcon.colcon_core.package_identification:_identify(src/point_lio_ros2) by extension 'colcon_meta'
[0.403s] Level 1:colcon.colcon_core.package_identification:_identify(src/point_lio_ros2) by extensions ['ros']
[0.403s] Level 1:colcon.colcon_core.package_identification:_identify(src/point_lio_ros2) by extension 'ros'
[0.405s] DEBUG:colcon.colcon_core.package_identification:Package 'src/point_lio_ros2' with type 'ros.ament_cmake' and name 'point_lio'
[0.405s] Level 1:colcon.colcon_core.package_identification:_identify(src/unilidar_sdk2) by extensions ['ignore', 'ignore_ament_install']
[0.405s] Level 1:colcon.colcon_core.package_identification:_identify(src/unilidar_sdk2) by extension 'ignore'
[0.406s] Level 1:colcon.colcon_core.package_identification:_identify(src/unilidar_sdk2) by extension 'ignore_ament_install'
[0.406s] Level 1:colcon.colcon_core.package_identification:_identify(src/unilidar_sdk2) by extensions ['colcon_pkg']
[0.406s] Level 1:colcon.colcon_core.package_identification:_identify(src/unilidar_sdk2) by extension 'colcon_pkg'
[0.406s] Level 1:colcon.colcon_core.package_identification:_identify(src/unilidar_sdk2) by extensions ['colcon_meta']
[0.406s] Level 1:colcon.colcon_core.package_identification:_identify(src/unilidar_sdk2) by extension 'colcon_meta'
[0.406s] Level 1:colcon.colcon_core.package_identification:_identify(src/unilidar_sdk2) by extensions ['ros']
[0.406s] Level 1:colcon.colcon_core.package_identification:_identify(src/unilidar_sdk2) by extension 'ros'
[0.406s] Level 1:colcon.colcon_core.package_identification:_identify(src/unilidar_sdk2) by extensions ['cmake', 'python']
[0.406s] Level 1:colcon.colcon_core.package_identification:_identify(src/unilidar_sdk2) by extension 'cmake'
[0.406s] Level 1:colcon.colcon_core.package_identification:_identify(src/unilidar_sdk2) by extension 'python'
[0.406s] Level 1:colcon.colcon_core.package_identification:_identify(src/unilidar_sdk2) by extensions ['python_setup_py']
[0.406s] Level 1:colcon.colcon_core.package_identification:_identify(src/unilidar_sdk2) by extension 'python_setup_py'
[0.406s] Level 1:colcon.colcon_core.package_identification:_identify(src/unilidar_sdk2/docs) by extensions ['ignore', 'ignore_ament_install']
[0.406s] Level 1:colcon.colcon_core.package_identification:_identify(src/unilidar_sdk2/docs) by extension 'ignore'
[0.407s] Level 1:colcon.colcon_core.package_identification:_identify(src/unilidar_sdk2/docs) by extension 'ignore_ament_install'
[0.407s] Level 1:colcon.colcon_core.package_identification:_identify(src/unilidar_sdk2/docs) by extensions ['colcon_pkg']
[0.407s] Level 1:colcon.colcon_core.package_identification:_identify(src/unilidar_sdk2/docs) by extension 'colcon_pkg'
[0.407s] Level 1:colcon.colcon_core.package_identification:_identify(src/unilidar_sdk2/docs) by extensions ['colcon_meta']
[0.407s] Level 1:colcon.colcon_core.package_identification:_identify(src/unilidar_sdk2/docs) by extension 'colcon_meta'
[0.407s] Level 1:colcon.colcon_core.package_identification:_identify(src/unilidar_sdk2/docs) by extensions ['ros']
[0.407s] Level 1:colcon.colcon_core.package_identification:_identify(src/unilidar_sdk2/docs) by extension 'ros'
[0.407s] Level 1:colcon.colcon_core.package_identification:_identify(src/unilidar_sdk2/docs) by extensions ['cmake', 'python']
[0.407s] Level 1:colcon.colcon_core.package_identification:_identify(src/unilidar_sdk2/docs) by extension 'cmake'
[0.407s] Level 1:colcon.colcon_core.package_identification:_identify(src/unilidar_sdk2/docs) by extension 'python'
[0.407s] Level 1:colcon.colcon_core.package_identification:_identify(src/unilidar_sdk2/docs) by extensions ['python_setup_py']
[0.407s] Level 1:colcon.colcon_core.package_identification:_identify(src/unilidar_sdk2/docs) by extension 'python_setup_py'
[0.407s] Level 1:colcon.colcon_core.package_identification:_identify(src/unilidar_sdk2/unitree_lidar_sdk) by extensions ['ignore', 'ignore_ament_install']
[0.407s] Level 1:colcon.colcon_core.package_identification:_identify(src/unilidar_sdk2/unitree_lidar_sdk) by extension 'ignore'
[0.408s] Level 1:colcon.colcon_core.package_identification:_identify(src/unilidar_sdk2/unitree_lidar_sdk) by extension 'ignore_ament_install'
[0.408s] Level 1:colcon.colcon_core.package_identification:_identify(src/unilidar_sdk2/unitree_lidar_sdk) by extensions ['colcon_pkg']
[0.408s] Level 1:colcon.colcon_core.package_identification:_identify(src/unilidar_sdk2/unitree_lidar_sdk) by extension 'colcon_pkg'
[0.408s] Level 1:colcon.colcon_core.package_identification:_identify(src/unilidar_sdk2/unitree_lidar_sdk) by extensions ['colcon_meta']
[0.408s] Level 1:colcon.colcon_core.package_identification:_identify(src/unilidar_sdk2/unitree_lidar_sdk) by extension 'colcon_meta'
[0.408s] Level 1:colcon.colcon_core.package_identification:_identify(src/unilidar_sdk2/unitree_lidar_sdk) by extensions ['ros']
[0.408s] Level 1:colcon.colcon_core.package_identification:_identify(src/unilidar_sdk2/unitree_lidar_sdk) by extension 'ros'
[0.408s] Level 1:colcon.colcon_core.package_identification:_identify(src/unilidar_sdk2/unitree_lidar_sdk) by extensions ['cmake', 'python']
[0.408s] Level 1:colcon.colcon_core.package_identification:_identify(src/unilidar_sdk2/unitree_lidar_sdk) by extension 'cmake'
[0.410s] Level 1:colcon.colcon_core.package_identification:_identify(src/unilidar_sdk2/unitree_lidar_sdk) by extension 'python'
[0.410s] DEBUG:colcon.colcon_core.package_identification:Package 'src/unilidar_sdk2/unitree_lidar_sdk' with type 'cmake' and name 'unitree_lidar_sdk'
[0.410s] Level 1:colcon.colcon_core.package_identification:_identify(src/unitree_lidar_ros2) by extensions ['ignore', 'ignore_ament_install']
[0.410s] Level 1:colcon.colcon_core.package_identification:_identify(src/unitree_lidar_ros2) by extension 'ignore'
[0.410s] Level 1:colcon.colcon_core.package_identification:_identify(src/unitree_lidar_ros2) by extension 'ignore_ament_install'
[0.410s] Level 1:colcon.colcon_core.package_identification:_identify(src/unitree_lidar_ros2) by extensions ['colcon_pkg']
[0.410s] Level 1:colcon.colcon_core.package_identification:_identify(src/unitree_lidar_ros2) by extension 'colcon_pkg'
[0.411s] Level 1:colcon.colcon_core.package_identification:_identify(src/unitree_lidar_ros2) by extensions ['colcon_meta']
[0.411s] Level 1:colcon.colcon_core.package_identification:_identify(src/unitree_lidar_ros2) by extension 'colcon_meta'
[0.411s] Level 1:colcon.colcon_core.package_identification:_identify(src/unitree_lidar_ros2) by extensions ['ros']
[0.411s] Level 1:colcon.colcon_core.package_identification:_identify(src/unitree_lidar_ros2) by extension 'ros'
[0.412s] DEBUG:colcon.colcon_core.package_identification:Package 'src/unitree_lidar_ros2' with type 'ros.ament_cmake' and name 'unitree_lidar_ros2'
[0.412s] Level 1:colcon.colcon_core.package_discovery:discover_packages(recursive) using defaults
[0.412s] Level 1:colcon.colcon_core.package_discovery:discover_packages(ignore) discover
[0.412s] Level 1:colcon.colcon_core.package_discovery:discover_packages(ignore) using defaults
[0.412s] Level 1:colcon.colcon_core.package_discovery:discover_packages(path) discover
[0.412s] Level 1:colcon.colcon_core.package_discovery:discover_packages(path) using defaults
[0.460s] Level 1:colcon.colcon_core.package_discovery:discover_packages(prefix_path) check parameters
[0.460s] Level 1:colcon.colcon_core.package_discovery:discover_packages(prefix_path) discover
[0.463s] DEBUG:colcon.colcon_installed_package_information.package_discovery:Found 4 installed packages in /home/sauce/ros2_ws/install
[0.464s] DEBUG:colcon.colcon_installed_package_information.package_discovery:Found 321 installed packages in /opt/ros/humble
[0.466s] Level 1:colcon.colcon_core.package_discovery:discover_packages(prefix_path) using defaults
[0.525s] Level 5:colcon.colcon_core.verb:set package 'cloud_header_fixer' build argument 'cmake_args' from command line to 'None'
[0.525s] Level 5:colcon.colcon_core.verb:set package 'cloud_header_fixer' build argument 'cmake_target' from command line to 'None'
[0.525s] Level 5:colcon.colcon_core.verb:set package 'cloud_header_fixer' build argument 'cmake_target_skip_unavailable' from command line to 'False'
[0.525s] Level 5:colcon.colcon_core.verb:set package 'cloud_header_fixer' build argument 'cmake_clean_cache' from command line to 'False'
[0.525s] Level 5:colcon.colcon_core.verb:set package 'cloud_header_fixer' build argument 'cmake_clean_first' from command line to 'False'
[0.525s] Level 5:colcon.colcon_core.verb:set package 'cloud_header_fixer' build argument 'cmake_force_configure' from command line to 'False'
[0.525s] Level 5:colcon.colcon_core.verb:set package 'cloud_header_fixer' build argument 'ament_cmake_args' from command line to 'None'
[0.525s] Level 5:colcon.colcon_core.verb:set package 'cloud_header_fixer' build argument 'catkin_cmake_args' from command line to 'None'
[0.525s] Level 5:colcon.colcon_core.verb:set package 'cloud_header_fixer' build argument 'catkin_skip_building_tests' from command line to 'False'
[0.525s] DEBUG:colcon.colcon_core.verb:Building package 'cloud_header_fixer' with the following arguments: {'ament_cmake_args': None, 'build_base': '/home/sauce/ros2_ws/build/cloud_header_fixer', 'catkin_cmake_args': None, 'catkin_skip_building_tests': False, 'cmake_args': None, 'cmake_clean_cache': False, 'cmake_clean_first': False, 'cmake_force_configure': False, 'cmake_target': None, 'cmake_target_skip_unavailable': False, 'install_base': '/home/sauce/ros2_ws/install/cloud_header_fixer', 'merge_install': False, 'path': '/home/sauce/ros2_ws/src/cloud_header_fixer', 'symlink_install': True, 'test_result_base': None}
[0.526s] Level 5:colcon.colcon_core.verb:set package 'point_lio' build argument 'cmake_args' from command line to 'None'
[0.526s] Level 5:colcon.colcon_core.verb:set package 'point_lio' build argument 'cmake_target' from command line to 'None'
[0.526s] Level 5:colcon.colcon_core.verb:set package 'point_lio' build argument 'cmake_target_skip_unavailable' from command line to 'False'
[0.526s] Level 5:colcon.colcon_core.verb:set package 'point_lio' build argument 'cmake_clean_cache' from command line to 'False'
[0.526s] Level 5:colcon.colcon_core.verb:set package 'point_lio' build argument 'cmake_clean_first' from command line to 'False'
[0.526s] Level 5:colcon.colcon_core.verb:set package 'point_lio' build argument 'cmake_force_configure' from command line to 'False'
[0.526s] Level 5:colcon.colcon_core.verb:set package 'point_lio' build argument 'ament_cmake_args' from command line to 'None'
[0.526s] Level 5:colcon.colcon_core.verb:set package 'point_lio' build argument 'catkin_cmake_args' from command line to 'None'
[0.526s] Level 5:colcon.colcon_core.verb:set package 'point_lio' build argument 'catkin_skip_building_tests' from command line to 'False'
[0.526s] DEBUG:colcon.colcon_core.verb:Building package 'point_lio' with the following arguments: {'ament_cmake_args': None, 'build_base': '/home/sauce/ros2_ws/build/point_lio', 'catkin_cmake_args': None, 'catkin_skip_building_tests': False, 'cmake_args': None, 'cmake_clean_cache': False, 'cmake_clean_first': False, 'cmake_force_configure': False, 'cmake_target': None, 'cmake_target_skip_unavailable': False, 'install_base': '/home/sauce/ros2_ws/install/point_lio', 'merge_install': False, 'path': '/home/sauce/ros2_ws/src/point_lio_ros2', 'symlink_install': True, 'test_result_base': None}
[0.526s] Level 5:colcon.colcon_core.verb:set package 'unitree_lidar_ros2' build argument 'cmake_args' from command line to 'None'
[0.526s] Level 5:colcon.colcon_core.verb:set package 'unitree_lidar_ros2' build argument 'cmake_target' from command line to 'None'
[0.527s] Level 5:colcon.colcon_core.verb:set package 'unitree_lidar_ros2' build argument 'cmake_target_skip_unavailable' from command line to 'False'
[0.527s] Level 5:colcon.colcon_core.verb:set package 'unitree_lidar_ros2' build argument 'cmake_clean_cache' from command line to 'False'
[0.527s] Level 5:colcon.colcon_core.verb:set package 'unitree_lidar_ros2' build argument 'cmake_clean_first' from command line to 'False'
[0.527s] Level 5:colcon.colcon_core.verb:set package 'unitree_lidar_ros2' build argument 'cmake_force_configure' from command line to 'False'
[0.527s] Level 5:colcon.colcon_core.verb:set package 'unitree_lidar_ros2' build argument 'ament_cmake_args' from command line to 'None'
[0.527s] Level 5:colcon.colcon_core.verb:set package 'unitree_lidar_ros2' build argument 'catkin_cmake_args' from command line to 'None'
[0.527s] Level 5:colcon.colcon_core.verb:set package 'unitree_lidar_ros2' build argument 'catkin_skip_building_tests' from command line to 'False'
[0.527s] DEBUG:colcon.colcon_core.verb:Building package 'unitree_lidar_ros2' with the following arguments: {'ament_cmake_args': None, 'build_base': '/home/sauce/ros2_ws/build/unitree_lidar_ros2', 'catkin_cmake_args': None, 'catkin_skip_building_tests': False, 'cmake_args': None, 'cmake_clean_cache': False, 'cmake_clean_first': False, 'cmake_force_configure': False, 'cmake_target': None, 'cmake_target_skip_unavailable': False, 'install_base': '/home/sauce/ros2_ws/install/unitree_lidar_ros2', 'merge_install': False, 'path': '/home/sauce/ros2_ws/src/unitree_lidar_ros2', 'symlink_install': True, 'test_result_base': None}
[0.527s] Level 5:colcon.colcon_core.verb:set package 'unitree_lidar_sdk' build argument 'cmake_args' from command line to 'None'
[0.527s] Level 5:colcon.colcon_core.verb:set package 'unitree_lidar_sdk' build argument 'cmake_target' from command line to 'None'
[0.527s] Level 5:colcon.colcon_core.verb:set package 'unitree_lidar_sdk' build argument 'cmake_target_skip_unavailable' from command line to 'False'
[0.527s] Level 5:colcon.colcon_core.verb:set package 'unitree_lidar_sdk' build argument 'cmake_clean_cache' from command line to 'False'
[0.527s] Level 5:colcon.colcon_core.verb:set package 'unitree_lidar_sdk' build argument 'cmake_clean_first' from command line to 'False'
[0.527s] Level 5:colcon.colcon_core.verb:set package 'unitree_lidar_sdk' build argument 'cmake_force_configure' from command line to 'False'
[0.527s] Level 5:colcon.colcon_core.verb:set package 'unitree_lidar_sdk' build argument 'ament_cmake_args' from command line to 'None'
[0.527s] Level 5:colcon.colcon_core.verb:set package 'unitree_lidar_sdk' build argument 'catkin_cmake_args' from command line to 'None'
[0.527s] Level 5:colcon.colcon_core.verb:set package 'unitree_lidar_sdk' build argument 'catkin_skip_building_tests' from command line to 'False'
[0.527s] DEBUG:colcon.colcon_core.verb:Building package 'unitree_lidar_sdk' with the following arguments: {'ament_cmake_args': None, 'build_base': '/home/sauce/ros2_ws/build/unitree_lidar_sdk', 'catkin_cmake_args': None, 'catkin_skip_building_tests': False, 'cmake_args': None, 'cmake_clean_cache': False, 'cmake_clean_first': False, 'cmake_force_configure': False, 'cmake_target': None, 'cmake_target_skip_unavailable': False, 'install_base': '/home/sauce/ros2_ws/install/unitree_lidar_sdk', 'merge_install': False, 'path': '/home/sauce/ros2_ws/src/unilidar_sdk2/unitree_lidar_sdk', 'symlink_install': True, 'test_result_base': None}
[0.528s] INFO:colcon.colcon_core.executor:Executing jobs using 'parallel' executor
[0.529s] DEBUG:colcon.colcon_parallel_executor.executor.parallel:run_until_complete
[0.530s] INFO:colcon.colcon_ros.task.ament_python.build:Building ROS package in '/home/sauce/ros2_ws/src/cloud_header_fixer' with build type 'ament_python'
[0.530s] Level 1:colcon.colcon_core.shell:create_environment_hook('cloud_header_fixer', 'ament_prefix_path')
[0.533s] INFO:colcon.colcon_core.plugin_system:Skipping extension 'colcon_core.shell.bat': Not used on non-Windows systems
[0.533s] INFO:colcon.colcon_core.shell:Creating environment hook '/home/sauce/ros2_ws/install/cloud_header_fixer/share/cloud_header_fixer/hook/ament_prefix_path.ps1'
[0.535s] INFO:colcon.colcon_core.shell:Creating environment descriptor '/home/sauce/ros2_ws/install/cloud_header_fixer/share/cloud_header_fixer/hook/ament_prefix_path.dsv'
[0.535s] INFO:colcon.colcon_core.shell:Creating environment hook '/home/sauce/ros2_ws/install/cloud_header_fixer/share/cloud_header_fixer/hook/ament_prefix_path.sh'
[0.536s] INFO:colcon.colcon_core.shell:Skip shell extension 'powershell' for command environment: Not usable outside of PowerShell
[0.536s] DEBUG:colcon.colcon_core.shell:Skip shell extension 'dsv' for command environment
[0.541s] INFO:colcon.colcon_ros.task.ament_cmake.build:Building ROS package in '/home/sauce/ros2_ws/src/point_lio_ros2' with build type 'ament_cmake'
[0.542s] INFO:colcon.colcon_cmake.task.cmake.build:Building CMake package in '/home/sauce/ros2_ws/src/point_lio_ros2'
[0.542s] INFO:colcon.colcon_core.shell:Skip shell extension 'powershell' for command environment: Not usable outside of PowerShell
[0.542s] DEBUG:colcon.colcon_core.shell:Skip shell extension 'dsv' for command environment
[0.546s] INFO:colcon.colcon_ros.task.ament_cmake.build:Building ROS package in '/home/sauce/ros2_ws/src/unitree_lidar_ros2' with build type 'ament_cmake'
[0.547s] INFO:colcon.colcon_cmake.task.cmake.build:Building CMake package in '/home/sauce/ros2_ws/src/unitree_lidar_ros2'
[0.547s] INFO:colcon.colcon_core.shell:Skip shell extension 'powershell' for command environment: Not usable outside of PowerShell
[0.547s] DEBUG:colcon.colcon_core.shell:Skip shell extension 'dsv' for command environment
[0.552s] INFO:colcon.colcon_cmake.task.cmake.build:Building CMake package in '/home/sauce/ros2_ws/src/unilidar_sdk2/unitree_lidar_sdk'
[0.552s] INFO:colcon.colcon_core.shell:Skip shell extension 'powershell' for command environment: Not usable outside of PowerShell
[0.552s] DEBUG:colcon.colcon_core.shell:Skip shell extension 'dsv' for command environment
[0.915s] INFO:colcon.colcon_core.task.python.build:Building Python package in '/home/sauce/ros2_ws/src/cloud_header_fixer'
[0.916s] INFO:colcon.colcon_core.shell:Skip shell extension 'powershell' for command environment: Not usable outside of PowerShell
[0.916s] DEBUG:colcon.colcon_core.shell:Skip shell extension 'dsv' for command environment
[0.931s] DEBUG:colcon.colcon_core.event_handler.log_command:Invoking command in '/home/sauce/ros2_ws/build/point_lio': CMAKE_PREFIX_PATH=${CMAKE_PREFIX_PATH}:/home/sauce/ros2_ws/install/cloud_header_fixer:/opt/ros/humble /usr/bin/cmake --build /home/sauce/ros2_ws/build/point_lio -- -j12 -l12
[0.944s] DEBUG:colcon.colcon_core.event_handler.log_command:Invoking command in '/home/sauce/ros2_ws/build/unitree_lidar_ros2': CMAKE_PREFIX_PATH=${CMAKE_PREFIX_PATH}:/home/sauce/ros2_ws/install/cloud_header_fixer:/opt/ros/humble /usr/bin/cmake --build /home/sauce/ros2_ws/build/unitree_lidar_ros2 -- -j12 -l12
[0.950s] DEBUG:colcon.colcon_core.event_handler.log_command:Invoking command in '/home/sauce/ros2_ws/build/unitree_lidar_sdk': /usr/bin/cmake --build /home/sauce/ros2_ws/build/unitree_lidar_sdk -- -j12 -l12
[1.025s] DEBUG:colcon.colcon_core.event_handler.log_command:Invoked command in '/home/sauce/ros2_ws/build/unitree_lidar_sdk' returned '0': /usr/bin/cmake --build /home/sauce/ros2_ws/build/unitree_lidar_sdk -- -j12 -l12
[1.026s] WARNING:colcon.colcon_cmake.task.cmake.build:Could not run installation step for package 'unitree_lidar_sdk' because it has no 'install' target
[1.026s] Level 1:colcon.colcon_core.environment:create_environment_scripts_only(unitree_lidar_sdk)
[1.029s] Level 1:colcon.colcon_core.environment:checking '/home/sauce/ros2_ws/install/unitree_lidar_sdk' for CMake module files
[1.030s] Level 1:colcon.colcon_core.environment:checking '/home/sauce/ros2_ws/install/unitree_lidar_sdk' for CMake config files
[1.031s] Level 1:colcon.colcon_core.environment:checking '/home/sauce/ros2_ws/install/unitree_lidar_sdk/bin'
[1.031s] Level 1:colcon.colcon_core.environment:checking '/home/sauce/ros2_ws/install/unitree_lidar_sdk/lib/pkgconfig/unitree_lidar_sdk.pc'
[1.031s] Level 1:colcon.colcon_core.environment:checking '/home/sauce/ros2_ws/install/unitree_lidar_sdk/lib/python3.10/site-packages'
[1.032s] Level 1:colcon.colcon_core.environment:checking '/home/sauce/ros2_ws/install/unitree_lidar_sdk/bin'
[1.032s] INFO:colcon.colcon_core.shell:Creating package script '/home/sauce/ros2_ws/install/unitree_lidar_sdk/share/unitree_lidar_sdk/package.ps1'
[1.034s] INFO:colcon.colcon_core.shell:Creating package descriptor '/home/sauce/ros2_ws/install/unitree_lidar_sdk/share/unitree_lidar_sdk/package.dsv'
[1.034s] INFO:colcon.colcon_core.shell:Creating package script '/home/sauce/ros2_ws/install/unitree_lidar_sdk/share/unitree_lidar_sdk/package.sh'
[1.035s] INFO:colcon.colcon_core.shell:Creating package script '/home/sauce/ros2_ws/install/unitree_lidar_sdk/share/unitree_lidar_sdk/package.bash'
[1.037s] INFO:colcon.colcon_core.shell:Creating package script '/home/sauce/ros2_ws/install/unitree_lidar_sdk/share/unitree_lidar_sdk/package.zsh'
[1.038s] Level 1:colcon.colcon_core.environment:create_file_with_runtime_dependencies(/home/sauce/ros2_ws/install/unitree_lidar_sdk/share/colcon-core/packages/unitree_lidar_sdk)
[1.059s] DEBUG:colcon.colcon_core.event_handler.log_command:Invoked command in '/home/sauce/ros2_ws/build/unitree_lidar_ros2' returned '0': CMAKE_PREFIX_PATH=${CMAKE_PREFIX_PATH}:/home/sauce/ros2_ws/install/cloud_header_fixer:/opt/ros/humble /usr/bin/cmake --build /home/sauce/ros2_ws/build/unitree_lidar_ros2 -- -j12 -l12
[1.076s] DEBUG:colcon.colcon_core.event_handler.log_command:Invoking command in '/home/sauce/ros2_ws/build/unitree_lidar_ros2': CMAKE_PREFIX_PATH=${CMAKE_PREFIX_PATH}:/home/sauce/ros2_ws/install/cloud_header_fixer:/opt/ros/humble /usr/bin/cmake --install /home/sauce/ros2_ws/build/unitree_lidar_ros2
[1.079s] DEBUG:colcon.colcon_core.event_handler.log_command:Invoked command in '/home/sauce/ros2_ws/build/point_lio' returned '0': CMAKE_PREFIX_PATH=${CMAKE_PREFIX_PATH}:/home/sauce/ros2_ws/install/cloud_header_fixer:/opt/ros/humble /usr/bin/cmake --build /home/sauce/ros2_ws/build/point_lio -- -j12 -l12
[1.081s] DEBUG:colcon.colcon_core.event_handler.log_command:Invoking command in '/home/sauce/ros2_ws/build/point_lio': CMAKE_PREFIX_PATH=${CMAKE_PREFIX_PATH}:/home/sauce/ros2_ws/install/cloud_header_fixer:/opt/ros/humble /usr/bin/cmake --install /home/sauce/ros2_ws/build/point_lio
[1.110s] Level 1:colcon.colcon_core.environment:create_environment_scripts_only(unitree_lidar_ros2)
[1.111s] Level 1:colcon.colcon_core.environment:checking '/home/sauce/ros2_ws/install/unitree_lidar_ros2' for CMake module files
[1.111s] DEBUG:colcon.colcon_core.event_handler.log_command:Invoked command in '/home/sauce/ros2_ws/build/unitree_lidar_ros2' returned '0': CMAKE_PREFIX_PATH=${CMAKE_PREFIX_PATH}:/home/sauce/ros2_ws/install/cloud_header_fixer:/opt/ros/humble /usr/bin/cmake --install /home/sauce/ros2_ws/build/unitree_lidar_ros2
[1.112s] Level 1:colcon.colcon_core.environment:checking '/home/sauce/ros2_ws/install/unitree_lidar_ros2' for CMake config files
[1.113s] Level 1:colcon.colcon_core.shell:create_environment_hook('unitree_lidar_ros2', 'cmake_prefix_path')
[1.114s] INFO:colcon.colcon_core.shell:Creating environment hook '/home/sauce/ros2_ws/install/unitree_lidar_ros2/share/unitree_lidar_ros2/hook/cmake_prefix_path.ps1'
[1.115s] INFO:colcon.colcon_core.shell:Creating environment descriptor '/home/sauce/ros2_ws/install/unitree_lidar_ros2/share/unitree_lidar_ros2/hook/cmake_prefix_path.dsv'
[1.117s] INFO:colcon.colcon_core.shell:Creating environment hook '/home/sauce/ros2_ws/install/unitree_lidar_ros2/share/unitree_lidar_ros2/hook/cmake_prefix_path.sh'
[1.119s] Level 1:colcon.colcon_core.environment:checking '/home/sauce/ros2_ws/install/unitree_lidar_ros2/lib'
[1.119s] Level 1:colcon.colcon_core.environment:checking '/home/sauce/ros2_ws/install/unitree_lidar_ros2/bin'
[1.119s] Level 1:colcon.colcon_core.environment:checking '/home/sauce/ros2_ws/install/unitree_lidar_ros2/lib/pkgconfig/unitree_lidar_ros2.pc'
[1.120s] Level 1:colcon.colcon_core.environment:checking '/home/sauce/ros2_ws/install/unitree_lidar_ros2/lib/python3.10/site-packages'
[1.121s] Level 1:colcon.colcon_core.environment:checking '/home/sauce/ros2_ws/install/unitree_lidar_ros2/bin'
[1.122s] INFO:colcon.colcon_core.shell:Creating package script '/home/sauce/ros2_ws/install/unitree_lidar_ros2/share/unitree_lidar_ros2/package.ps1'
[1.124s] INFO:colcon.colcon_core.shell:Creating package descriptor '/home/sauce/ros2_ws/install/unitree_lidar_ros2/share/unitree_lidar_ros2/package.dsv'
[1.126s] INFO:colcon.colcon_core.shell:Creating package script '/home/sauce/ros2_ws/install/unitree_lidar_ros2/share/unitree_lidar_ros2/package.sh'
[1.127s] INFO:colcon.colcon_core.shell:Creating package script '/home/sauce/ros2_ws/install/unitree_lidar_ros2/share/unitree_lidar_ros2/package.bash'
[1.128s] INFO:colcon.colcon_core.shell:Creating package script '/home/sauce/ros2_ws/install/unitree_lidar_ros2/share/unitree_lidar_ros2/package.zsh'
[1.130s] Level 1:colcon.colcon_core.environment:create_file_with_runtime_dependencies(/home/sauce/ros2_ws/install/unitree_lidar_ros2/share/colcon-core/packages/unitree_lidar_ros2)
[1.132s] Level 1:colcon.colcon_core.environment:create_environment_scripts_only(unitree_lidar_ros2)
[1.132s] Level 1:colcon.colcon_core.environment:checking '/home/sauce/ros2_ws/install/unitree_lidar_ros2' for CMake module files
[1.135s] Level 1:colcon.colcon_core.environment:checking '/home/sauce/ros2_ws/install/unitree_lidar_ros2' for CMake config files
[1.136s] Level 1:colcon.colcon_core.shell:create_environment_hook('unitree_lidar_ros2', 'cmake_prefix_path')
[1.137s] INFO:colcon.colcon_core.shell:Creating environment hook '/home/sauce/ros2_ws/install/unitree_lidar_ros2/share/unitree_lidar_ros2/hook/cmake_prefix_path.ps1'
[1.138s] INFO:colcon.colcon_core.shell:Creating environment descriptor '/home/sauce/ros2_ws/install/unitree_lidar_ros2/share/unitree_lidar_ros2/hook/cmake_prefix_path.dsv'
[1.139s] INFO:colcon.colcon_core.shell:Creating environment hook '/home/sauce/ros2_ws/install/unitree_lidar_ros2/share/unitree_lidar_ros2/hook/cmake_prefix_path.sh'
[1.141s] Level 1:colcon.colcon_core.environment:checking '/home/sauce/ros2_ws/install/unitree_lidar_ros2/lib'
[1.142s] Level 1:colcon.colcon_core.environment:checking '/home/sauce/ros2_ws/install/unitree_lidar_ros2/bin'
[1.142s] Level 1:colcon.colcon_core.environment:checking '/home/sauce/ros2_ws/install/unitree_lidar_ros2/lib/pkgconfig/unitree_lidar_ros2.pc'
[1.143s] Level 1:colcon.colcon_core.environment:checking '/home/sauce/ros2_ws/install/unitree_lidar_ros2/lib/python3.10/site-packages'
[1.144s] Level 1:colcon.colcon_core.environment:checking '/home/sauce/ros2_ws/install/unitree_lidar_ros2/bin'
[1.145s] INFO:colcon.colcon_core.shell:Creating package script '/home/sauce/ros2_ws/install/unitree_lidar_ros2/share/unitree_lidar_ros2/package.ps1'
[1.146s] INFO:colcon.colcon_core.shell:Creating package descriptor '/home/sauce/ros2_ws/install/unitree_lidar_ros2/share/unitree_lidar_ros2/package.dsv'
[1.148s] INFO:colcon.colcon_core.shell:Creating package script '/home/sauce/ros2_ws/install/unitree_lidar_ros2/share/unitree_lidar_ros2/package.sh'
[1.149s] INFO:colcon.colcon_core.shell:Creating package script '/home/sauce/ros2_ws/install/unitree_lidar_ros2/share/unitree_lidar_ros2/package.bash'
[1.151s] INFO:colcon.colcon_core.shell:Creating package script '/home/sauce/ros2_ws/install/unitree_lidar_ros2/share/unitree_lidar_ros2/package.zsh'
[1.152s] Level 1:colcon.colcon_core.environment:create_file_with_runtime_dependencies(/home/sauce/ros2_ws/install/unitree_lidar_ros2/share/colcon-core/packages/unitree_lidar_ros2)
[1.155s] Level 1:colcon.colcon_core.environment:create_environment_scripts_only(point_lio)
[1.156s] Level 1:colcon.colcon_core.environment:checking '/home/sauce/ros2_ws/install/point_lio' for CMake module files
[1.158s] DEBUG:colcon.colcon_core.event_handler.log_command:Invoked command in '/home/sauce/ros2_ws/build/point_lio' returned '0': CMAKE_PREFIX_PATH=${CMAKE_PREFIX_PATH}:/home/sauce/ros2_ws/install/cloud_header_fixer:/opt/ros/humble /usr/bin/cmake --install /home/sauce/ros2_ws/build/point_lio
[1.159s] Level 1:colcon.colcon_core.environment:checking '/home/sauce/ros2_ws/install/point_lio' for CMake config files
[1.160s] Level 1:colcon.colcon_core.shell:create_environment_hook('point_lio', 'cmake_prefix_path')
[1.161s] INFO:colcon.colcon_core.shell:Creating environment hook '/home/sauce/ros2_ws/install/point_lio/share/point_lio/hook/cmake_prefix_path.ps1'
[1.162s] INFO:colcon.colcon_core.shell:Creating environment descriptor '/home/sauce/ros2_ws/install/point_lio/share/point_lio/hook/cmake_prefix_path.dsv'
[1.164s] INFO:colcon.colcon_core.shell:Creating environment hook '/home/sauce/ros2_ws/install/point_lio/share/point_lio/hook/cmake_prefix_path.sh'
[1.165s] Level 1:colcon.colcon_core.environment:checking '/home/sauce/ros2_ws/install/point_lio/lib'
[1.166s] Level 1:colcon.colcon_core.environment:checking '/home/sauce/ros2_ws/install/point_lio/bin'
[1.166s] Level 1:colcon.colcon_core.environment:checking '/home/sauce/ros2_ws/install/point_lio/lib/pkgconfig/point_lio.pc'
[1.167s] Level 1:colcon.colcon_core.environment:checking '/home/sauce/ros2_ws/install/point_lio/lib/python3.10/site-packages'
[1.168s] Level 1:colcon.colcon_core.environment:checking '/home/sauce/ros2_ws/install/point_lio/bin'
[1.169s] INFO:colcon.colcon_core.shell:Creating package script '/home/sauce/ros2_ws/install/point_lio/share/point_lio/package.ps1'
[1.170s] INFO:colcon.colcon_core.shell:Creating package descriptor '/home/sauce/ros2_ws/install/point_lio/share/point_lio/package.dsv'
[1.171s] INFO:colcon.colcon_core.shell:Creating package script '/home/sauce/ros2_ws/install/point_lio/share/point_lio/package.sh'
[1.173s] INFO:colcon.colcon_core.shell:Creating package script '/home/sauce/ros2_ws/install/point_lio/share/point_lio/package.bash'
[1.174s] INFO:colcon.colcon_core.shell:Creating package script '/home/sauce/ros2_ws/install/point_lio/share/point_lio/package.zsh'
[1.175s] Level 1:colcon.colcon_core.environment:create_file_with_runtime_dependencies(/home/sauce/ros2_ws/install/point_lio/share/colcon-core/packages/point_lio)
[1.176s] Level 1:colcon.colcon_core.environment:create_environment_scripts_only(point_lio)
[1.177s] Level 1:colcon.colcon_core.environment:checking '/home/sauce/ros2_ws/install/point_lio' for CMake module files
[1.178s] Level 1:colcon.colcon_core.environment:checking '/home/sauce/ros2_ws/install/point_lio' for CMake config files
[1.179s] Level 1:colcon.colcon_core.shell:create_environment_hook('point_lio', 'cmake_prefix_path')
[1.180s] INFO:colcon.colcon_core.shell:Creating environment hook '/home/sauce/ros2_ws/install/point_lio/share/point_lio/hook/cmake_prefix_path.ps1'
[1.181s] INFO:colcon.colcon_core.shell:Creating environment descriptor '/home/sauce/ros2_ws/install/point_lio/share/point_lio/hook/cmake_prefix_path.dsv'
[1.182s] INFO:colcon.colcon_core.shell:Creating environment hook '/home/sauce/ros2_ws/install/point_lio/share/point_lio/hook/cmake_prefix_path.sh'
[1.183s] Level 1:colcon.colcon_core.environment:checking '/home/sauce/ros2_ws/install/point_lio/lib'
[1.183s] Level 1:colcon.colcon_core.environment:checking '/home/sauce/ros2_ws/install/point_lio/bin'
[1.184s] Level 1:colcon.colcon_core.environment:checking '/home/sauce/ros2_ws/install/point_lio/lib/pkgconfig/point_lio.pc'
[1.184s] Level 1:colcon.colcon_core.environment:checking '/home/sauce/ros2_ws/install/point_lio/lib/python3.10/site-packages'
[1.185s] Level 1:colcon.colcon_core.environment:checking '/home/sauce/ros2_ws/install/point_lio/bin'
[1.186s] INFO:colcon.colcon_core.shell:Creating package script '/home/sauce/ros2_ws/install/point_lio/share/point_lio/package.ps1'
[1.187s] INFO:colcon.colcon_core.shell:Creating package descriptor '/home/sauce/ros2_ws/install/point_lio/share/point_lio/package.dsv'
[1.188s] INFO:colcon.colcon_core.shell:Creating package script '/home/sauce/ros2_ws/install/point_lio/share/point_lio/package.sh'
[1.189s] INFO:colcon.colcon_core.shell:Creating package script '/home/sauce/ros2_ws/install/point_lio/share/point_lio/package.bash'
[1.190s] INFO:colcon.colcon_core.shell:Creating package script '/home/sauce/ros2_ws/install/point_lio/share/point_lio/package.zsh'
[1.191s] Level 1:colcon.colcon_core.environment:create_file_with_runtime_dependencies(/home/sauce/ros2_ws/install/point_lio/share/colcon-core/packages/point_lio)
[1.423s] DEBUG:colcon.colcon_core.event_handler.log_command:Invoking command in '/home/sauce/ros2_ws/build/cloud_header_fixer': PYTHONPATH=/home/sauce/ros2_ws/build/cloud_header_fixer/prefix_override:/usr/lib/python3/dist-packages/colcon_core/task/python/colcon_distutils_commands:/home/sauce/ros2_ws/install/cloud_header_fixer/lib/python3.10/site-packages:${PYTHONPATH} /usr/bin/python3 -W ignore:setup.py install is deprecated -W ignore:easy_install command is deprecated setup.py develop --editable --build-directory /home/sauce/ros2_ws/build/cloud_header_fixer/build --no-deps symlink_data
[2.067s] Level 1:colcon.colcon_core.shell:create_environment_hook('cloud_header_fixer', 'pythonpath_develop')
[2.068s] INFO:colcon.colcon_core.shell:Creating environment hook '/home/sauce/ros2_ws/build/cloud_header_fixer/share/cloud_header_fixer/hook/pythonpath_develop.ps1'
[2.069s] DEBUG:colcon.colcon_core.event_handler.log_command:Invoked command in '/home/sauce/ros2_ws/build/cloud_header_fixer' returned '0': PYTHONPATH=/home/sauce/ros2_ws/build/cloud_header_fixer/prefix_override:/usr/lib/python3/dist-packages/colcon_core/task/python/colcon_distutils_commands:/home/sauce/ros2_ws/install/cloud_header_fixer/lib/python3.10/site-packages:${PYTHONPATH} /usr/bin/python3 -W ignore:setup.py install is deprecated -W ignore:easy_install command is deprecated setup.py develop --editable --build-directory /home/sauce/ros2_ws/build/cloud_header_fixer/build --no-deps symlink_data
[2.070s] INFO:colcon.colcon_core.shell:Creating environment descriptor '/home/sauce/ros2_ws/build/cloud_header_fixer/share/cloud_header_fixer/hook/pythonpath_develop.dsv'
[2.072s] INFO:colcon.colcon_core.shell:Creating environment hook '/home/sauce/ros2_ws/build/cloud_header_fixer/share/cloud_header_fixer/hook/pythonpath_develop.sh'
[2.074s] Level 1:colcon.colcon_core.environment:checking '/home/sauce/ros2_ws/install/cloud_header_fixer' for CMake module files
[2.076s] Level 1:colcon.colcon_core.environment:checking '/home/sauce/ros2_ws/install/cloud_header_fixer' for CMake config files
[2.078s] Level 1:colcon.colcon_core.environment:checking '/home/sauce/ros2_ws/install/cloud_header_fixer/lib'
[2.078s] Level 1:colcon.colcon_core.environment:checking '/home/sauce/ros2_ws/install/cloud_header_fixer/bin'
[2.078s] Level 1:colcon.colcon_core.environment:checking '/home/sauce/ros2_ws/install/cloud_header_fixer/lib/pkgconfig/cloud_header_fixer.pc'
[2.079s] Level 1:colcon.colcon_core.environment:checking '/home/sauce/ros2_ws/install/cloud_header_fixer/lib/python3.10/site-packages'
[2.079s] Level 1:colcon.colcon_core.shell:create_environment_hook('cloud_header_fixer', 'pythonpath')
[2.080s] INFO:colcon.colcon_core.shell:Creating environment hook '/home/sauce/ros2_ws/install/cloud_header_fixer/share/cloud_header_fixer/hook/pythonpath.ps1'
[2.082s] INFO:colcon.colcon_core.shell:Creating environment descriptor '/home/sauce/ros2_ws/install/cloud_header_fixer/share/cloud_header_fixer/hook/pythonpath.dsv'
[2.083s] INFO:colcon.colcon_core.shell:Creating environment hook '/home/sauce/ros2_ws/install/cloud_header_fixer/share/cloud_header_fixer/hook/pythonpath.sh'
[2.086s] Level 1:colcon.colcon_core.environment:checking '/home/sauce/ros2_ws/install/cloud_header_fixer/bin'
[2.086s] Level 1:colcon.colcon_core.environment:create_environment_scripts_only(cloud_header_fixer)
[2.087s] INFO:colcon.colcon_core.shell:Creating package script '/home/sauce/ros2_ws/install/cloud_header_fixer/share/cloud_header_fixer/package.ps1'
[2.089s] INFO:colcon.colcon_core.shell:Creating package descriptor '/home/sauce/ros2_ws/install/cloud_header_fixer/share/cloud_header_fixer/package.dsv'
[2.091s] INFO:colcon.colcon_core.shell:Creating package script '/home/sauce/ros2_ws/install/cloud_header_fixer/share/cloud_header_fixer/package.sh'
[2.093s] INFO:colcon.colcon_core.shell:Creating package script '/home/sauce/ros2_ws/install/cloud_header_fixer/share/cloud_header_fixer/package.bash'
[2.094s] INFO:colcon.colcon_core.shell:Creating package script '/home/sauce/ros2_ws/install/cloud_header_fixer/share/cloud_header_fixer/package.zsh'
[2.096s] Level 1:colcon.colcon_core.environment:create_file_with_runtime_dependencies(/home/sauce/ros2_ws/install/cloud_header_fixer/share/colcon-core/packages/cloud_header_fixer)
[2.097s] DEBUG:colcon.colcon_parallel_executor.executor.parallel:closing loop
[2.098s] DEBUG:colcon.colcon_parallel_executor.executor.parallel:loop closed
[2.098s] DEBUG:colcon.colcon_parallel_executor.executor.parallel:run_until_complete finished with '0'
[2.098s] DEBUG:colcon.colcon_core.event_reactor:joining thread
[2.117s] INFO:colcon.colcon_core.plugin_system:Skipping extension 'colcon_notification.desktop_notification.terminal_notifier': Not used on non-Darwin systems
[2.118s] INFO:colcon.colcon_core.plugin_system:Skipping extension 'colcon_notification.desktop_notification.win32': Not used on non-Windows systems
[2.118s] INFO:colcon.colcon_notification.desktop_notification:Sending desktop notification using 'notify2'
[2.150s] DEBUG:colcon.colcon_core.event_reactor:joined thread
[2.151s] INFO:colcon.colcon_core.shell:Creating prefix script '/home/sauce/ros2_ws/install/local_setup.ps1'
[2.156s] INFO:colcon.colcon_core.shell:Creating prefix util module '/home/sauce/ros2_ws/install/_local_setup_util_ps1.py'
[2.161s] INFO:colcon.colcon_core.shell:Creating prefix chain script '/home/sauce/ros2_ws/install/setup.ps1'
[2.165s] INFO:colcon.colcon_core.shell:Creating prefix script '/home/sauce/ros2_ws/install/local_setup.sh'
[2.167s] INFO:colcon.colcon_core.shell:Creating prefix util module '/home/sauce/ros2_ws/install/_local_setup_util_sh.py'
[2.169s] INFO:colcon.colcon_core.shell:Creating prefix chain script '/home/sauce/ros2_ws/install/setup.sh'
[2.173s] INFO:colcon.colcon_core.shell:Creating prefix script '/home/sauce/ros2_ws/install/local_setup.bash'
[2.175s] INFO:colcon.colcon_core.shell:Creating prefix chain script '/home/sauce/ros2_ws/install/setup.bash'
[2.179s] INFO:colcon.colcon_core.shell:Creating prefix script '/home/sauce/ros2_ws/install/local_setup.zsh'
[2.181s] INFO:colcon.colcon_core.shell:Creating prefix chain script '/home/sauce/ros2_ws/install/setup.zsh'
