[0.000000] (-) TimerEvent: {}
[0.000514] (cloud_header_fixer) JobQueued: {'identifier': 'cloud_header_fixer', 'dependencies': OrderedDict()}
[0.000621] (point_lio) JobQueued: {'identifier': 'point_lio', 'dependencies': OrderedDict()}
[0.000677] (unitree_lidar_ros2) JobQueued: {'identifier': 'unitree_lidar_ros2', 'dependencies': OrderedDict()}
[0.000724] (unitree_lidar_sdk) JobQueued: {'identifier': 'unitree_lidar_sdk', 'dependencies': OrderedDict()}
[0.000781] (cloud_header_fixer) JobStarted: {'identifier': 'cloud_header_fixer'}
[0.011478] (point_lio) JobStarted: {'identifier': 'point_lio'}
[0.016303] (unitree_lidar_ros2) JobStarted: {'identifier': 'unitree_lidar_ros2'}
[0.021123] (unitree_lidar_sdk) JobStarted: {'identifier': 'unitree_lidar_sdk'}
[0.098766] (-) TimerEvent: {}
[0.199303] (-) TimerEvent: {}
[0.299832] (-) TimerEvent: {}
[0.400352] (-) TimerEvent: {}
[0.413822] (point_lio) JobProgress: {'identifier': 'point_lio', 'progress': 'cmake'}
[0.415654] (point_lio) JobProgress: {'identifier': 'point_lio', 'progress': 'build'}
[0.417427] (point_lio) Command: {'cmd': ['/usr/bin/cmake', '--build', '/home/sauce/ros2_ws/build/point_lio', '--', '-j12', '-l12'], 'cwd': '/home/sauce/ros2_ws/build/point_lio', 'env': OrderedDict([('USER', 'sauce'), ('SSH_CLIENT', '192.168.0.42 59909 22'), ('XDG_SESSION_TYPE', 'tty'), ('SHLVL', '1'), ('LD_LIBRARY_PATH', '/opt/ros/humble/opt/rviz_ogre_vendor/lib:/opt/ros/humble/lib/aarch64-linux-gnu:/opt/ros/humble/lib'), ('MOTD_SHOWN', 'pam'), ('HOME', '/home/sauce'), ('OLDPWD', '/home/sauce/ros2_ws'), ('SSH_TTY', '/dev/pts/2'), ('ROS_PYTHON_VERSION', '3'), ('DBUS_SESSION_BUS_ADDRESS', 'unix:path=/run/user/1000/bus'), ('COLCON_PREFIX_PATH', '/home/sauce/ros2_ws/install'), ('ROS_DISTRO', 'humble'), ('LOGNAME', 'sauce'), ('_', '/usr/bin/colcon'), ('ROS_VERSION', '2'), ('XDG_SESSION_CLASS', 'user'), ('TERM', 'xterm'), ('XDG_SESSION_ID', '35'), ('ROS_LOCALHOST_ONLY', '0'), ('PATH', '/home/sauce/.local/bin:/opt/ros/humble/bin:/usr/local/sbin:/usr/local/bin:/usr/sbin:/usr/bin:/sbin:/bin:/usr/games:/usr/local/games:/snap/bin'), ('XDG_RUNTIME_DIR', '/run/user/1000'), ('DISPLAY', 'localhost:11.0'), ('LANG', 'en_US.UTF-8'), ('RMW_IMPLEMENTATION', 'rmw_fastrtps_cpp'), ('AMENT_PREFIX_PATH', '/home/sauce/ros2_ws/install/unitree_lidar_ros2:/home/sauce/ros2_ws/install/point_lio:/home/sauce/ros2_ws/install/cloud_header_fixer:/opt/ros/humble'), ('SHELL', '/bin/bash'), ('PWD', '/home/sauce/ros2_ws/build/point_lio'), ('LC_ALL', 'en_US.UTF-8'), ('SSH_CONNECTION', '192.168.0.42 59909 192.168.0.152 22'), ('XDG_DATA_DIRS', '/usr/share/gnome:/usr/local/share:/usr/share:/var/lib/snapd/desktop'), ('PYTHONPATH', '/home/sauce/ros2_ws/build/cloud_header_fixer:/home/sauce/ros2_ws/install/cloud_header_fixer/lib/python3.10/site-packages:/opt/ros/humble/lib/python3.10/site-packages:/opt/ros/humble/local/lib/python3.10/dist-packages'), ('COLCON', '1'), ('CMAKE_PREFIX_PATH', '/home/sauce/ros2_ws/install/unitree_lidar_ros2:/home/sauce/ros2_ws/install/point_lio:/home/sauce/ros2_ws/install/cloud_header_fixer:/opt/ros/humble')]), 'shell': False}
[0.424678] (unitree_lidar_ros2) JobProgress: {'identifier': 'unitree_lidar_ros2', 'progress': 'cmake'}
[0.427575] (unitree_lidar_ros2) JobProgress: {'identifier': 'unitree_lidar_ros2', 'progress': 'build'}
[0.428961] (unitree_lidar_ros2) Command: {'cmd': ['/usr/bin/cmake', '--build', '/home/sauce/ros2_ws/build/unitree_lidar_ros2', '--', '-j12', '-l12'], 'cwd': '/home/sauce/ros2_ws/build/unitree_lidar_ros2', 'env': OrderedDict([('USER', 'sauce'), ('SSH_CLIENT', '192.168.0.42 59909 22'), ('XDG_SESSION_TYPE', 'tty'), ('SHLVL', '1'), ('LD_LIBRARY_PATH', '/opt/ros/humble/opt/rviz_ogre_vendor/lib:/opt/ros/humble/lib/aarch64-linux-gnu:/opt/ros/humble/lib'), ('MOTD_SHOWN', 'pam'), ('HOME', '/home/sauce'), ('OLDPWD', '/home/sauce/ros2_ws'), ('SSH_TTY', '/dev/pts/2'), ('ROS_PYTHON_VERSION', '3'), ('DBUS_SESSION_BUS_ADDRESS', 'unix:path=/run/user/1000/bus'), ('COLCON_PREFIX_PATH', '/home/sauce/ros2_ws/install'), ('ROS_DISTRO', 'humble'), ('LOGNAME', 'sauce'), ('_', '/usr/bin/colcon'), ('ROS_VERSION', '2'), ('XDG_SESSION_CLASS', 'user'), ('TERM', 'xterm'), ('XDG_SESSION_ID', '35'), ('ROS_LOCALHOST_ONLY', '0'), ('PATH', '/home/sauce/.local/bin:/opt/ros/humble/bin:/usr/local/sbin:/usr/local/bin:/usr/sbin:/usr/bin:/sbin:/bin:/usr/games:/usr/local/games:/snap/bin'), ('XDG_RUNTIME_DIR', '/run/user/1000'), ('DISPLAY', 'localhost:11.0'), ('LANG', 'en_US.UTF-8'), ('RMW_IMPLEMENTATION', 'rmw_fastrtps_cpp'), ('AMENT_PREFIX_PATH', '/home/sauce/ros2_ws/install/unitree_lidar_ros2:/home/sauce/ros2_ws/install/point_lio:/home/sauce/ros2_ws/install/cloud_header_fixer:/opt/ros/humble'), ('SHELL', '/bin/bash'), ('PWD', '/home/sauce/ros2_ws/build/unitree_lidar_ros2'), ('LC_ALL', 'en_US.UTF-8'), ('SSH_CONNECTION', '192.168.0.42 59909 192.168.0.152 22'), ('XDG_DATA_DIRS', '/usr/share/gnome:/usr/local/share:/usr/share:/var/lib/snapd/desktop'), ('PYTHONPATH', '/home/sauce/ros2_ws/build/cloud_header_fixer:/home/sauce/ros2_ws/install/cloud_header_fixer/lib/python3.10/site-packages:/opt/ros/humble/lib/python3.10/site-packages:/opt/ros/humble/local/lib/python3.10/dist-packages'), ('COLCON', '1'), ('CMAKE_PREFIX_PATH', '/home/sauce/ros2_ws/install/unitree_lidar_ros2:/home/sauce/ros2_ws/install/point_lio:/home/sauce/ros2_ws/install/cloud_header_fixer:/opt/ros/humble')]), 'shell': False}
[0.435532] (unitree_lidar_sdk) JobProgress: {'identifier': 'unitree_lidar_sdk', 'progress': 'cmake'}
[0.436279] (unitree_lidar_sdk) JobProgress: {'identifier': 'unitree_lidar_sdk', 'progress': 'build'}
[0.436575] (unitree_lidar_sdk) Command: {'cmd': ['/usr/bin/cmake', '--build', '/home/sauce/ros2_ws/build/unitree_lidar_sdk', '--', '-j12', '-l12'], 'cwd': '/home/sauce/ros2_ws/build/unitree_lidar_sdk', 'env': OrderedDict([('USER', 'sauce'), ('SSH_CLIENT', '192.168.0.42 59909 22'), ('XDG_SESSION_TYPE', 'tty'), ('SHLVL', '1'), ('LD_LIBRARY_PATH', '/opt/ros/humble/opt/rviz_ogre_vendor/lib:/opt/ros/humble/lib/aarch64-linux-gnu:/opt/ros/humble/lib'), ('MOTD_SHOWN', 'pam'), ('HOME', '/home/sauce'), ('OLDPWD', '/home/sauce/ros2_ws'), ('SSH_TTY', '/dev/pts/2'), ('ROS_PYTHON_VERSION', '3'), ('DBUS_SESSION_BUS_ADDRESS', 'unix:path=/run/user/1000/bus'), ('COLCON_PREFIX_PATH', '/home/sauce/ros2_ws/install'), ('ROS_DISTRO', 'humble'), ('LOGNAME', 'sauce'), ('_', '/usr/bin/colcon'), ('ROS_VERSION', '2'), ('XDG_SESSION_CLASS', 'user'), ('TERM', 'xterm'), ('XDG_SESSION_ID', '35'), ('ROS_LOCALHOST_ONLY', '0'), ('PATH', '/home/sauce/.local/bin:/opt/ros/humble/bin:/usr/local/sbin:/usr/local/bin:/usr/sbin:/usr/bin:/sbin:/bin:/usr/games:/usr/local/games:/snap/bin'), ('XDG_RUNTIME_DIR', '/run/user/1000'), ('DISPLAY', 'localhost:11.0'), ('LANG', 'en_US.UTF-8'), ('RMW_IMPLEMENTATION', 'rmw_fastrtps_cpp'), ('AMENT_PREFIX_PATH', '/home/sauce/ros2_ws/install/unitree_lidar_ros2:/home/sauce/ros2_ws/install/point_lio:/home/sauce/ros2_ws/install/cloud_header_fixer:/opt/ros/humble'), ('SHELL', '/bin/bash'), ('PWD', '/home/sauce/ros2_ws/build/unitree_lidar_sdk'), ('LC_ALL', 'en_US.UTF-8'), ('SSH_CONNECTION', '192.168.0.42 59909 192.168.0.152 22'), ('XDG_DATA_DIRS', '/usr/share/gnome:/usr/local/share:/usr/share:/var/lib/snapd/desktop'), ('PYTHONPATH', '/home/sauce/ros2_ws/build/cloud_header_fixer:/home/sauce/ros2_ws/install/cloud_header_fixer/lib/python3.10/site-packages:/opt/ros/humble/lib/python3.10/site-packages:/opt/ros/humble/local/lib/python3.10/dist-packages'), ('COLCON', '1'), ('CMAKE_PREFIX_PATH', '/home/sauce/ros2_ws/install/unitree_lidar_ros2:/home/sauce/ros2_ws/install/point_lio')]), 'shell': False}
[0.497581] (unitree_lidar_sdk) StdoutLine: {'line': b'[ 30%] Built target example_lidar_serial\n'}
[0.497993] (unitree_lidar_sdk) StdoutLine: {'line': b'[ 40%] Built target example_lidar_udp\n'}
[0.498213] (unitree_lidar_sdk) StdoutLine: {'line': b'[ 80%] Built target set_ip_address\n'}
[0.498369] (unitree_lidar_sdk) StdoutLine: {'line': b'[ 90%] Built target set_to_serial_mode\n'}
[0.498470] (unitree_lidar_sdk) StdoutLine: {'line': b'[100%] Built target set_to_udp_mode\n'}
[0.500459] (-) TimerEvent: {}
[0.516126] (unitree_lidar_sdk) CommandEnded: {'returncode': 0}
[0.527969] (unitree_lidar_ros2) StdoutLine: {'line': b'[100%] Built target unitree_lidar_ros2_node\n'}
[0.535728] (unitree_lidar_sdk) JobEnded: {'identifier': 'unitree_lidar_sdk', 'rc': 0}
[0.536644] (point_lio) StdoutLine: {'line': b'[100%] Built target pointlio_mapping\n'}
[0.548077] (unitree_lidar_ros2) CommandEnded: {'returncode': 0}
[0.549228] (unitree_lidar_ros2) JobProgress: {'identifier': 'unitree_lidar_ros2', 'progress': 'install'}
[0.564612] (unitree_lidar_ros2) Command: {'cmd': ['/usr/bin/cmake', '--install', '/home/sauce/ros2_ws/build/unitree_lidar_ros2'], 'cwd': '/home/sauce/ros2_ws/build/unitree_lidar_ros2', 'env': OrderedDict([('USER', 'sauce'), ('SSH_CLIENT', '192.168.0.42 59909 22'), ('XDG_SESSION_TYPE', 'tty'), ('SHLVL', '1'), ('LD_LIBRARY_PATH', '/opt/ros/humble/opt/rviz_ogre_vendor/lib:/opt/ros/humble/lib/aarch64-linux-gnu:/opt/ros/humble/lib'), ('MOTD_SHOWN', 'pam'), ('HOME', '/home/sauce'), ('OLDPWD', '/home/sauce/ros2_ws'), ('SSH_TTY', '/dev/pts/2'), ('ROS_PYTHON_VERSION', '3'), ('DBUS_SESSION_BUS_ADDRESS', 'unix:path=/run/user/1000/bus'), ('COLCON_PREFIX_PATH', '/home/sauce/ros2_ws/install'), ('ROS_DISTRO', 'humble'), ('LOGNAME', 'sauce'), ('_', '/usr/bin/colcon'), ('ROS_VERSION', '2'), ('XDG_SESSION_CLASS', 'user'), ('TERM', 'xterm'), ('XDG_SESSION_ID', '35'), ('ROS_LOCALHOST_ONLY', '0'), ('PATH', '/home/sauce/.local/bin:/opt/ros/humble/bin:/usr/local/sbin:/usr/local/bin:/usr/sbin:/usr/bin:/sbin:/bin:/usr/games:/usr/local/games:/snap/bin'), ('XDG_RUNTIME_DIR', '/run/user/1000'), ('DISPLAY', 'localhost:11.0'), ('LANG', 'en_US.UTF-8'), ('RMW_IMPLEMENTATION', 'rmw_fastrtps_cpp'), ('AMENT_PREFIX_PATH', '/home/sauce/ros2_ws/install/unitree_lidar_ros2:/home/sauce/ros2_ws/install/point_lio:/home/sauce/ros2_ws/install/cloud_header_fixer:/opt/ros/humble'), ('SHELL', '/bin/bash'), ('PWD', '/home/sauce/ros2_ws/build/unitree_lidar_ros2'), ('LC_ALL', 'en_US.UTF-8'), ('SSH_CONNECTION', '192.168.0.42 59909 192.168.0.152 22'), ('XDG_DATA_DIRS', '/usr/share/gnome:/usr/local/share:/usr/share:/var/lib/snapd/desktop'), ('PYTHONPATH', '/home/sauce/ros2_ws/build/cloud_header_fixer:/home/sauce/ros2_ws/install/cloud_header_fixer/lib/python3.10/site-packages:/opt/ros/humble/lib/python3.10/site-packages:/opt/ros/humble/local/lib/python3.10/dist-packages'), ('COLCON', '1'), ('CMAKE_PREFIX_PATH', '/home/sauce/ros2_ws/install/unitree_lidar_ros2:/home/sauce/ros2_ws/install/point_lio:/home/sauce/ros2_ws/install/cloud_header_fixer:/opt/ros/humble')]), 'shell': False}
[0.569444] (point_lio) CommandEnded: {'returncode': 0}
[0.571008] (point_lio) JobProgress: {'identifier': 'point_lio', 'progress': 'install'}
[0.572388] (point_lio) Command: {'cmd': ['/usr/bin/cmake', '--install', '/home/sauce/ros2_ws/build/point_lio'], 'cwd': '/home/sauce/ros2_ws/build/point_lio', 'env': OrderedDict([('USER', 'sauce'), ('SSH_CLIENT', '192.168.0.42 59909 22'), ('XDG_SESSION_TYPE', 'tty'), ('SHLVL', '1'), ('LD_LIBRARY_PATH', '/opt/ros/humble/opt/rviz_ogre_vendor/lib:/opt/ros/humble/lib/aarch64-linux-gnu:/opt/ros/humble/lib'), ('MOTD_SHOWN', 'pam'), ('HOME', '/home/sauce'), ('OLDPWD', '/home/sauce/ros2_ws'), ('SSH_TTY', '/dev/pts/2'), ('ROS_PYTHON_VERSION', '3'), ('DBUS_SESSION_BUS_ADDRESS', 'unix:path=/run/user/1000/bus'), ('COLCON_PREFIX_PATH', '/home/sauce/ros2_ws/install'), ('ROS_DISTRO', 'humble'), ('LOGNAME', 'sauce'), ('_', '/usr/bin/colcon'), ('ROS_VERSION', '2'), ('XDG_SESSION_CLASS', 'user'), ('TERM', 'xterm'), ('XDG_SESSION_ID', '35'), ('ROS_LOCALHOST_ONLY', '0'), ('PATH', '/home/sauce/.local/bin:/opt/ros/humble/bin:/usr/local/sbin:/usr/local/bin:/usr/sbin:/usr/bin:/sbin:/bin:/usr/games:/usr/local/games:/snap/bin'), ('XDG_RUNTIME_DIR', '/run/user/1000'), ('DISPLAY', 'localhost:11.0'), ('LANG', 'en_US.UTF-8'), ('RMW_IMPLEMENTATION', 'rmw_fastrtps_cpp'), ('AMENT_PREFIX_PATH', '/home/sauce/ros2_ws/install/unitree_lidar_ros2:/home/sauce/ros2_ws/install/point_lio:/home/sauce/ros2_ws/install/cloud_header_fixer:/opt/ros/humble'), ('SHELL', '/bin/bash'), ('PWD', '/home/sauce/ros2_ws/build/point_lio'), ('LC_ALL', 'en_US.UTF-8'), ('SSH_CONNECTION', '192.168.0.42 59909 192.168.0.152 22'), ('XDG_DATA_DIRS', '/usr/share/gnome:/usr/local/share:/usr/share:/var/lib/snapd/desktop'), ('PYTHONPATH', '/home/sauce/ros2_ws/build/cloud_header_fixer:/home/sauce/ros2_ws/install/cloud_header_fixer/lib/python3.10/site-packages:/opt/ros/humble/lib/python3.10/site-packages:/opt/ros/humble/local/lib/python3.10/dist-packages'), ('COLCON', '1'), ('CMAKE_PREFIX_PATH', '/home/sauce/ros2_ws/install/unitree_lidar_ros2:/home/sauce/ros2_ws/install/point_lio:/home/sauce/ros2_ws/install/cloud_header_fixer:/opt/ros/humble')]), 'shell': False}
[0.577908] (unitree_lidar_ros2) StdoutLine: {'line': b'-- Install configuration: ""\n'}
[0.578650] (unitree_lidar_ros2) StdoutLine: {'line': b'-- Execute custom install script\n'}
[0.579155] (unitree_lidar_ros2) StdoutLine: {'line': b'-- Up-to-date symlink: /home/sauce/ros2_ws/install/unitree_lidar_ros2/lib/unitree_lidar_ros2/unitree_lidar_ros2_node\n'}
[0.579446] (unitree_lidar_ros2) StdoutLine: {'line': b'-- Up-to-date symlink: /home/sauce/ros2_ws/install/unitree_lidar_ros2/share/unitree_lidar_ros2/view.rviz\n'}
[0.579662] (unitree_lidar_ros2) StdoutLine: {'line': b'-- Up-to-date symlink: /home/sauce/ros2_ws/install/unitree_lidar_ros2/share/unitree_lidar_ros2/launch.py\n'}
[0.579941] (unitree_lidar_ros2) StdoutLine: {'line': b'-- Up-to-date symlink: /home/sauce/ros2_ws/install/unitree_lidar_ros2/share/ament_index/resource_index/package_run_dependencies/unitree_lidar_ros2\n'}
[0.580224] (unitree_lidar_ros2) StdoutLine: {'line': b'-- Up-to-date symlink: /home/sauce/ros2_ws/install/unitree_lidar_ros2/share/ament_index/resource_index/parent_prefix_path/unitree_lidar_ros2\n'}
[0.580492] (unitree_lidar_ros2) StdoutLine: {'line': b'-- Up-to-date symlink: /home/sauce/ros2_ws/install/unitree_lidar_ros2/share/unitree_lidar_ros2/environment/ament_prefix_path.sh\n'}
[0.580755] (unitree_lidar_ros2) StdoutLine: {'line': b'-- Up-to-date symlink: /home/sauce/ros2_ws/install/unitree_lidar_ros2/share/unitree_lidar_ros2/environment/ament_prefix_path.dsv\n'}
[0.581014] (unitree_lidar_ros2) StdoutLine: {'line': b'-- Up-to-date symlink: /home/sauce/ros2_ws/install/unitree_lidar_ros2/share/unitree_lidar_ros2/environment/path.sh\n'}
[0.581258] (unitree_lidar_ros2) StdoutLine: {'line': b'-- Up-to-date symlink: /home/sauce/ros2_ws/install/unitree_lidar_ros2/share/unitree_lidar_ros2/environment/path.dsv\n'}
[0.581495] (unitree_lidar_ros2) StdoutLine: {'line': b'-- Up-to-date symlink: /home/sauce/ros2_ws/install/unitree_lidar_ros2/share/unitree_lidar_ros2/local_setup.bash\n'}
[0.581731] (unitree_lidar_ros2) StdoutLine: {'line': b'-- Up-to-date symlink: /home/sauce/ros2_ws/install/unitree_lidar_ros2/share/unitree_lidar_ros2/local_setup.sh\n'}
[0.581963] (unitree_lidar_ros2) StdoutLine: {'line': b'-- Up-to-date symlink: /home/sauce/ros2_ws/install/unitree_lidar_ros2/share/unitree_lidar_ros2/local_setup.zsh\n'}
[0.582194] (unitree_lidar_ros2) StdoutLine: {'line': b'-- Up-to-date symlink: /home/sauce/ros2_ws/install/unitree_lidar_ros2/share/unitree_lidar_ros2/local_setup.dsv\n'}
[0.582379] (unitree_lidar_ros2) StdoutLine: {'line': b'-- Symlinking: /home/sauce/ros2_ws/install/unitree_lidar_ros2/share/unitree_lidar_ros2/package.dsv\n'}
[0.584812] (point_lio) StdoutLine: {'line': b'-- Install configuration: ""\n'}
[0.585339] (point_lio) StdoutLine: {'line': b'-- Execute custom install script\n'}
[0.585819] (point_lio) StdoutLine: {'line': b'-- Up-to-date symlink: /home/sauce/ros2_ws/install/point_lio/lib/point_lio/pointlio_mapping\n'}
[0.586413] (point_lio) StdoutLine: {'line': b'-- Up-to-date symlink: /home/sauce/ros2_ws/install/point_lio/share/point_lio/config/avia.yaml\n'}
[0.586588] (point_lio) StdoutLine: {'line': b'-- Up-to-date symlink: /home/sauce/ros2_ws/install/point_lio/share/point_lio/config/horizon.yaml\n'}
[0.586758] (point_lio) StdoutLine: {'line': b'-- Up-to-date symlink: /home/sauce/ros2_ws/install/point_lio/share/point_lio/config/mid360.yaml\n'}
[0.586921] (point_lio) StdoutLine: {'line': b'-- Up-to-date symlink: /home/sauce/ros2_ws/install/point_lio/share/point_lio/config/ouster64.yaml\n'}
[0.587096] (point_lio) StdoutLine: {'line': b'-- Up-to-date symlink: /home/sauce/ros2_ws/install/point_lio/share/point_lio/config/unilidar_l1.yaml\n'}
[0.587273] (point_lio) StdoutLine: {'line': b'-- Up-to-date symlink: /home/sauce/ros2_ws/install/point_lio/share/point_lio/config/unilidar_l2.yaml\n'}
[0.587412] (point_lio) StdoutLine: {'line': b'-- Up-to-date symlink: /home/sauce/ros2_ws/install/point_lio/share/point_lio/config/velody16.yaml\n'}
[0.587866] (point_lio) StdoutLine: {'line': b'-- Up-to-date symlink: /home/sauce/ros2_ws/install/point_lio/share/point_lio/launch/correct_odom_unilidar_l1.launch.py\n'}
[0.588032] (point_lio) StdoutLine: {'line': b'-- Up-to-date symlink: /home/sauce/ros2_ws/install/point_lio/share/point_lio/launch/correct_odom_unilidar_l2.launch.py\n'}
[0.588199] (point_lio) StdoutLine: {'line': b'-- Up-to-date symlink: /home/sauce/ros2_ws/install/point_lio/share/point_lio/launch/gdb_debug_example.launch.py\n'}
[0.588368] (point_lio) StdoutLine: {'line': b'-- Up-to-date symlink: /home/sauce/ros2_ws/install/point_lio/share/point_lio/launch/mapping_avia.launch.py\n'}
[0.588525] (point_lio) StdoutLine: {'line': b'-- Up-to-date symlink: /home/sauce/ros2_ws/install/point_lio/share/point_lio/launch/mapping_horizon.launch.py\n'}
[0.588716] (point_lio) StdoutLine: {'line': b'-- Up-to-date symlink: /home/sauce/ros2_ws/install/point_lio/share/point_lio/launch/mapping_mid360.launch.py\n'}
[0.588870] (point_lio) StdoutLine: {'line': b'-- Up-to-date symlink: /home/sauce/ros2_ws/install/point_lio/share/point_lio/launch/mapping_ouster64.launch.py\n'}
[0.589024] (point_lio) StdoutLine: {'line': b'-- Up-to-date symlink: /home/sauce/ros2_ws/install/point_lio/share/point_lio/launch/mapping_unilidar_l1.launch.py\n'}
[0.589176] (point_lio) StdoutLine: {'line': b'-- Up-to-date symlink: /home/sauce/ros2_ws/install/point_lio/share/point_lio/launch/mapping_unilidar_l2.launch.py\n'}
[0.589328] (point_lio) StdoutLine: {'line': b'-- Up-to-date symlink: /home/sauce/ros2_ws/install/point_lio/share/point_lio/launch/mapping_velody16.launch.py\n'}
[0.589646] (point_lio) StdoutLine: {'line': b'-- Up-to-date symlink: /home/sauce/ros2_ws/install/point_lio/share/point_lio/rviz_cfg/loam_livox.rviz\n'}
[0.589937] (point_lio) StdoutLine: {'line': b'-- Up-to-date symlink: /home/sauce/ros2_ws/install/point_lio/share/ament_index/resource_index/package_run_dependencies/point_lio\n'}
[0.590194] (point_lio) StdoutLine: {'line': b'-- Up-to-date symlink: /home/sauce/ros2_ws/install/point_lio/share/ament_index/resource_index/parent_prefix_path/point_lio\n'}
[0.590444] (point_lio) StdoutLine: {'line': b'-- Up-to-date symlink: /home/sauce/ros2_ws/install/point_lio/share/point_lio/environment/ament_prefix_path.sh\n'}
[0.590671] (point_lio) StdoutLine: {'line': b'-- Up-to-date symlink: /home/sauce/ros2_ws/install/point_lio/share/point_lio/environment/ament_prefix_path.dsv\n'}
[0.590903] (point_lio) StdoutLine: {'line': b'-- Up-to-date symlink: /home/sauce/ros2_ws/install/point_lio/share/point_lio/environment/path.sh\n'}
[0.591124] (point_lio) StdoutLine: {'line': b'-- Up-to-date symlink: /home/sauce/ros2_ws/install/point_lio/share/point_lio/environment/path.dsv\n'}
[0.591341] (point_lio) StdoutLine: {'line': b'-- Up-to-date symlink: /home/sauce/ros2_ws/install/point_lio/share/point_lio/local_setup.bash\n'}
[0.591561] (point_lio) StdoutLine: {'line': b'-- Up-to-date symlink: /home/sauce/ros2_ws/install/point_lio/share/point_lio/local_setup.sh\n'}
[0.591773] (point_lio) StdoutLine: {'line': b'-- Up-to-date symlink: /home/sauce/ros2_ws/install/point_lio/share/point_lio/local_setup.zsh\n'}
[0.591986] (point_lio) StdoutLine: {'line': b'-- Up-to-date symlink: /home/sauce/ros2_ws/install/point_lio/share/point_lio/local_setup.dsv\n'}
[0.592151] (point_lio) StdoutLine: {'line': b'-- Symlinking: /home/sauce/ros2_ws/install/point_lio/share/point_lio/package.dsv\n'}
[0.595391] (unitree_lidar_ros2) StdoutLine: {'line': b'-- Up-to-date symlink: /home/sauce/ros2_ws/install/unitree_lidar_ros2/share/ament_index/resource_index/packages/unitree_lidar_ros2\n'}
[0.595624] (unitree_lidar_ros2) StdoutLine: {'line': b'-- Up-to-date symlink: /home/sauce/ros2_ws/install/unitree_lidar_ros2/share/unitree_lidar_ros2/cmake/unitree_lidar_ros2Config.cmake\n'}
[0.595803] (unitree_lidar_ros2) StdoutLine: {'line': b'-- Up-to-date symlink: /home/sauce/ros2_ws/install/unitree_lidar_ros2/share/unitree_lidar_ros2/cmake/unitree_lidar_ros2Config-version.cmake\n'}
[0.596059] (unitree_lidar_ros2) StdoutLine: {'line': b'-- Up-to-date symlink: /home/sauce/ros2_ws/install/unitree_lidar_ros2/share/unitree_lidar_ros2/package.xml\n'}
[0.596512] (unitree_lidar_ros2) StdoutLine: {'line': b'-- Up-to-date symlink: /home/sauce/ros2_ws/install/unitree_lidar_ros2/lib/unitree_lidar_ros2/unitree_lidar_ros2_node\n'}
[0.599673] (unitree_lidar_ros2) CommandEnded: {'returncode': 0}
[0.600959] (-) TimerEvent: {}
[0.606954] (point_lio) StdoutLine: {'line': b'-- Up-to-date symlink: /home/sauce/ros2_ws/install/point_lio/share/ament_index/resource_index/packages/point_lio\n'}
[0.608376] (point_lio) StdoutLine: {'line': b'-- Up-to-date symlink: /home/sauce/ros2_ws/install/point_lio/share/point_lio/cmake/ament_cmake_export_dependencies-extras.cmake\n'}
[0.608677] (point_lio) StdoutLine: {'line': b'-- Up-to-date symlink: /home/sauce/ros2_ws/install/point_lio/share/point_lio/cmake/point_lioConfig.cmake\n'}
[0.609265] (point_lio) StdoutLine: {'line': b'-- Up-to-date symlink: /home/sauce/ros2_ws/install/point_lio/share/point_lio/cmake/point_lioConfig-version.cmake\n'}
[0.609557] (point_lio) StdoutLine: {'line': b'-- Up-to-date symlink: /home/sauce/ros2_ws/install/point_lio/share/point_lio/package.xml\n'}
[0.634443] (unitree_lidar_ros2) JobEnded: {'identifier': 'unitree_lidar_ros2', 'rc': 0}
[0.637896] (point_lio) CommandEnded: {'returncode': 0}
[0.670794] (point_lio) JobEnded: {'identifier': 'point_lio', 'rc': 0}
[0.701074] (-) TimerEvent: {}
[0.801479] (-) TimerEvent: {}
[0.901889] (-) TimerEvent: {}
[0.910162] (cloud_header_fixer) Command: {'cmd': ['/usr/bin/python3', '-W', 'ignore:setup.py install is deprecated', '-W', 'ignore:easy_install command is deprecated', 'setup.py', 'develop', '--editable', '--build-directory', '/home/sauce/ros2_ws/build/cloud_header_fixer/build', '--no-deps', 'symlink_data'], 'cwd': '/home/sauce/ros2_ws/build/cloud_header_fixer', 'env': {'USER': 'sauce', 'SSH_CLIENT': '192.168.0.42 59909 22', 'XDG_SESSION_TYPE': 'tty', 'SHLVL': '1', 'LD_LIBRARY_PATH': '/opt/ros/humble/opt/rviz_ogre_vendor/lib:/opt/ros/humble/lib/aarch64-linux-gnu:/opt/ros/humble/lib', 'MOTD_SHOWN': 'pam', 'HOME': '/home/sauce', 'OLDPWD': '/home/sauce/ros2_ws', 'SSH_TTY': '/dev/pts/2', 'ROS_PYTHON_VERSION': '3', 'DBUS_SESSION_BUS_ADDRESS': 'unix:path=/run/user/1000/bus', 'COLCON_PREFIX_PATH': '/home/sauce/ros2_ws/install', 'ROS_DISTRO': 'humble', 'LOGNAME': 'sauce', '_': '/usr/bin/colcon', 'ROS_VERSION': '2', 'XDG_SESSION_CLASS': 'user', 'TERM': 'xterm', 'XDG_SESSION_ID': '35', 'ROS_LOCALHOST_ONLY': '0', 'PATH': '/home/sauce/.local/bin:/opt/ros/humble/bin:/usr/local/sbin:/usr/local/bin:/usr/sbin:/usr/bin:/sbin:/bin:/usr/games:/usr/local/games:/snap/bin', 'XDG_RUNTIME_DIR': '/run/user/1000', 'DISPLAY': 'localhost:11.0', 'LANG': 'en_US.UTF-8', 'RMW_IMPLEMENTATION': 'rmw_fastrtps_cpp', 'AMENT_PREFIX_PATH': '/home/sauce/ros2_ws/install/unitree_lidar_ros2:/home/sauce/ros2_ws/install/point_lio:/home/sauce/ros2_ws/install/cloud_header_fixer:/opt/ros/humble', 'SHELL': '/bin/bash', 'PWD': '/home/sauce/ros2_ws/build/cloud_header_fixer', 'LC_ALL': 'en_US.UTF-8', 'SSH_CONNECTION': '192.168.0.42 59909 192.168.0.152 22', 'XDG_DATA_DIRS': '/usr/share/gnome:/usr/local/share:/usr/share:/var/lib/snapd/desktop', 'PYTHONPATH': '/home/sauce/ros2_ws/build/cloud_header_fixer/prefix_override:/usr/lib/python3/dist-packages/colcon_core/task/python/colcon_distutils_commands:/home/sauce/ros2_ws/install/cloud_header_fixer/lib/python3.10/site-packages:/home/sauce/ros2_ws/build/cloud_header_fixer:/home/sauce/ros2_ws/install/cloud_header_fixer/lib/python3.10/site-packages:/opt/ros/humble/lib/python3.10/site-packages:/opt/ros/humble/local/lib/python3.10/dist-packages', 'COLCON': '1', 'CMAKE_PREFIX_PATH': '/home/sauce/ros2_ws/install/unitree_lidar_ros2:/home/sauce/ros2_ws/install/point_lio'}, 'shell': False}
[1.002013] (-) TimerEvent: {}
[1.102474] (-) TimerEvent: {}
[1.202885] (-) TimerEvent: {}
[1.274213] (cloud_header_fixer) StdoutLine: {'line': b'running develop\n'}
[1.302977] (-) TimerEvent: {}
[1.403346] (-) TimerEvent: {}
[1.497789] (cloud_header_fixer) StdoutLine: {'line': b'running egg_info\n'}
[1.498213] (cloud_header_fixer) StdoutLine: {'line': b'writing cloud_header_fixer.egg-info/PKG-INFO\n'}
[1.498668] (cloud_header_fixer) StdoutLine: {'line': b'writing dependency_links to cloud_header_fixer.egg-info/dependency_links.txt\n'}
[1.498932] (cloud_header_fixer) StdoutLine: {'line': b'writing entry points to cloud_header_fixer.egg-info/entry_points.txt\n'}
[1.499292] (cloud_header_fixer) StdoutLine: {'line': b'writing requirements to cloud_header_fixer.egg-info/requires.txt\n'}
[1.499532] (cloud_header_fixer) StdoutLine: {'line': b'writing top-level names to cloud_header_fixer.egg-info/top_level.txt\n'}
[1.501387] (cloud_header_fixer) StdoutLine: {'line': b"reading manifest file 'cloud_header_fixer.egg-info/SOURCES.txt'\n"}
[1.502299] (cloud_header_fixer) StdoutLine: {'line': b"writing manifest file 'cloud_header_fixer.egg-info/SOURCES.txt'\n"}
[1.503432] (-) TimerEvent: {}
[1.504120] (cloud_header_fixer) StdoutLine: {'line': b'running build_ext\n'}
[1.504512] (cloud_header_fixer) StdoutLine: {'line': b'Creating /home/sauce/ros2_ws/install/cloud_header_fixer/lib/python3.10/site-packages/cloud-header-fixer.egg-link (link to .)\n'}
[1.505642] (cloud_header_fixer) StdoutLine: {'line': b'Installing fix_cloud script to /home/sauce/ros2_ws/install/cloud_header_fixer/lib/cloud_header_fixer\n'}
[1.506054] (cloud_header_fixer) StdoutLine: {'line': b'\n'}
[1.506291] (cloud_header_fixer) StdoutLine: {'line': b'Installed /home/sauce/ros2_ws/build/cloud_header_fixer\n'}
[1.506513] (cloud_header_fixer) StdoutLine: {'line': b'running symlink_data\n'}
[1.559242] (cloud_header_fixer) CommandEnded: {'returncode': 0}
[1.588765] (cloud_header_fixer) JobEnded: {'identifier': 'cloud_header_fixer', 'rc': 0}
[1.591072] (-) EventReactorShutdown: {}
