[0.149s] DEBUG:colcon:Command line arguments: ['/usr/bin/colcon', 'build', '--symlink-install']
[0.149s] DEBUG:colcon:Parsed command line arguments: Namespace(log_base=None, log_level=None, verb_name='build', build_base='build', install_base='install', merge_install=False, symlink_install=True, test_result_base=None, continue_on_error=False, executor='parallel', parallel_workers=12, event_handlers=None, ignore_user_meta=False, metas=['./colcon.meta'], base_paths=['.'], packages_ignore=None, packages_ignore_regex=None, paths=None, packages_up_to=None, packages_up_to_regex=None, packages_above=None, packages_above_and_dependencies=None, packages_above_depth=None, packages_select_by_dep=None, packages_skip_by_dep=None, packages_skip_up_to=None, packages_select_build_failed=False, packages_skip_build_finished=False, packages_select_test_failures=False, packages_skip_test_passed=False, packages_select=None, packages_skip=None, packages_select_regex=None, packages_skip_regex=None, packages_start=None, packages_end=None, allow_overriding=[], cmake_args=None, cmake_target=None, cmake_target_skip_unavailable=False, cmake_clean_cache=False, cmake_clean_first=False, cmake_force_configure=False, ament_cmake_args=None, catkin_cmake_args=None, catkin_skip_building_tests=False, verb_parser=<colcon_defaults.argument_parser.defaults.DefaultArgumentsDecorator object at 0xffff8c72bb50>, verb_extension=<colcon_core.verb.build.BuildVerb object at 0xffff8c72b610>, main=<bound method BuildVerb.main of <colcon_core.verb.build.BuildVerb object at 0xffff8c72b610>>)
[0.381s] Level 1:colcon.colcon_core.package_discovery:discover_packages(colcon_meta) check parameters
[0.381s] Level 1:colcon.colcon_core.package_discovery:discover_packages(recursive) check parameters
[0.381s] Level 1:colcon.colcon_core.package_discovery:discover_packages(ignore) check parameters
[0.381s] Level 1:colcon.colcon_core.package_discovery:discover_packages(path) check parameters
[0.381s] Level 1:colcon.colcon_core.package_discovery:discover_packages(colcon_meta) discover
[0.381s] Level 1:colcon.colcon_core.package_discovery:discover_packages(recursive) discover
[0.381s] INFO:colcon.colcon_core.package_discovery:Crawling recursively for packages in '/home/sauce/ros2_ws'
[0.382s] Level 1:colcon.colcon_core.package_identification:_identify(.) by extensions ['ignore', 'ignore_ament_install']
[0.382s] Level 1:colcon.colcon_core.package_identification:_identify(.) by extension 'ignore'
[0.382s] Level 1:colcon.colcon_core.package_identification:_identify(.) by extension 'ignore_ament_install'
[0.382s] Level 1:colcon.colcon_core.package_identification:_identify(.) by extensions ['colcon_pkg']
[0.382s] Level 1:colcon.colcon_core.package_identification:_identify(.) by extension 'colcon_pkg'
[0.382s] Level 1:colcon.colcon_core.package_identification:_identify(.) by extensions ['colcon_meta']
[0.382s] Level 1:colcon.colcon_core.package_identification:_identify(.) by extension 'colcon_meta'
[0.382s] Level 1:colcon.colcon_core.package_identification:_identify(.) by extensions ['ros']
[0.382s] Level 1:colcon.colcon_core.package_identification:_identify(.) by extension 'ros'
[0.398s] Level 1:colcon.colcon_core.package_identification:_identify(.) by extensions ['cmake', 'python']
[0.398s] Level 1:colcon.colcon_core.package_identification:_identify(.) by extension 'cmake'
[0.398s] Level 1:colcon.colcon_core.package_identification:_identify(.) by extension 'python'
[0.398s] Level 1:colcon.colcon_core.package_identification:_identify(.) by extensions ['python_setup_py']
[0.398s] Level 1:colcon.colcon_core.package_identification:_identify(.) by extension 'python_setup_py'
[0.399s] Level 1:colcon.colcon_core.package_identification:_identify(build) by extensions ['ignore', 'ignore_ament_install']
[0.399s] Level 1:colcon.colcon_core.package_identification:_identify(build) by extension 'ignore'
[0.399s] Level 1:colcon.colcon_core.package_identification:_identify(build) ignored
[0.399s] Level 1:colcon.colcon_core.package_identification:_identify(install) by extensions ['ignore', 'ignore_ament_install']
[0.399s] Level 1:colcon.colcon_core.package_identification:_identify(install) by extension 'ignore'
[0.399s] Level 1:colcon.colcon_core.package_identification:_identify(install) ignored
[0.399s] Level 1:colcon.colcon_core.package_identification:_identify(log) by extensions ['ignore', 'ignore_ament_install']
[0.399s] Level 1:colcon.colcon_core.package_identification:_identify(log) by extension 'ignore'
[0.399s] Level 1:colcon.colcon_core.package_identification:_identify(log) ignored
[0.400s] Level 1:colcon.colcon_core.package_identification:_identify(src) by extensions ['ignore', 'ignore_ament_install']
[0.400s] Level 1:colcon.colcon_core.package_identification:_identify(src) by extension 'ignore'
[0.400s] Level 1:colcon.colcon_core.package_identification:_identify(src) by extension 'ignore_ament_install'
[0.400s] Level 1:colcon.colcon_core.package_identification:_identify(src) by extensions ['colcon_pkg']
[0.400s] Level 1:colcon.colcon_core.package_identification:_identify(src) by extension 'colcon_pkg'
[0.400s] Level 1:colcon.colcon_core.package_identification:_identify(src) by extensions ['colcon_meta']
[0.400s] Level 1:colcon.colcon_core.package_identification:_identify(src) by extension 'colcon_meta'
[0.400s] Level 1:colcon.colcon_core.package_identification:_identify(src) by extensions ['ros']
[0.400s] Level 1:colcon.colcon_core.package_identification:_identify(src) by extension 'ros'
[0.400s] Level 1:colcon.colcon_core.package_identification:_identify(src) by extensions ['cmake', 'python']
[0.400s] Level 1:colcon.colcon_core.package_identification:_identify(src) by extension 'cmake'
[0.400s] Level 1:colcon.colcon_core.package_identification:_identify(src) by extension 'python'
[0.400s] Level 1:colcon.colcon_core.package_identification:_identify(src) by extensions ['python_setup_py']
[0.400s] Level 1:colcon.colcon_core.package_identification:_identify(src) by extension 'python_setup_py'
[0.401s] Level 1:colcon.colcon_core.package_identification:_identify(src/cloud_header_fixer) by extensions ['ignore', 'ignore_ament_install']
[0.401s] Level 1:colcon.colcon_core.package_identification:_identify(src/cloud_header_fixer) by extension 'ignore'
[0.401s] Level 1:colcon.colcon_core.package_identification:_identify(src/cloud_header_fixer) by extension 'ignore_ament_install'
[0.401s] Level 1:colcon.colcon_core.package_identification:_identify(src/cloud_header_fixer) by extensions ['colcon_pkg']
[0.401s] Level 1:colcon.colcon_core.package_identification:_identify(src/cloud_header_fixer) by extension 'colcon_pkg'
[0.401s] Level 1:colcon.colcon_core.package_identification:_identify(src/cloud_header_fixer) by extensions ['colcon_meta']
[0.401s] Level 1:colcon.colcon_core.package_identification:_identify(src/cloud_header_fixer) by extension 'colcon_meta'
[0.401s] Level 1:colcon.colcon_core.package_identification:_identify(src/cloud_header_fixer) by extensions ['ros']
[0.401s] Level 1:colcon.colcon_core.package_identification:_identify(src/cloud_header_fixer) by extension 'ros'
[0.404s] DEBUG:colcon.colcon_core.package_identification:Package 'src/cloud_header_fixer' with type 'ros.ament_python' and name 'cloud_header_fixer'
[0.404s] Level 1:colcon.colcon_core.package_identification:_identify(src/point_lio_ros2) by extensions ['ignore', 'ignore_ament_install']
[0.405s] Level 1:colcon.colcon_core.package_identification:_identify(src/point_lio_ros2) by extension 'ignore'
[0.405s] Level 1:colcon.colcon_core.package_identification:_identify(src/point_lio_ros2) by extension 'ignore_ament_install'
[0.405s] Level 1:colcon.colcon_core.package_identification:_identify(src/point_lio_ros2) by extensions ['colcon_pkg']
[0.405s] Level 1:colcon.colcon_core.package_identification:_identify(src/point_lio_ros2) by extension 'colcon_pkg'
[0.405s] Level 1:colcon.colcon_core.package_identification:_identify(src/point_lio_ros2) by extensions ['colcon_meta']
[0.405s] Level 1:colcon.colcon_core.package_identification:_identify(src/point_lio_ros2) by extension 'colcon_meta'
[0.405s] Level 1:colcon.colcon_core.package_identification:_identify(src/point_lio_ros2) by extensions ['ros']
[0.405s] Level 1:colcon.colcon_core.package_identification:_identify(src/point_lio_ros2) by extension 'ros'
[0.407s] DEBUG:colcon.colcon_core.package_identification:Package 'src/point_lio_ros2' with type 'ros.ament_cmake' and name 'point_lio'
[0.407s] Level 1:colcon.colcon_core.package_identification:_identify(src/unilidar_sdk2) by extensions ['ignore', 'ignore_ament_install']
[0.407s] Level 1:colcon.colcon_core.package_identification:_identify(src/unilidar_sdk2) by extension 'ignore'
[0.407s] Level 1:colcon.colcon_core.package_identification:_identify(src/unilidar_sdk2) by extension 'ignore_ament_install'
[0.407s] Level 1:colcon.colcon_core.package_identification:_identify(src/unilidar_sdk2) by extensions ['colcon_pkg']
[0.407s] Level 1:colcon.colcon_core.package_identification:_identify(src/unilidar_sdk2) by extension 'colcon_pkg'
[0.407s] Level 1:colcon.colcon_core.package_identification:_identify(src/unilidar_sdk2) by extensions ['colcon_meta']
[0.407s] Level 1:colcon.colcon_core.package_identification:_identify(src/unilidar_sdk2) by extension 'colcon_meta'
[0.408s] Level 1:colcon.colcon_core.package_identification:_identify(src/unilidar_sdk2) by extensions ['ros']
[0.408s] Level 1:colcon.colcon_core.package_identification:_identify(src/unilidar_sdk2) by extension 'ros'
[0.408s] Level 1:colcon.colcon_core.package_identification:_identify(src/unilidar_sdk2) by extensions ['cmake', 'python']
[0.408s] Level 1:colcon.colcon_core.package_identification:_identify(src/unilidar_sdk2) by extension 'cmake'
[0.408s] Level 1:colcon.colcon_core.package_identification:_identify(src/unilidar_sdk2) by extension 'python'
[0.408s] Level 1:colcon.colcon_core.package_identification:_identify(src/unilidar_sdk2) by extensions ['python_setup_py']
[0.408s] Level 1:colcon.colcon_core.package_identification:_identify(src/unilidar_sdk2) by extension 'python_setup_py'
[0.408s] Level 1:colcon.colcon_core.package_identification:_identify(src/unilidar_sdk2/docs) by extensions ['ignore', 'ignore_ament_install']
[0.408s] Level 1:colcon.colcon_core.package_identification:_identify(src/unilidar_sdk2/docs) by extension 'ignore'
[0.408s] Level 1:colcon.colcon_core.package_identification:_identify(src/unilidar_sdk2/docs) by extension 'ignore_ament_install'
[0.408s] Level 1:colcon.colcon_core.package_identification:_identify(src/unilidar_sdk2/docs) by extensions ['colcon_pkg']
[0.408s] Level 1:colcon.colcon_core.package_identification:_identify(src/unilidar_sdk2/docs) by extension 'colcon_pkg'
[0.408s] Level 1:colcon.colcon_core.package_identification:_identify(src/unilidar_sdk2/docs) by extensions ['colcon_meta']
[0.408s] Level 1:colcon.colcon_core.package_identification:_identify(src/unilidar_sdk2/docs) by extension 'colcon_meta'
[0.409s] Level 1:colcon.colcon_core.package_identification:_identify(src/unilidar_sdk2/docs) by extensions ['ros']
[0.409s] Level 1:colcon.colcon_core.package_identification:_identify(src/unilidar_sdk2/docs) by extension 'ros'
[0.409s] Level 1:colcon.colcon_core.package_identification:_identify(src/unilidar_sdk2/docs) by extensions ['cmake', 'python']
[0.409s] Level 1:colcon.colcon_core.package_identification:_identify(src/unilidar_sdk2/docs) by extension 'cmake'
[0.409s] Level 1:colcon.colcon_core.package_identification:_identify(src/unilidar_sdk2/docs) by extension 'python'
[0.409s] Level 1:colcon.colcon_core.package_identification:_identify(src/unilidar_sdk2/docs) by extensions ['python_setup_py']
[0.409s] Level 1:colcon.colcon_core.package_identification:_identify(src/unilidar_sdk2/docs) by extension 'python_setup_py'
[0.409s] Level 1:colcon.colcon_core.package_identification:_identify(src/unilidar_sdk2/unitree_lidar_sdk) by extensions ['ignore', 'ignore_ament_install']
[0.409s] Level 1:colcon.colcon_core.package_identification:_identify(src/unilidar_sdk2/unitree_lidar_sdk) by extension 'ignore'
[0.409s] Level 1:colcon.colcon_core.package_identification:_identify(src/unilidar_sdk2/unitree_lidar_sdk) by extension 'ignore_ament_install'
[0.409s] Level 1:colcon.colcon_core.package_identification:_identify(src/unilidar_sdk2/unitree_lidar_sdk) by extensions ['colcon_pkg']
[0.409s] Level 1:colcon.colcon_core.package_identification:_identify(src/unilidar_sdk2/unitree_lidar_sdk) by extension 'colcon_pkg'
[0.409s] Level 1:colcon.colcon_core.package_identification:_identify(src/unilidar_sdk2/unitree_lidar_sdk) by extensions ['colcon_meta']
[0.410s] Level 1:colcon.colcon_core.package_identification:_identify(src/unilidar_sdk2/unitree_lidar_sdk) by extension 'colcon_meta'
[0.410s] Level 1:colcon.colcon_core.package_identification:_identify(src/unilidar_sdk2/unitree_lidar_sdk) by extensions ['ros']
[0.410s] Level 1:colcon.colcon_core.package_identification:_identify(src/unilidar_sdk2/unitree_lidar_sdk) by extension 'ros'
[0.410s] Level 1:colcon.colcon_core.package_identification:_identify(src/unilidar_sdk2/unitree_lidar_sdk) by extensions ['cmake', 'python']
[0.410s] Level 1:colcon.colcon_core.package_identification:_identify(src/unilidar_sdk2/unitree_lidar_sdk) by extension 'cmake'
[0.412s] Level 1:colcon.colcon_core.package_identification:_identify(src/unilidar_sdk2/unitree_lidar_sdk) by extension 'python'
[0.412s] DEBUG:colcon.colcon_core.package_identification:Package 'src/unilidar_sdk2/unitree_lidar_sdk' with type 'cmake' and name 'unitree_lidar_sdk'
[0.412s] Level 1:colcon.colcon_core.package_identification:_identify(src/unitree_lidar_ros2) by extensions ['ignore', 'ignore_ament_install']
[0.412s] Level 1:colcon.colcon_core.package_identification:_identify(src/unitree_lidar_ros2) by extension 'ignore'
[0.412s] Level 1:colcon.colcon_core.package_identification:_identify(src/unitree_lidar_ros2) by extension 'ignore_ament_install'
[0.412s] Level 1:colcon.colcon_core.package_identification:_identify(src/unitree_lidar_ros2) by extensions ['colcon_pkg']
[0.412s] Level 1:colcon.colcon_core.package_identification:_identify(src/unitree_lidar_ros2) by extension 'colcon_pkg'
[0.412s] Level 1:colcon.colcon_core.package_identification:_identify(src/unitree_lidar_ros2) by extensions ['colcon_meta']
[0.412s] Level 1:colcon.colcon_core.package_identification:_identify(src/unitree_lidar_ros2) by extension 'colcon_meta'
[0.412s] Level 1:colcon.colcon_core.package_identification:_identify(src/unitree_lidar_ros2) by extensions ['ros']
[0.412s] Level 1:colcon.colcon_core.package_identification:_identify(src/unitree_lidar_ros2) by extension 'ros'
[0.414s] DEBUG:colcon.colcon_core.package_identification:Package 'src/unitree_lidar_ros2' with type 'ros.ament_cmake' and name 'unitree_lidar_ros2'
[0.414s] Level 1:colcon.colcon_core.package_discovery:discover_packages(recursive) using defaults
[0.414s] Level 1:colcon.colcon_core.package_discovery:discover_packages(ignore) discover
[0.414s] Level 1:colcon.colcon_core.package_discovery:discover_packages(ignore) using defaults
[0.414s] Level 1:colcon.colcon_core.package_discovery:discover_packages(path) discover
[0.414s] Level 1:colcon.colcon_core.package_discovery:discover_packages(path) using defaults
[0.461s] Level 1:colcon.colcon_core.package_discovery:discover_packages(prefix_path) check parameters
[0.462s] Level 1:colcon.colcon_core.package_discovery:discover_packages(prefix_path) discover
[0.464s] DEBUG:colcon.colcon_installed_package_information.package_discovery:Found 4 installed packages in /home/sauce/ros2_ws/install
[0.466s] DEBUG:colcon.colcon_installed_package_information.package_discovery:Found 321 installed packages in /opt/ros/humble
[0.468s] Level 1:colcon.colcon_core.package_discovery:discover_packages(prefix_path) using defaults
[0.526s] Level 5:colcon.colcon_core.verb:set package 'cloud_header_fixer' build argument 'cmake_args' from command line to 'None'
[0.526s] Level 5:colcon.colcon_core.verb:set package 'cloud_header_fixer' build argument 'cmake_target' from command line to 'None'
[0.526s] Level 5:colcon.colcon_core.verb:set package 'cloud_header_fixer' build argument 'cmake_target_skip_unavailable' from command line to 'False'
[0.526s] Level 5:colcon.colcon_core.verb:set package 'cloud_header_fixer' build argument 'cmake_clean_cache' from command line to 'False'
[0.526s] Level 5:colcon.colcon_core.verb:set package 'cloud_header_fixer' build argument 'cmake_clean_first' from command line to 'False'
[0.526s] Level 5:colcon.colcon_core.verb:set package 'cloud_header_fixer' build argument 'cmake_force_configure' from command line to 'False'
[0.527s] Level 5:colcon.colcon_core.verb:set package 'cloud_header_fixer' build argument 'ament_cmake_args' from command line to 'None'
[0.527s] Level 5:colcon.colcon_core.verb:set package 'cloud_header_fixer' build argument 'catkin_cmake_args' from command line to 'None'
[0.527s] Level 5:colcon.colcon_core.verb:set package 'cloud_header_fixer' build argument 'catkin_skip_building_tests' from command line to 'False'
[0.527s] DEBUG:colcon.colcon_core.verb:Building package 'cloud_header_fixer' with the following arguments: {'ament_cmake_args': None, 'build_base': '/home/sauce/ros2_ws/build/cloud_header_fixer', 'catkin_cmake_args': None, 'catkin_skip_building_tests': False, 'cmake_args': None, 'cmake_clean_cache': False, 'cmake_clean_first': False, 'cmake_force_configure': False, 'cmake_target': None, 'cmake_target_skip_unavailable': False, 'install_base': '/home/sauce/ros2_ws/install/cloud_header_fixer', 'merge_install': False, 'path': '/home/sauce/ros2_ws/src/cloud_header_fixer', 'symlink_install': True, 'test_result_base': None}
[0.527s] Level 5:colcon.colcon_core.verb:set package 'point_lio' build argument 'cmake_args' from command line to 'None'
[0.527s] Level 5:colcon.colcon_core.verb:set package 'point_lio' build argument 'cmake_target' from command line to 'None'
[0.527s] Level 5:colcon.colcon_core.verb:set package 'point_lio' build argument 'cmake_target_skip_unavailable' from command line to 'False'
[0.527s] Level 5:colcon.colcon_core.verb:set package 'point_lio' build argument 'cmake_clean_cache' from command line to 'False'
[0.527s] Level 5:colcon.colcon_core.verb:set package 'point_lio' build argument 'cmake_clean_first' from command line to 'False'
[0.527s] Level 5:colcon.colcon_core.verb:set package 'point_lio' build argument 'cmake_force_configure' from command line to 'False'
[0.527s] Level 5:colcon.colcon_core.verb:set package 'point_lio' build argument 'ament_cmake_args' from command line to 'None'
[0.527s] Level 5:colcon.colcon_core.verb:set package 'point_lio' build argument 'catkin_cmake_args' from command line to 'None'
[0.527s] Level 5:colcon.colcon_core.verb:set package 'point_lio' build argument 'catkin_skip_building_tests' from command line to 'False'
[0.527s] DEBUG:colcon.colcon_core.verb:Building package 'point_lio' with the following arguments: {'ament_cmake_args': None, 'build_base': '/home/sauce/ros2_ws/build/point_lio', 'catkin_cmake_args': None, 'catkin_skip_building_tests': False, 'cmake_args': None, 'cmake_clean_cache': False, 'cmake_clean_first': False, 'cmake_force_configure': False, 'cmake_target': None, 'cmake_target_skip_unavailable': False, 'install_base': '/home/sauce/ros2_ws/install/point_lio', 'merge_install': False, 'path': '/home/sauce/ros2_ws/src/point_lio_ros2', 'symlink_install': True, 'test_result_base': None}
[0.528s] Level 5:colcon.colcon_core.verb:set package 'unitree_lidar_ros2' build argument 'cmake_args' from command line to 'None'
[0.528s] Level 5:colcon.colcon_core.verb:set package 'unitree_lidar_ros2' build argument 'cmake_target' from command line to 'None'
[0.528s] Level 5:colcon.colcon_core.verb:set package 'unitree_lidar_ros2' build argument 'cmake_target_skip_unavailable' from command line to 'False'
[0.528s] Level 5:colcon.colcon_core.verb:set package 'unitree_lidar_ros2' build argument 'cmake_clean_cache' from command line to 'False'
[0.528s] Level 5:colcon.colcon_core.verb:set package 'unitree_lidar_ros2' build argument 'cmake_clean_first' from command line to 'False'
[0.528s] Level 5:colcon.colcon_core.verb:set package 'unitree_lidar_ros2' build argument 'cmake_force_configure' from command line to 'False'
[0.528s] Level 5:colcon.colcon_core.verb:set package 'unitree_lidar_ros2' build argument 'ament_cmake_args' from command line to 'None'
[0.528s] Level 5:colcon.colcon_core.verb:set package 'unitree_lidar_ros2' build argument 'catkin_cmake_args' from command line to 'None'
[0.528s] Level 5:colcon.colcon_core.verb:set package 'unitree_lidar_ros2' build argument 'catkin_skip_building_tests' from command line to 'False'
[0.528s] DEBUG:colcon.colcon_core.verb:Building package 'unitree_lidar_ros2' with the following arguments: {'ament_cmake_args': None, 'build_base': '/home/sauce/ros2_ws/build/unitree_lidar_ros2', 'catkin_cmake_args': None, 'catkin_skip_building_tests': False, 'cmake_args': None, 'cmake_clean_cache': False, 'cmake_clean_first': False, 'cmake_force_configure': False, 'cmake_target': None, 'cmake_target_skip_unavailable': False, 'install_base': '/home/sauce/ros2_ws/install/unitree_lidar_ros2', 'merge_install': False, 'path': '/home/sauce/ros2_ws/src/unitree_lidar_ros2', 'symlink_install': True, 'test_result_base': None}
[0.529s] Level 5:colcon.colcon_core.verb:set package 'unitree_lidar_sdk' build argument 'cmake_args' from command line to 'None'
[0.529s] Level 5:colcon.colcon_core.verb:set package 'unitree_lidar_sdk' build argument 'cmake_target' from command line to 'None'
[0.529s] Level 5:colcon.colcon_core.verb:set package 'unitree_lidar_sdk' build argument 'cmake_target_skip_unavailable' from command line to 'False'
[0.529s] Level 5:colcon.colcon_core.verb:set package 'unitree_lidar_sdk' build argument 'cmake_clean_cache' from command line to 'False'
[0.529s] Level 5:colcon.colcon_core.verb:set package 'unitree_lidar_sdk' build argument 'cmake_clean_first' from command line to 'False'
[0.529s] Level 5:colcon.colcon_core.verb:set package 'unitree_lidar_sdk' build argument 'cmake_force_configure' from command line to 'False'
[0.529s] Level 5:colcon.colcon_core.verb:set package 'unitree_lidar_sdk' build argument 'ament_cmake_args' from command line to 'None'
[0.529s] Level 5:colcon.colcon_core.verb:set package 'unitree_lidar_sdk' build argument 'catkin_cmake_args' from command line to 'None'
[0.529s] Level 5:colcon.colcon_core.verb:set package 'unitree_lidar_sdk' build argument 'catkin_skip_building_tests' from command line to 'False'
[0.529s] DEBUG:colcon.colcon_core.verb:Building package 'unitree_lidar_sdk' with the following arguments: {'ament_cmake_args': None, 'build_base': '/home/sauce/ros2_ws/build/unitree_lidar_sdk', 'catkin_cmake_args': None, 'catkin_skip_building_tests': False, 'cmake_args': None, 'cmake_clean_cache': False, 'cmake_clean_first': False, 'cmake_force_configure': False, 'cmake_target': None, 'cmake_target_skip_unavailable': False, 'install_base': '/home/sauce/ros2_ws/install/unitree_lidar_sdk', 'merge_install': False, 'path': '/home/sauce/ros2_ws/src/unilidar_sdk2/unitree_lidar_sdk', 'symlink_install': True, 'test_result_base': None}
[0.529s] INFO:colcon.colcon_core.executor:Executing jobs using 'parallel' executor
[0.531s] DEBUG:colcon.colcon_parallel_executor.executor.parallel:run_until_complete
[0.531s] INFO:colcon.colcon_ros.task.ament_python.build:Building ROS package in '/home/sauce/ros2_ws/src/cloud_header_fixer' with build type 'ament_python'
[0.531s] Level 1:colcon.colcon_core.shell:create_environment_hook('cloud_header_fixer', 'ament_prefix_path')
[0.534s] INFO:colcon.colcon_core.plugin_system:Skipping extension 'colcon_core.shell.bat': Not used on non-Windows systems
[0.535s] INFO:colcon.colcon_core.shell:Creating environment hook '/home/sauce/ros2_ws/install/cloud_header_fixer/share/cloud_header_fixer/hook/ament_prefix_path.ps1'
[0.536s] INFO:colcon.colcon_core.shell:Creating environment descriptor '/home/sauce/ros2_ws/install/cloud_header_fixer/share/cloud_header_fixer/hook/ament_prefix_path.dsv'
[0.537s] INFO:colcon.colcon_core.shell:Creating environment hook '/home/sauce/ros2_ws/install/cloud_header_fixer/share/cloud_header_fixer/hook/ament_prefix_path.sh'
[0.538s] INFO:colcon.colcon_core.shell:Skip shell extension 'powershell' for command environment: Not usable outside of PowerShell
[0.538s] DEBUG:colcon.colcon_core.shell:Skip shell extension 'dsv' for command environment
[0.542s] INFO:colcon.colcon_ros.task.ament_cmake.build:Building ROS package in '/home/sauce/ros2_ws/src/point_lio_ros2' with build type 'ament_cmake'
[0.543s] INFO:colcon.colcon_cmake.task.cmake.build:Building CMake package in '/home/sauce/ros2_ws/src/point_lio_ros2'
[0.543s] INFO:colcon.colcon_core.shell:Skip shell extension 'powershell' for command environment: Not usable outside of PowerShell
[0.543s] DEBUG:colcon.colcon_core.shell:Skip shell extension 'dsv' for command environment
[0.547s] INFO:colcon.colcon_ros.task.ament_cmake.build:Building ROS package in '/home/sauce/ros2_ws/src/unitree_lidar_ros2' with build type 'ament_cmake'
[0.548s] INFO:colcon.colcon_cmake.task.cmake.build:Building CMake package in '/home/sauce/ros2_ws/src/unitree_lidar_ros2'
[0.548s] INFO:colcon.colcon_core.shell:Skip shell extension 'powershell' for command environment: Not usable outside of PowerShell
[0.548s] DEBUG:colcon.colcon_core.shell:Skip shell extension 'dsv' for command environment
[0.552s] INFO:colcon.colcon_cmake.task.cmake.build:Building CMake package in '/home/sauce/ros2_ws/src/unilidar_sdk2/unitree_lidar_sdk'
[0.553s] INFO:colcon.colcon_core.shell:Skip shell extension 'powershell' for command environment: Not usable outside of PowerShell
[0.553s] DEBUG:colcon.colcon_core.shell:Skip shell extension 'dsv' for command environment
[0.939s] INFO:colcon.colcon_core.task.python.build:Building Python package in '/home/sauce/ros2_ws/src/cloud_header_fixer'
[0.939s] INFO:colcon.colcon_core.shell:Skip shell extension 'powershell' for command environment: Not usable outside of PowerShell
[0.939s] DEBUG:colcon.colcon_core.shell:Skip shell extension 'dsv' for command environment
[0.952s] DEBUG:colcon.colcon_core.event_handler.log_command:Invoking command in '/home/sauce/ros2_ws/build/point_lio': CMAKE_PREFIX_PATH=${CMAKE_PREFIX_PATH}:/home/sauce/ros2_ws/install/cloud_header_fixer:/opt/ros/humble /usr/bin/cmake --build /home/sauce/ros2_ws/build/point_lio -- -j12 -l12
[0.963s] DEBUG:colcon.colcon_core.event_handler.log_command:Invoking command in '/home/sauce/ros2_ws/build/unitree_lidar_ros2': CMAKE_PREFIX_PATH=${CMAKE_PREFIX_PATH}:/home/sauce/ros2_ws/install/cloud_header_fixer:/opt/ros/humble /usr/bin/cmake --build /home/sauce/ros2_ws/build/unitree_lidar_ros2 -- -j12 -l12
[0.971s] DEBUG:colcon.colcon_core.event_handler.log_command:Invoking command in '/home/sauce/ros2_ws/build/unitree_lidar_sdk': /usr/bin/cmake --build /home/sauce/ros2_ws/build/unitree_lidar_sdk -- -j12 -l12
[1.048s] DEBUG:colcon.colcon_core.event_handler.log_command:Invoked command in '/home/sauce/ros2_ws/build/unitree_lidar_sdk' returned '0': /usr/bin/cmake --build /home/sauce/ros2_ws/build/unitree_lidar_sdk -- -j12 -l12
[1.049s] WARNING:colcon.colcon_cmake.task.cmake.build:Could not run installation step for package 'unitree_lidar_sdk' because it has no 'install' target
[1.049s] Level 1:colcon.colcon_core.environment:create_environment_scripts_only(unitree_lidar_sdk)
[1.057s] Level 1:colcon.colcon_core.environment:checking '/home/sauce/ros2_ws/install/unitree_lidar_sdk' for CMake module files
[1.057s] Level 1:colcon.colcon_core.environment:checking '/home/sauce/ros2_ws/install/unitree_lidar_sdk' for CMake config files
[1.058s] Level 1:colcon.colcon_core.environment:checking '/home/sauce/ros2_ws/install/unitree_lidar_sdk/bin'
[1.058s] Level 1:colcon.colcon_core.environment:checking '/home/sauce/ros2_ws/install/unitree_lidar_sdk/lib/pkgconfig/unitree_lidar_sdk.pc'
[1.058s] Level 1:colcon.colcon_core.environment:checking '/home/sauce/ros2_ws/install/unitree_lidar_sdk/lib/python3.10/site-packages'
[1.059s] Level 1:colcon.colcon_core.environment:checking '/home/sauce/ros2_ws/install/unitree_lidar_sdk/bin'
[1.060s] INFO:colcon.colcon_core.shell:Creating package script '/home/sauce/ros2_ws/install/unitree_lidar_sdk/share/unitree_lidar_sdk/package.ps1'
[1.062s] INFO:colcon.colcon_core.shell:Creating package descriptor '/home/sauce/ros2_ws/install/unitree_lidar_sdk/share/unitree_lidar_sdk/package.dsv'
[1.062s] INFO:colcon.colcon_core.shell:Creating package script '/home/sauce/ros2_ws/install/unitree_lidar_sdk/share/unitree_lidar_sdk/package.sh'
[1.064s] INFO:colcon.colcon_core.shell:Creating package script '/home/sauce/ros2_ws/install/unitree_lidar_sdk/share/unitree_lidar_sdk/package.bash'
[1.065s] INFO:colcon.colcon_core.shell:Creating package script '/home/sauce/ros2_ws/install/unitree_lidar_sdk/share/unitree_lidar_sdk/package.zsh'
[1.067s] Level 1:colcon.colcon_core.environment:create_file_with_runtime_dependencies(/home/sauce/ros2_ws/install/unitree_lidar_sdk/share/colcon-core/packages/unitree_lidar_sdk)
[1.080s] DEBUG:colcon.colcon_core.event_handler.log_command:Invoked command in '/home/sauce/ros2_ws/build/unitree_lidar_ros2' returned '0': CMAKE_PREFIX_PATH=${CMAKE_PREFIX_PATH}:/home/sauce/ros2_ws/install/cloud_header_fixer:/opt/ros/humble /usr/bin/cmake --build /home/sauce/ros2_ws/build/unitree_lidar_ros2 -- -j12 -l12
[1.098s] DEBUG:colcon.colcon_core.event_handler.log_command:Invoking command in '/home/sauce/ros2_ws/build/unitree_lidar_ros2': CMAKE_PREFIX_PATH=${CMAKE_PREFIX_PATH}:/home/sauce/ros2_ws/install/cloud_header_fixer:/opt/ros/humble /usr/bin/cmake --install /home/sauce/ros2_ws/build/unitree_lidar_ros2
[1.101s] DEBUG:colcon.colcon_core.event_handler.log_command:Invoked command in '/home/sauce/ros2_ws/build/point_lio' returned '0': CMAKE_PREFIX_PATH=${CMAKE_PREFIX_PATH}:/home/sauce/ros2_ws/install/cloud_header_fixer:/opt/ros/humble /usr/bin/cmake --build /home/sauce/ros2_ws/build/point_lio -- -j12 -l12
[1.105s] DEBUG:colcon.colcon_core.event_handler.log_command:Invoking command in '/home/sauce/ros2_ws/build/point_lio': CMAKE_PREFIX_PATH=${CMAKE_PREFIX_PATH}:/home/sauce/ros2_ws/install/cloud_header_fixer:/opt/ros/humble /usr/bin/cmake --install /home/sauce/ros2_ws/build/point_lio
[1.131s] Level 1:colcon.colcon_core.environment:create_environment_scripts_only(unitree_lidar_ros2)
[1.131s] Level 1:colcon.colcon_core.environment:checking '/home/sauce/ros2_ws/install/unitree_lidar_ros2' for CMake module files
[1.132s] DEBUG:colcon.colcon_core.event_handler.log_command:Invoked command in '/home/sauce/ros2_ws/build/unitree_lidar_ros2' returned '0': CMAKE_PREFIX_PATH=${CMAKE_PREFIX_PATH}:/home/sauce/ros2_ws/install/cloud_header_fixer:/opt/ros/humble /usr/bin/cmake --install /home/sauce/ros2_ws/build/unitree_lidar_ros2
[1.133s] Level 1:colcon.colcon_core.environment:checking '/home/sauce/ros2_ws/install/unitree_lidar_ros2' for CMake config files
[1.134s] Level 1:colcon.colcon_core.shell:create_environment_hook('unitree_lidar_ros2', 'cmake_prefix_path')
[1.134s] INFO:colcon.colcon_core.shell:Creating environment hook '/home/sauce/ros2_ws/install/unitree_lidar_ros2/share/unitree_lidar_ros2/hook/cmake_prefix_path.ps1'
[1.135s] INFO:colcon.colcon_core.shell:Creating environment descriptor '/home/sauce/ros2_ws/install/unitree_lidar_ros2/share/unitree_lidar_ros2/hook/cmake_prefix_path.dsv'
[1.136s] INFO:colcon.colcon_core.shell:Creating environment hook '/home/sauce/ros2_ws/install/unitree_lidar_ros2/share/unitree_lidar_ros2/hook/cmake_prefix_path.sh'
[1.137s] Level 1:colcon.colcon_core.environment:checking '/home/sauce/ros2_ws/install/unitree_lidar_ros2/lib'
[1.137s] Level 1:colcon.colcon_core.environment:checking '/home/sauce/ros2_ws/install/unitree_lidar_ros2/bin'
[1.138s] Level 1:colcon.colcon_core.environment:checking '/home/sauce/ros2_ws/install/unitree_lidar_ros2/lib/pkgconfig/unitree_lidar_ros2.pc'
[1.138s] Level 1:colcon.colcon_core.environment:checking '/home/sauce/ros2_ws/install/unitree_lidar_ros2/lib/python3.10/site-packages'
[1.139s] Level 1:colcon.colcon_core.environment:checking '/home/sauce/ros2_ws/install/unitree_lidar_ros2/bin'
[1.140s] INFO:colcon.colcon_core.shell:Creating package script '/home/sauce/ros2_ws/install/unitree_lidar_ros2/share/unitree_lidar_ros2/package.ps1'
[1.141s] INFO:colcon.colcon_core.shell:Creating package descriptor '/home/sauce/ros2_ws/install/unitree_lidar_ros2/share/unitree_lidar_ros2/package.dsv'
[1.142s] INFO:colcon.colcon_core.shell:Creating package script '/home/sauce/ros2_ws/install/unitree_lidar_ros2/share/unitree_lidar_ros2/package.sh'
[1.143s] INFO:colcon.colcon_core.shell:Creating package script '/home/sauce/ros2_ws/install/unitree_lidar_ros2/share/unitree_lidar_ros2/package.bash'
[1.144s] INFO:colcon.colcon_core.shell:Creating package script '/home/sauce/ros2_ws/install/unitree_lidar_ros2/share/unitree_lidar_ros2/package.zsh'
[1.145s] Level 1:colcon.colcon_core.environment:create_file_with_runtime_dependencies(/home/sauce/ros2_ws/install/unitree_lidar_ros2/share/colcon-core/packages/unitree_lidar_ros2)
[1.147s] Level 1:colcon.colcon_core.environment:create_environment_scripts_only(unitree_lidar_ros2)
[1.148s] Level 1:colcon.colcon_core.environment:checking '/home/sauce/ros2_ws/install/unitree_lidar_ros2' for CMake module files
[1.149s] Level 1:colcon.colcon_core.environment:checking '/home/sauce/ros2_ws/install/unitree_lidar_ros2' for CMake config files
[1.151s] Level 1:colcon.colcon_core.shell:create_environment_hook('unitree_lidar_ros2', 'cmake_prefix_path')
[1.151s] INFO:colcon.colcon_core.shell:Creating environment hook '/home/sauce/ros2_ws/install/unitree_lidar_ros2/share/unitree_lidar_ros2/hook/cmake_prefix_path.ps1'
[1.153s] INFO:colcon.colcon_core.shell:Creating environment descriptor '/home/sauce/ros2_ws/install/unitree_lidar_ros2/share/unitree_lidar_ros2/hook/cmake_prefix_path.dsv'
[1.154s] INFO:colcon.colcon_core.shell:Creating environment hook '/home/sauce/ros2_ws/install/unitree_lidar_ros2/share/unitree_lidar_ros2/hook/cmake_prefix_path.sh'
[1.156s] Level 1:colcon.colcon_core.environment:checking '/home/sauce/ros2_ws/install/unitree_lidar_ros2/lib'
[1.156s] Level 1:colcon.colcon_core.environment:checking '/home/sauce/ros2_ws/install/unitree_lidar_ros2/bin'
[1.156s] Level 1:colcon.colcon_core.environment:checking '/home/sauce/ros2_ws/install/unitree_lidar_ros2/lib/pkgconfig/unitree_lidar_ros2.pc'
[1.157s] Level 1:colcon.colcon_core.environment:checking '/home/sauce/ros2_ws/install/unitree_lidar_ros2/lib/python3.10/site-packages'
[1.158s] Level 1:colcon.colcon_core.environment:checking '/home/sauce/ros2_ws/install/unitree_lidar_ros2/bin'
[1.159s] INFO:colcon.colcon_core.shell:Creating package script '/home/sauce/ros2_ws/install/unitree_lidar_ros2/share/unitree_lidar_ros2/package.ps1'
[1.160s] INFO:colcon.colcon_core.shell:Creating package descriptor '/home/sauce/ros2_ws/install/unitree_lidar_ros2/share/unitree_lidar_ros2/package.dsv'
[1.162s] INFO:colcon.colcon_core.shell:Creating package script '/home/sauce/ros2_ws/install/unitree_lidar_ros2/share/unitree_lidar_ros2/package.sh'
[1.163s] INFO:colcon.colcon_core.shell:Creating package script '/home/sauce/ros2_ws/install/unitree_lidar_ros2/share/unitree_lidar_ros2/package.bash'
[1.164s] INFO:colcon.colcon_core.shell:Creating package script '/home/sauce/ros2_ws/install/unitree_lidar_ros2/share/unitree_lidar_ros2/package.zsh'
[1.165s] Level 1:colcon.colcon_core.environment:create_file_with_runtime_dependencies(/home/sauce/ros2_ws/install/unitree_lidar_ros2/share/colcon-core/packages/unitree_lidar_ros2)
[1.168s] Level 1:colcon.colcon_core.environment:create_environment_scripts_only(point_lio)
[1.168s] Level 1:colcon.colcon_core.environment:checking '/home/sauce/ros2_ws/install/point_lio' for CMake module files
[1.170s] DEBUG:colcon.colcon_core.event_handler.log_command:Invoked command in '/home/sauce/ros2_ws/build/point_lio' returned '0': CMAKE_PREFIX_PATH=${CMAKE_PREFIX_PATH}:/home/sauce/ros2_ws/install/cloud_header_fixer:/opt/ros/humble /usr/bin/cmake --install /home/sauce/ros2_ws/build/point_lio
[1.171s] Level 1:colcon.colcon_core.environment:checking '/home/sauce/ros2_ws/install/point_lio' for CMake config files
[1.172s] Level 1:colcon.colcon_core.shell:create_environment_hook('point_lio', 'cmake_prefix_path')
[1.173s] INFO:colcon.colcon_core.shell:Creating environment hook '/home/sauce/ros2_ws/install/point_lio/share/point_lio/hook/cmake_prefix_path.ps1'
[1.174s] INFO:colcon.colcon_core.shell:Creating environment descriptor '/home/sauce/ros2_ws/install/point_lio/share/point_lio/hook/cmake_prefix_path.dsv'
[1.175s] INFO:colcon.colcon_core.shell:Creating environment hook '/home/sauce/ros2_ws/install/point_lio/share/point_lio/hook/cmake_prefix_path.sh'
[1.177s] Level 1:colcon.colcon_core.environment:checking '/home/sauce/ros2_ws/install/point_lio/lib'
[1.177s] Level 1:colcon.colcon_core.environment:checking '/home/sauce/ros2_ws/install/point_lio/bin'
[1.178s] Level 1:colcon.colcon_core.environment:checking '/home/sauce/ros2_ws/install/point_lio/lib/pkgconfig/point_lio.pc'
[1.178s] Level 1:colcon.colcon_core.environment:checking '/home/sauce/ros2_ws/install/point_lio/lib/python3.10/site-packages'
[1.179s] Level 1:colcon.colcon_core.environment:checking '/home/sauce/ros2_ws/install/point_lio/bin'
[1.180s] INFO:colcon.colcon_core.shell:Creating package script '/home/sauce/ros2_ws/install/point_lio/share/point_lio/package.ps1'
[1.182s] INFO:colcon.colcon_core.shell:Creating package descriptor '/home/sauce/ros2_ws/install/point_lio/share/point_lio/package.dsv'
[1.183s] INFO:colcon.colcon_core.shell:Creating package script '/home/sauce/ros2_ws/install/point_lio/share/point_lio/package.sh'
[1.184s] INFO:colcon.colcon_core.shell:Creating package script '/home/sauce/ros2_ws/install/point_lio/share/point_lio/package.bash'
[1.185s] INFO:colcon.colcon_core.shell:Creating package script '/home/sauce/ros2_ws/install/point_lio/share/point_lio/package.zsh'
[1.186s] Level 1:colcon.colcon_core.environment:create_file_with_runtime_dependencies(/home/sauce/ros2_ws/install/point_lio/share/colcon-core/packages/point_lio)
[1.188s] Level 1:colcon.colcon_core.environment:create_environment_scripts_only(point_lio)
[1.188s] Level 1:colcon.colcon_core.environment:checking '/home/sauce/ros2_ws/install/point_lio' for CMake module files
[1.189s] Level 1:colcon.colcon_core.environment:checking '/home/sauce/ros2_ws/install/point_lio' for CMake config files
[1.190s] Level 1:colcon.colcon_core.shell:create_environment_hook('point_lio', 'cmake_prefix_path')
[1.191s] INFO:colcon.colcon_core.shell:Creating environment hook '/home/sauce/ros2_ws/install/point_lio/share/point_lio/hook/cmake_prefix_path.ps1'
[1.192s] INFO:colcon.colcon_core.shell:Creating environment descriptor '/home/sauce/ros2_ws/install/point_lio/share/point_lio/hook/cmake_prefix_path.dsv'
[1.193s] INFO:colcon.colcon_core.shell:Creating environment hook '/home/sauce/ros2_ws/install/point_lio/share/point_lio/hook/cmake_prefix_path.sh'
[1.194s] Level 1:colcon.colcon_core.environment:checking '/home/sauce/ros2_ws/install/point_lio/lib'
[1.194s] Level 1:colcon.colcon_core.environment:checking '/home/sauce/ros2_ws/install/point_lio/bin'
[1.194s] Level 1:colcon.colcon_core.environment:checking '/home/sauce/ros2_ws/install/point_lio/lib/pkgconfig/point_lio.pc'
[1.195s] Level 1:colcon.colcon_core.environment:checking '/home/sauce/ros2_ws/install/point_lio/lib/python3.10/site-packages'
[1.196s] Level 1:colcon.colcon_core.environment:checking '/home/sauce/ros2_ws/install/point_lio/bin'
[1.196s] INFO:colcon.colcon_core.shell:Creating package script '/home/sauce/ros2_ws/install/point_lio/share/point_lio/package.ps1'
[1.198s] INFO:colcon.colcon_core.shell:Creating package descriptor '/home/sauce/ros2_ws/install/point_lio/share/point_lio/package.dsv'
[1.199s] INFO:colcon.colcon_core.shell:Creating package script '/home/sauce/ros2_ws/install/point_lio/share/point_lio/package.sh'
[1.200s] INFO:colcon.colcon_core.shell:Creating package script '/home/sauce/ros2_ws/install/point_lio/share/point_lio/package.bash'
[1.201s] INFO:colcon.colcon_core.shell:Creating package script '/home/sauce/ros2_ws/install/point_lio/share/point_lio/package.zsh'
[1.201s] Level 1:colcon.colcon_core.environment:create_file_with_runtime_dependencies(/home/sauce/ros2_ws/install/point_lio/share/colcon-core/packages/point_lio)
[1.446s] DEBUG:colcon.colcon_core.event_handler.log_command:Invoking command in '/home/sauce/ros2_ws/build/cloud_header_fixer': PYTHONPATH=/home/sauce/ros2_ws/build/cloud_header_fixer/prefix_override:/usr/lib/python3/dist-packages/colcon_core/task/python/colcon_distutils_commands:/home/sauce/ros2_ws/install/cloud_header_fixer/lib/python3.10/site-packages:${PYTHONPATH} /usr/bin/python3 -W ignore:setup.py install is deprecated -W ignore:easy_install command is deprecated setup.py develop --editable --build-directory /home/sauce/ros2_ws/build/cloud_header_fixer/build --no-deps symlink_data
[2.090s] Level 1:colcon.colcon_core.shell:create_environment_hook('cloud_header_fixer', 'pythonpath_develop')
[2.091s] INFO:colcon.colcon_core.shell:Creating environment hook '/home/sauce/ros2_ws/build/cloud_header_fixer/share/cloud_header_fixer/hook/pythonpath_develop.ps1'
[2.092s] DEBUG:colcon.colcon_core.event_handler.log_command:Invoked command in '/home/sauce/ros2_ws/build/cloud_header_fixer' returned '0': PYTHONPATH=/home/sauce/ros2_ws/build/cloud_header_fixer/prefix_override:/usr/lib/python3/dist-packages/colcon_core/task/python/colcon_distutils_commands:/home/sauce/ros2_ws/install/cloud_header_fixer/lib/python3.10/site-packages:${PYTHONPATH} /usr/bin/python3 -W ignore:setup.py install is deprecated -W ignore:easy_install command is deprecated setup.py develop --editable --build-directory /home/sauce/ros2_ws/build/cloud_header_fixer/build --no-deps symlink_data
[2.094s] INFO:colcon.colcon_core.shell:Creating environment descriptor '/home/sauce/ros2_ws/build/cloud_header_fixer/share/cloud_header_fixer/hook/pythonpath_develop.dsv'
[2.095s] INFO:colcon.colcon_core.shell:Creating environment hook '/home/sauce/ros2_ws/build/cloud_header_fixer/share/cloud_header_fixer/hook/pythonpath_develop.sh'
[2.098s] Level 1:colcon.colcon_core.environment:checking '/home/sauce/ros2_ws/install/cloud_header_fixer' for CMake module files
[2.099s] Level 1:colcon.colcon_core.environment:checking '/home/sauce/ros2_ws/install/cloud_header_fixer' for CMake config files
[2.101s] Level 1:colcon.colcon_core.environment:checking '/home/sauce/ros2_ws/install/cloud_header_fixer/lib'
[2.101s] Level 1:colcon.colcon_core.environment:checking '/home/sauce/ros2_ws/install/cloud_header_fixer/bin'
[2.102s] Level 1:colcon.colcon_core.environment:checking '/home/sauce/ros2_ws/install/cloud_header_fixer/lib/pkgconfig/cloud_header_fixer.pc'
[2.102s] Level 1:colcon.colcon_core.environment:checking '/home/sauce/ros2_ws/install/cloud_header_fixer/lib/python3.10/site-packages'
[2.103s] Level 1:colcon.colcon_core.shell:create_environment_hook('cloud_header_fixer', 'pythonpath')
[2.103s] INFO:colcon.colcon_core.shell:Creating environment hook '/home/sauce/ros2_ws/install/cloud_header_fixer/share/cloud_header_fixer/hook/pythonpath.ps1'
[2.105s] INFO:colcon.colcon_core.shell:Creating environment descriptor '/home/sauce/ros2_ws/install/cloud_header_fixer/share/cloud_header_fixer/hook/pythonpath.dsv'
[2.106s] INFO:colcon.colcon_core.shell:Creating environment hook '/home/sauce/ros2_ws/install/cloud_header_fixer/share/cloud_header_fixer/hook/pythonpath.sh'
[2.109s] Level 1:colcon.colcon_core.environment:checking '/home/sauce/ros2_ws/install/cloud_header_fixer/bin'
[2.109s] Level 1:colcon.colcon_core.environment:create_environment_scripts_only(cloud_header_fixer)
[2.110s] INFO:colcon.colcon_core.shell:Creating package script '/home/sauce/ros2_ws/install/cloud_header_fixer/share/cloud_header_fixer/package.ps1'
[2.113s] INFO:colcon.colcon_core.shell:Creating package descriptor '/home/sauce/ros2_ws/install/cloud_header_fixer/share/cloud_header_fixer/package.dsv'
[2.114s] INFO:colcon.colcon_core.shell:Creating package script '/home/sauce/ros2_ws/install/cloud_header_fixer/share/cloud_header_fixer/package.sh'
[2.116s] INFO:colcon.colcon_core.shell:Creating package script '/home/sauce/ros2_ws/install/cloud_header_fixer/share/cloud_header_fixer/package.bash'
[2.118s] INFO:colcon.colcon_core.shell:Creating package script '/home/sauce/ros2_ws/install/cloud_header_fixer/share/cloud_header_fixer/package.zsh'
[2.119s] Level 1:colcon.colcon_core.environment:create_file_with_runtime_dependencies(/home/sauce/ros2_ws/install/cloud_header_fixer/share/colcon-core/packages/cloud_header_fixer)
[2.120s] DEBUG:colcon.colcon_parallel_executor.executor.parallel:closing loop
[2.121s] DEBUG:colcon.colcon_parallel_executor.executor.parallel:loop closed
[2.121s] DEBUG:colcon.colcon_parallel_executor.executor.parallel:run_until_complete finished with '0'
[2.121s] DEBUG:colcon.colcon_core.event_reactor:joining thread
[2.139s] INFO:colcon.colcon_core.plugin_system:Skipping extension 'colcon_notification.desktop_notification.terminal_notifier': Not used on non-Darwin systems
[2.140s] INFO:colcon.colcon_core.plugin_system:Skipping extension 'colcon_notification.desktop_notification.win32': Not used on non-Windows systems
[2.140s] INFO:colcon.colcon_notification.desktop_notification:Sending desktop notification using 'notify2'
[2.173s] DEBUG:colcon.colcon_core.event_reactor:joined thread
[2.174s] INFO:colcon.colcon_core.shell:Creating prefix script '/home/sauce/ros2_ws/install/local_setup.ps1'
[2.178s] INFO:colcon.colcon_core.shell:Creating prefix util module '/home/sauce/ros2_ws/install/_local_setup_util_ps1.py'
[2.183s] INFO:colcon.colcon_core.shell:Creating prefix chain script '/home/sauce/ros2_ws/install/setup.ps1'
[2.187s] INFO:colcon.colcon_core.shell:Creating prefix script '/home/sauce/ros2_ws/install/local_setup.sh'
[2.189s] INFO:colcon.colcon_core.shell:Creating prefix util module '/home/sauce/ros2_ws/install/_local_setup_util_sh.py'
[2.191s] INFO:colcon.colcon_core.shell:Creating prefix chain script '/home/sauce/ros2_ws/install/setup.sh'
[2.195s] INFO:colcon.colcon_core.shell:Creating prefix script '/home/sauce/ros2_ws/install/local_setup.bash'
[2.197s] INFO:colcon.colcon_core.shell:Creating prefix chain script '/home/sauce/ros2_ws/install/setup.bash'
[2.201s] INFO:colcon.colcon_core.shell:Creating prefix script '/home/sauce/ros2_ws/install/local_setup.zsh'
[2.203s] INFO:colcon.colcon_core.shell:Creating prefix chain script '/home/sauce/ros2_ws/install/setup.zsh'
