[0.415s] Invoking command in '/home/sauce/ros2_ws/build/unitree_lidar_ros2': CMAKE_PREFIX_PATH=${CMAKE_PREFIX_PATH}:/home/sauce/ros2_ws/install/cloud_header_fixer:/opt/ros/humble /usr/bin/cmake --build /home/sauce/ros2_ws/build/unitree_lidar_ros2 -- -j12 -l12
[0.512s] [100%] Built target unitree_lidar_ros2_node
[0.532s] Invoked command in '/home/sauce/ros2_ws/build/unitree_lidar_ros2' returned '0': CMAKE_PREFIX_PATH=${CMAKE_PREFIX_PATH}:/home/sauce/ros2_ws/install/cloud_header_fixer:/opt/ros/humble /usr/bin/cmake --build /home/sauce/ros2_ws/build/unitree_lidar_ros2 -- -j12 -l12
[0.550s] Invoking command in '/home/sauce/ros2_ws/build/unitree_lidar_ros2': CMAKE_PREFIX_PATH=${CMAKE_PREFIX_PATH}:/home/sauce/ros2_ws/install/cloud_header_fixer:/opt/ros/humble /usr/bin/cmake --install /home/sauce/ros2_ws/build/unitree_lidar_ros2
[0.562s] -- Install configuration: ""
[0.562s] -- Execute custom install script
[0.563s] -- Up-to-date symlink: /home/sauce/ros2_ws/install/unitree_lidar_ros2/lib/unitree_lidar_ros2/unitree_lidar_ros2_node
[0.563s] -- Up-to-date symlink: /home/sauce/ros2_ws/install/unitree_lidar_ros2/share/unitree_lidar_ros2/view.rviz
[0.563s] -- Up-to-date symlink: /home/sauce/ros2_ws/install/unitree_lidar_ros2/share/unitree_lidar_ros2/launch.py
[0.564s] -- Up-to-date symlink: /home/sauce/ros2_ws/install/unitree_lidar_ros2/share/ament_index/resource_index/package_run_dependencies/unitree_lidar_ros2
[0.564s] -- Up-to-date symlink: /home/sauce/ros2_ws/install/unitree_lidar_ros2/share/ament_index/resource_index/parent_prefix_path/unitree_lidar_ros2
[0.564s] -- Up-to-date symlink: /home/sauce/ros2_ws/install/unitree_lidar_ros2/share/unitree_lidar_ros2/environment/ament_prefix_path.sh
[0.564s] -- Up-to-date symlink: /home/sauce/ros2_ws/install/unitree_lidar_ros2/share/unitree_lidar_ros2/environment/ament_prefix_path.dsv
[0.565s] -- Up-to-date symlink: /home/sauce/ros2_ws/install/unitree_lidar_ros2/share/unitree_lidar_ros2/environment/path.sh
[0.565s] -- Up-to-date symlink: /home/sauce/ros2_ws/install/unitree_lidar_ros2/share/unitree_lidar_ros2/environment/path.dsv
[0.565s] -- Up-to-date symlink: /home/sauce/ros2_ws/install/unitree_lidar_ros2/share/unitree_lidar_ros2/local_setup.bash
[0.565s] -- Up-to-date symlink: /home/sauce/ros2_ws/install/unitree_lidar_ros2/share/unitree_lidar_ros2/local_setup.sh
[0.566s] -- Up-to-date symlink: /home/sauce/ros2_ws/install/unitree_lidar_ros2/share/unitree_lidar_ros2/local_setup.zsh
[0.566s] -- Up-to-date symlink: /home/sauce/ros2_ws/install/unitree_lidar_ros2/share/unitree_lidar_ros2/local_setup.dsv
[0.566s] -- Symlinking: /home/sauce/ros2_ws/install/unitree_lidar_ros2/share/unitree_lidar_ros2/package.dsv
[0.579s] -- Up-to-date symlink: /home/sauce/ros2_ws/install/unitree_lidar_ros2/share/ament_index/resource_index/packages/unitree_lidar_ros2
[0.579s] -- Up-to-date symlink: /home/sauce/ros2_ws/install/unitree_lidar_ros2/share/unitree_lidar_ros2/cmake/unitree_lidar_ros2Config.cmake
[0.579s] -- Up-to-date symlink: /home/sauce/ros2_ws/install/unitree_lidar_ros2/share/unitree_lidar_ros2/cmake/unitree_lidar_ros2Config-version.cmake
[0.580s] -- Up-to-date symlink: /home/sauce/ros2_ws/install/unitree_lidar_ros2/share/unitree_lidar_ros2/package.xml
[0.580s] -- Up-to-date symlink: /home/sauce/ros2_ws/install/unitree_lidar_ros2/lib/unitree_lidar_ros2/unitree_lidar_ros2_node
[0.584s] Invoked command in '/home/sauce/ros2_ws/build/unitree_lidar_ros2' returned '0': CMAKE_PREFIX_PATH=${CMAKE_PREFIX_PATH}:/home/sauce/ros2_ws/install/cloud_header_fixer:/opt/ros/humble /usr/bin/cmake --install /home/sauce/ros2_ws/build/unitree_lidar_ros2
