[0.013s] Invoking command in '/home/sauce/ros2_ws/build/unitree_lidar_sdk': /usr/bin/cmake /home/sauce/ros2_ws/src/unilidar_sdk2/unitree_lidar_sdk -DCMAKE_INSTALL_PREFIX=/home/sauce/ros2_ws/install/unitree_lidar_sdk
[0.101s] -- The C compiler identification is GNU 11.4.0
[0.224s] -- The CXX compiler identification is GNU 11.4.0
[0.243s] -- Detecting C compiler ABI info
[0.350s] -- Detecting C compiler ABI info - done
[0.359s] -- Check for working C compiler: /usr/bin/cc - skipped
[0.360s] -- Detecting C compile features
[0.361s] -- Detecting C compile features - done
[0.370s] -- Detecting CXX compiler ABI info
[0.489s] -- Detecting CXX compiler ABI info - done
[0.512s] -- Check for working CXX compiler: /usr/bin/c++ - skipped
[0.513s] -- Detecting CXX compile features
[0.514s] -- Detecting CXX compile features - done
[0.518s] -- Configuring done
[0.534s] -- Generating done
[0.540s] -- Build files have been written to: /home/sauce/ros2_ws/build/unitree_lidar_sdk
[0.546s] Invoked command in '/home/sauce/ros2_ws/build/unitree_lidar_sdk' returned '0': /usr/bin/cmake /home/sauce/ros2_ws/src/unilidar_sdk2/unitree_lidar_sdk -DCMAKE_INSTALL_PREFIX=/home/sauce/ros2_ws/install/unitree_lidar_sdk
[0.549s] Invoking command in '/home/sauce/ros2_ws/build/unitree_lidar_sdk': /usr/bin/cmake --build /home/sauce/ros2_ws/build/unitree_lidar_sdk -- -j12 -l12
[0.619s] [ 40%] [32mBuilding CXX object CMakeFiles/set_to_udp_mode.dir/examples/set_to_udp_mode.cpp.o[0m
[0.619s] [ 40%] [32mBuilding CXX object CMakeFiles/set_to_serial_mode.dir/examples/set_to_serial_mode.cpp.o[0m
[0.619s] [ 40%] [32mBuilding CXX object CMakeFiles/example_lidar_serial.dir/examples/example_lidar_serial.cpp.o[0m
[0.620s] [ 40%] [32mBuilding CXX object CMakeFiles/example_lidar_udp.dir/examples/example_lidar_udp.cpp.o[0m
[0.622s] [ 50%] [32mBuilding CXX object CMakeFiles/set_ip_address.dir/examples/set_ip_address.cpp.o[0m
[1.519s] [ 70%] [32m[1mLinking CXX executable /home/sauce/ros2_ws/src/unilidar_sdk2/unitree_lidar_sdk/bin/set_to_udp_mode[0m
[1.519s] [ 70%] [32m[1mLinking CXX executable /home/sauce/ros2_ws/src/unilidar_sdk2/unitree_lidar_sdk/bin/example_lidar_serial[0m
[1.543s] [ 80%] [32m[1mLinking CXX executable /home/sauce/ros2_ws/src/unilidar_sdk2/unitree_lidar_sdk/bin/set_to_serial_mode[0m
[1.546s] [ 90%] [32m[1mLinking CXX executable /home/sauce/ros2_ws/src/unilidar_sdk2/unitree_lidar_sdk/bin/set_ip_address[0m
[1.565s] [100%] [32m[1mLinking CXX executable /home/sauce/ros2_ws/src/unilidar_sdk2/unitree_lidar_sdk/bin/example_lidar_udp[0m
[1.649s] [100%] Built target set_to_udp_mode
[1.649s] [100%] Built target example_lidar_serial
[1.665s] [100%] Built target set_to_serial_mode
[1.666s] [100%] Built target set_ip_address
[1.683s] [100%] Built target example_lidar_udp
[1.703s] Invoked command in '/home/sauce/ros2_ws/build/unitree_lidar_sdk' returned '0': /usr/bin/cmake --build /home/sauce/ros2_ws/build/unitree_lidar_sdk -- -j12 -l12
