[0.000000] (-) TimerEvent: {}
[0.000425] (-) JobUnselected: {'identifier': 'unitree_lidar_ros2'}
[0.000491] (-) JobUnselected: {'identifier': 'unitree_lidar_sdk'}
[0.000759] (point_lio) JobQueued: {'identifier': 'point_lio', 'dependencies': OrderedDict()}
[0.000892] (point_lio) JobStarted: {'identifier': 'point_lio'}
[0.012336] (point_lio) JobProgress: {'identifier': 'point_lio', 'progress': 'cmake'}
[0.014824] (point_lio) JobProgress: {'identifier': 'point_lio', 'progress': 'build'}
[0.014961] (point_lio) Command: {'cmd': ['/usr/bin/cmake', '--build', '/home/sauce/ros2_ws/build/point_lio', '--', '-j12', '-l12'], 'cwd': '/home/sauce/ros2_ws/build/point_lio', 'env': OrderedDict([('USER', 'sauce'), ('SSH_CLIENT', '192.168.0.42 54137 22'), ('XDG_SESSION_TYPE', 'tty'), ('SHLVL', '1'), ('LD_LIBRARY_PATH', '/opt/ros/humble/opt/rviz_ogre_vendor/lib:/opt/ros/humble/lib/aarch64-linux-gnu:/opt/ros/humble/lib'), ('MOTD_SHOWN', 'pam'), ('HOME', '/home/sauce'), ('OLDPWD', '/home/sauce/ros2_ws'), ('SSH_TTY', '/dev/pts/0'), ('ROS_PYTHON_VERSION', '3'), ('DBUS_SESSION_BUS_ADDRESS', 'unix:path=/run/user/1000/bus'), ('COLCON_PREFIX_PATH', '/home/sauce/ros2_ws/install'), ('ROS_DISTRO', 'humble'), ('LOGNAME', 'sauce'), ('_', '/usr/bin/colcon'), ('ROS_VERSION', '2'), ('XDG_SESSION_CLASS', 'user'), ('TERM', 'xterm'), ('XDG_SESSION_ID', '29'), ('ROS_LOCALHOST_ONLY', '0'), ('PATH', '/home/sauce/.local/bin:/opt/ros/humble/bin:/usr/local/sbin:/usr/local/bin:/usr/sbin:/usr/bin:/sbin:/bin:/usr/games:/usr/local/games:/snap/bin'), ('XDG_RUNTIME_DIR', '/run/user/1000'), ('DISPLAY', 'localhost:10.0'), ('LANG', 'en_US.UTF-8'), ('RMW_IMPLEMENTATION', 'rmw_fastrtps_cpp'), ('AMENT_PREFIX_PATH', '/home/sauce/ros2_ws/install/unitree_lidar_ros2:/home/sauce/ros2_ws/install/point_lio:/opt/ros/humble'), ('SHELL', '/bin/bash'), ('PWD', '/home/sauce/ros2_ws/build/point_lio'), ('LC_ALL', 'en_US.UTF-8'), ('SSH_CONNECTION', '192.168.0.42 54137 192.168.0.152 22'), ('XDG_DATA_DIRS', '/usr/share/gnome:/usr/local/share:/usr/share:/var/lib/snapd/desktop'), ('PYTHONPATH', '/opt/ros/humble/lib/python3.10/site-packages:/opt/ros/humble/local/lib/python3.10/dist-packages'), ('COLCON', '1'), ('CMAKE_PREFIX_PATH', '/home/sauce/ros2_ws/install/unitree_lidar_ros2:/home/sauce/ros2_ws/install/point_lio:/opt/ros/humble')]), 'shell': False}
[0.098734] (-) TimerEvent: {}
[0.152840] (point_lio) StdoutLine: {'line': b'[100%] Built target pointlio_mapping\n'}
[0.171981] (point_lio) CommandEnded: {'returncode': 0}
[0.173375] (point_lio) JobProgress: {'identifier': 'point_lio', 'progress': 'install'}
[0.188030] (point_lio) Command: {'cmd': ['/usr/bin/cmake', '--install', '/home/sauce/ros2_ws/build/point_lio'], 'cwd': '/home/sauce/ros2_ws/build/point_lio', 'env': OrderedDict([('USER', 'sauce'), ('SSH_CLIENT', '192.168.0.42 54137 22'), ('XDG_SESSION_TYPE', 'tty'), ('SHLVL', '1'), ('LD_LIBRARY_PATH', '/opt/ros/humble/opt/rviz_ogre_vendor/lib:/opt/ros/humble/lib/aarch64-linux-gnu:/opt/ros/humble/lib'), ('MOTD_SHOWN', 'pam'), ('HOME', '/home/sauce'), ('OLDPWD', '/home/sauce/ros2_ws'), ('SSH_TTY', '/dev/pts/0'), ('ROS_PYTHON_VERSION', '3'), ('DBUS_SESSION_BUS_ADDRESS', 'unix:path=/run/user/1000/bus'), ('COLCON_PREFIX_PATH', '/home/sauce/ros2_ws/install'), ('ROS_DISTRO', 'humble'), ('LOGNAME', 'sauce'), ('_', '/usr/bin/colcon'), ('ROS_VERSION', '2'), ('XDG_SESSION_CLASS', 'user'), ('TERM', 'xterm'), ('XDG_SESSION_ID', '29'), ('ROS_LOCALHOST_ONLY', '0'), ('PATH', '/home/sauce/.local/bin:/opt/ros/humble/bin:/usr/local/sbin:/usr/local/bin:/usr/sbin:/usr/bin:/sbin:/bin:/usr/games:/usr/local/games:/snap/bin'), ('XDG_RUNTIME_DIR', '/run/user/1000'), ('DISPLAY', 'localhost:10.0'), ('LANG', 'en_US.UTF-8'), ('RMW_IMPLEMENTATION', 'rmw_fastrtps_cpp'), ('AMENT_PREFIX_PATH', '/home/sauce/ros2_ws/install/unitree_lidar_ros2:/home/sauce/ros2_ws/install/point_lio:/opt/ros/humble'), ('SHELL', '/bin/bash'), ('PWD', '/home/sauce/ros2_ws/build/point_lio'), ('LC_ALL', 'en_US.UTF-8'), ('SSH_CONNECTION', '192.168.0.42 54137 192.168.0.152 22'), ('XDG_DATA_DIRS', '/usr/share/gnome:/usr/local/share:/usr/share:/var/lib/snapd/desktop'), ('PYTHONPATH', '/opt/ros/humble/lib/python3.10/site-packages:/opt/ros/humble/local/lib/python3.10/dist-packages'), ('COLCON', '1'), ('CMAKE_PREFIX_PATH', '/home/sauce/ros2_ws/install/unitree_lidar_ros2:/home/sauce/ros2_ws/install/point_lio:/opt/ros/humble')]), 'shell': False}
[0.198831] (-) TimerEvent: {}
[0.201070] (point_lio) StdoutLine: {'line': b'-- Install configuration: ""\n'}
[0.201855] (point_lio) StdoutLine: {'line': b'-- Execute custom install script\n'}
[0.202408] (point_lio) StdoutLine: {'line': b'-- Up-to-date symlink: /home/sauce/ros2_ws/install/point_lio/lib/point_lio/pointlio_mapping\n'}
[0.203037] (point_lio) StdoutLine: {'line': b'-- Up-to-date symlink: /home/sauce/ros2_ws/install/point_lio/share/point_lio/config/avia.yaml\n'}
[0.203351] (point_lio) StdoutLine: {'line': b'-- Up-to-date symlink: /home/sauce/ros2_ws/install/point_lio/share/point_lio/config/horizon.yaml\n'}
[0.203696] (point_lio) StdoutLine: {'line': b'-- Up-to-date symlink: /home/sauce/ros2_ws/install/point_lio/share/point_lio/config/mid360.yaml\n'}
[0.204025] (point_lio) StdoutLine: {'line': b'-- Up-to-date symlink: /home/sauce/ros2_ws/install/point_lio/share/point_lio/config/ouster64.yaml\n'}
[0.204309] (point_lio) StdoutLine: {'line': b'-- Up-to-date symlink: /home/sauce/ros2_ws/install/point_lio/share/point_lio/config/unilidar_l1.yaml\n'}
[0.204537] (point_lio) StdoutLine: {'line': b'-- Up-to-date symlink: /home/sauce/ros2_ws/install/point_lio/share/point_lio/config/unilidar_l2.yaml\n'}
[0.204872] (point_lio) StdoutLine: {'line': b'-- Up-to-date symlink: /home/sauce/ros2_ws/install/point_lio/share/point_lio/config/velody16.yaml\n'}
[0.205195] (point_lio) StdoutLine: {'line': b'-- Up-to-date symlink: /home/sauce/ros2_ws/install/point_lio/share/point_lio/launch/correct_odom_unilidar_l1.launch.py\n'}
[0.205529] (point_lio) StdoutLine: {'line': b'-- Up-to-date symlink: /home/sauce/ros2_ws/install/point_lio/share/point_lio/launch/correct_odom_unilidar_l2.launch.py\n'}
[0.205831] (point_lio) StdoutLine: {'line': b'-- Up-to-date symlink: /home/sauce/ros2_ws/install/point_lio/share/point_lio/launch/gdb_debug_example.launch.py\n'}
[0.206177] (point_lio) StdoutLine: {'line': b'-- Up-to-date symlink: /home/sauce/ros2_ws/install/point_lio/share/point_lio/launch/mapping_avia.launch.py\n'}
[0.206414] (point_lio) StdoutLine: {'line': b'-- Up-to-date symlink: /home/sauce/ros2_ws/install/point_lio/share/point_lio/launch/mapping_horizon.launch.py\n'}
[0.206688] (point_lio) StdoutLine: {'line': b'-- Up-to-date symlink: /home/sauce/ros2_ws/install/point_lio/share/point_lio/launch/mapping_mid360.launch.py\n'}
[0.206973] (point_lio) StdoutLine: {'line': b'-- Up-to-date symlink: /home/sauce/ros2_ws/install/point_lio/share/point_lio/launch/mapping_ouster64.launch.py\n'}
[0.207240] (point_lio) StdoutLine: {'line': b'-- Up-to-date symlink: /home/sauce/ros2_ws/install/point_lio/share/point_lio/launch/mapping_unilidar_l1.launch.py\n'}
[0.207508] (point_lio) StdoutLine: {'line': b'-- Up-to-date symlink: /home/sauce/ros2_ws/install/point_lio/share/point_lio/launch/mapping_unilidar_l2.launch.py\n'}
[0.207780] (point_lio) StdoutLine: {'line': b'-- Up-to-date symlink: /home/sauce/ros2_ws/install/point_lio/share/point_lio/launch/mapping_velody16.launch.py\n'}
[0.208088] (point_lio) StdoutLine: {'line': b'-- Up-to-date symlink: /home/sauce/ros2_ws/install/point_lio/share/point_lio/rviz_cfg/loam_livox.rviz\n'}
[0.208370] (point_lio) StdoutLine: {'line': b'-- Up-to-date symlink: /home/sauce/ros2_ws/install/point_lio/share/ament_index/resource_index/package_run_dependencies/point_lio\n'}
[0.208648] (point_lio) StdoutLine: {'line': b'-- Up-to-date symlink: /home/sauce/ros2_ws/install/point_lio/share/ament_index/resource_index/parent_prefix_path/point_lio\n'}
[0.208962] (point_lio) StdoutLine: {'line': b'-- Up-to-date symlink: /home/sauce/ros2_ws/install/point_lio/share/point_lio/environment/ament_prefix_path.sh\n'}
[0.209246] (point_lio) StdoutLine: {'line': b'-- Up-to-date symlink: /home/sauce/ros2_ws/install/point_lio/share/point_lio/environment/ament_prefix_path.dsv\n'}
[0.209504] (point_lio) StdoutLine: {'line': b'-- Up-to-date symlink: /home/sauce/ros2_ws/install/point_lio/share/point_lio/environment/path.sh\n'}
[0.209726] (point_lio) StdoutLine: {'line': b'-- Up-to-date symlink: /home/sauce/ros2_ws/install/point_lio/share/point_lio/environment/path.dsv\n'}
[0.209940] (point_lio) StdoutLine: {'line': b'-- Up-to-date symlink: /home/sauce/ros2_ws/install/point_lio/share/point_lio/local_setup.bash\n'}
[0.210186] (point_lio) StdoutLine: {'line': b'-- Up-to-date symlink: /home/sauce/ros2_ws/install/point_lio/share/point_lio/local_setup.sh\n'}
[0.210404] (point_lio) StdoutLine: {'line': b'-- Up-to-date symlink: /home/sauce/ros2_ws/install/point_lio/share/point_lio/local_setup.zsh\n'}
[0.210612] (point_lio) StdoutLine: {'line': b'-- Up-to-date symlink: /home/sauce/ros2_ws/install/point_lio/share/point_lio/local_setup.dsv\n'}
[0.210818] (point_lio) StdoutLine: {'line': b'-- Symlinking: /home/sauce/ros2_ws/install/point_lio/share/point_lio/package.dsv\n'}
[0.222560] (point_lio) StdoutLine: {'line': b'-- Up-to-date symlink: /home/sauce/ros2_ws/install/point_lio/share/ament_index/resource_index/packages/point_lio\n'}
[0.222879] (point_lio) StdoutLine: {'line': b'-- Up-to-date symlink: /home/sauce/ros2_ws/install/point_lio/share/point_lio/cmake/ament_cmake_export_dependencies-extras.cmake\n'}
[0.223159] (point_lio) StdoutLine: {'line': b'-- Up-to-date symlink: /home/sauce/ros2_ws/install/point_lio/share/point_lio/cmake/point_lioConfig.cmake\n'}
[0.223455] (point_lio) StdoutLine: {'line': b'-- Up-to-date symlink: /home/sauce/ros2_ws/install/point_lio/share/point_lio/cmake/point_lioConfig-version.cmake\n'}
[0.223686] (point_lio) StdoutLine: {'line': b'-- Up-to-date symlink: /home/sauce/ros2_ws/install/point_lio/share/point_lio/package.xml\n'}
[0.227028] (point_lio) CommandEnded: {'returncode': 0}
[0.287126] (point_lio) JobEnded: {'identifier': 'point_lio', 'rc': 0}
[0.289081] (-) EventReactorShutdown: {}
