[0.146s] DEBUG:colcon:Command line arguments: ['/usr/bin/colcon', 'build', '--packages-up-to', 'point_lio', '--symlink-install']
[0.147s] DEBUG:colcon:Parsed command line arguments: Namespace(log_base=None, log_level=None, verb_name='build', build_base='build', install_base='install', merge_install=False, symlink_install=True, test_result_base=None, continue_on_error=False, executor='parallel', parallel_workers=12, event_handlers=None, ignore_user_meta=False, metas=['./colcon.meta'], base_paths=['.'], packages_ignore=None, packages_ignore_regex=None, paths=None, packages_up_to=['point_lio'], packages_up_to_regex=None, packages_above=None, packages_above_and_dependencies=None, packages_above_depth=None, packages_select_by_dep=None, packages_skip_by_dep=None, packages_skip_up_to=None, packages_select_build_failed=False, packages_skip_build_finished=False, packages_select_test_failures=False, packages_skip_test_passed=False, packages_select=None, packages_skip=None, packages_select_regex=None, packages_skip_regex=None, packages_start=None, packages_end=None, allow_overriding=[], cmake_args=None, cmake_target=None, cmake_target_skip_unavailable=False, cmake_clean_cache=False, cmake_clean_first=False, cmake_force_configure=False, ament_cmake_args=None, catkin_cmake_args=None, catkin_skip_building_tests=False, verb_parser=<colcon_defaults.argument_parser.defaults.DefaultArgumentsDecorator object at 0xffff83b7f640>, verb_extension=<colcon_core.verb.build.BuildVerb object at 0xffff83b7f100>, main=<bound method BuildVerb.main of <colcon_core.verb.build.BuildVerb object at 0xffff83b7f100>>)
[0.376s] Level 1:colcon.colcon_core.package_discovery:discover_packages(colcon_meta) check parameters
[0.376s] Level 1:colcon.colcon_core.package_discovery:discover_packages(recursive) check parameters
[0.376s] Level 1:colcon.colcon_core.package_discovery:discover_packages(ignore) check parameters
[0.376s] Level 1:colcon.colcon_core.package_discovery:discover_packages(path) check parameters
[0.376s] Level 1:colcon.colcon_core.package_discovery:discover_packages(colcon_meta) discover
[0.376s] Level 1:colcon.colcon_core.package_discovery:discover_packages(recursive) discover
[0.376s] INFO:colcon.colcon_core.package_discovery:Crawling recursively for packages in '/home/sauce/ros2_ws'
[0.376s] Level 1:colcon.colcon_core.package_identification:_identify(.) by extensions ['ignore', 'ignore_ament_install']
[0.377s] Level 1:colcon.colcon_core.package_identification:_identify(.) by extension 'ignore'
[0.377s] Level 1:colcon.colcon_core.package_identification:_identify(.) by extension 'ignore_ament_install'
[0.377s] Level 1:colcon.colcon_core.package_identification:_identify(.) by extensions ['colcon_pkg']
[0.377s] Level 1:colcon.colcon_core.package_identification:_identify(.) by extension 'colcon_pkg'
[0.377s] Level 1:colcon.colcon_core.package_identification:_identify(.) by extensions ['colcon_meta']
[0.377s] Level 1:colcon.colcon_core.package_identification:_identify(.) by extension 'colcon_meta'
[0.377s] Level 1:colcon.colcon_core.package_identification:_identify(.) by extensions ['ros']
[0.377s] Level 1:colcon.colcon_core.package_identification:_identify(.) by extension 'ros'
[0.393s] Level 1:colcon.colcon_core.package_identification:_identify(.) by extensions ['cmake', 'python']
[0.393s] Level 1:colcon.colcon_core.package_identification:_identify(.) by extension 'cmake'
[0.393s] Level 1:colcon.colcon_core.package_identification:_identify(.) by extension 'python'
[0.393s] Level 1:colcon.colcon_core.package_identification:_identify(.) by extensions ['python_setup_py']
[0.393s] Level 1:colcon.colcon_core.package_identification:_identify(.) by extension 'python_setup_py'
[0.393s] Level 1:colcon.colcon_core.package_identification:_identify(build) by extensions ['ignore', 'ignore_ament_install']
[0.393s] Level 1:colcon.colcon_core.package_identification:_identify(build) by extension 'ignore'
[0.393s] Level 1:colcon.colcon_core.package_identification:_identify(build) ignored
[0.394s] Level 1:colcon.colcon_core.package_identification:_identify(install) by extensions ['ignore', 'ignore_ament_install']
[0.394s] Level 1:colcon.colcon_core.package_identification:_identify(install) by extension 'ignore'
[0.394s] Level 1:colcon.colcon_core.package_identification:_identify(install) ignored
[0.394s] Level 1:colcon.colcon_core.package_identification:_identify(log) by extensions ['ignore', 'ignore_ament_install']
[0.394s] Level 1:colcon.colcon_core.package_identification:_identify(log) by extension 'ignore'
[0.394s] Level 1:colcon.colcon_core.package_identification:_identify(log) ignored
[0.394s] Level 1:colcon.colcon_core.package_identification:_identify(src) by extensions ['ignore', 'ignore_ament_install']
[0.394s] Level 1:colcon.colcon_core.package_identification:_identify(src) by extension 'ignore'
[0.394s] Level 1:colcon.colcon_core.package_identification:_identify(src) by extension 'ignore_ament_install'
[0.395s] Level 1:colcon.colcon_core.package_identification:_identify(src) by extensions ['colcon_pkg']
[0.395s] Level 1:colcon.colcon_core.package_identification:_identify(src) by extension 'colcon_pkg'
[0.395s] Level 1:colcon.colcon_core.package_identification:_identify(src) by extensions ['colcon_meta']
[0.395s] Level 1:colcon.colcon_core.package_identification:_identify(src) by extension 'colcon_meta'
[0.395s] Level 1:colcon.colcon_core.package_identification:_identify(src) by extensions ['ros']
[0.395s] Level 1:colcon.colcon_core.package_identification:_identify(src) by extension 'ros'
[0.395s] Level 1:colcon.colcon_core.package_identification:_identify(src) by extensions ['cmake', 'python']
[0.395s] Level 1:colcon.colcon_core.package_identification:_identify(src) by extension 'cmake'
[0.395s] Level 1:colcon.colcon_core.package_identification:_identify(src) by extension 'python'
[0.395s] Level 1:colcon.colcon_core.package_identification:_identify(src) by extensions ['python_setup_py']
[0.395s] Level 1:colcon.colcon_core.package_identification:_identify(src) by extension 'python_setup_py'
[0.395s] Level 1:colcon.colcon_core.package_identification:_identify(src/point_lio_ros2) by extensions ['ignore', 'ignore_ament_install']
[0.395s] Level 1:colcon.colcon_core.package_identification:_identify(src/point_lio_ros2) by extension 'ignore'
[0.395s] Level 1:colcon.colcon_core.package_identification:_identify(src/point_lio_ros2) by extension 'ignore_ament_install'
[0.396s] Level 1:colcon.colcon_core.package_identification:_identify(src/point_lio_ros2) by extensions ['colcon_pkg']
[0.396s] Level 1:colcon.colcon_core.package_identification:_identify(src/point_lio_ros2) by extension 'colcon_pkg'
[0.396s] Level 1:colcon.colcon_core.package_identification:_identify(src/point_lio_ros2) by extensions ['colcon_meta']
[0.396s] Level 1:colcon.colcon_core.package_identification:_identify(src/point_lio_ros2) by extension 'colcon_meta'
[0.396s] Level 1:colcon.colcon_core.package_identification:_identify(src/point_lio_ros2) by extensions ['ros']
[0.396s] Level 1:colcon.colcon_core.package_identification:_identify(src/point_lio_ros2) by extension 'ros'
[0.400s] DEBUG:colcon.colcon_core.package_identification:Package 'src/point_lio_ros2' with type 'ros.ament_cmake' and name 'point_lio'
[0.400s] Level 1:colcon.colcon_core.package_identification:_identify(src/unilidar_sdk2) by extensions ['ignore', 'ignore_ament_install']
[0.400s] Level 1:colcon.colcon_core.package_identification:_identify(src/unilidar_sdk2) by extension 'ignore'
[0.400s] Level 1:colcon.colcon_core.package_identification:_identify(src/unilidar_sdk2) by extension 'ignore_ament_install'
[0.400s] Level 1:colcon.colcon_core.package_identification:_identify(src/unilidar_sdk2) by extensions ['colcon_pkg']
[0.401s] Level 1:colcon.colcon_core.package_identification:_identify(src/unilidar_sdk2) by extension 'colcon_pkg'
[0.401s] Level 1:colcon.colcon_core.package_identification:_identify(src/unilidar_sdk2) by extensions ['colcon_meta']
[0.401s] Level 1:colcon.colcon_core.package_identification:_identify(src/unilidar_sdk2) by extension 'colcon_meta'
[0.401s] Level 1:colcon.colcon_core.package_identification:_identify(src/unilidar_sdk2) by extensions ['ros']
[0.401s] Level 1:colcon.colcon_core.package_identification:_identify(src/unilidar_sdk2) by extension 'ros'
[0.401s] Level 1:colcon.colcon_core.package_identification:_identify(src/unilidar_sdk2) by extensions ['cmake', 'python']
[0.401s] Level 1:colcon.colcon_core.package_identification:_identify(src/unilidar_sdk2) by extension 'cmake'
[0.401s] Level 1:colcon.colcon_core.package_identification:_identify(src/unilidar_sdk2) by extension 'python'
[0.401s] Level 1:colcon.colcon_core.package_identification:_identify(src/unilidar_sdk2) by extensions ['python_setup_py']
[0.401s] Level 1:colcon.colcon_core.package_identification:_identify(src/unilidar_sdk2) by extension 'python_setup_py'
[0.401s] Level 1:colcon.colcon_core.package_identification:_identify(src/unilidar_sdk2/docs) by extensions ['ignore', 'ignore_ament_install']
[0.401s] Level 1:colcon.colcon_core.package_identification:_identify(src/unilidar_sdk2/docs) by extension 'ignore'
[0.401s] Level 1:colcon.colcon_core.package_identification:_identify(src/unilidar_sdk2/docs) by extension 'ignore_ament_install'
[0.402s] Level 1:colcon.colcon_core.package_identification:_identify(src/unilidar_sdk2/docs) by extensions ['colcon_pkg']
[0.402s] Level 1:colcon.colcon_core.package_identification:_identify(src/unilidar_sdk2/docs) by extension 'colcon_pkg'
[0.402s] Level 1:colcon.colcon_core.package_identification:_identify(src/unilidar_sdk2/docs) by extensions ['colcon_meta']
[0.402s] Level 1:colcon.colcon_core.package_identification:_identify(src/unilidar_sdk2/docs) by extension 'colcon_meta'
[0.402s] Level 1:colcon.colcon_core.package_identification:_identify(src/unilidar_sdk2/docs) by extensions ['ros']
[0.402s] Level 1:colcon.colcon_core.package_identification:_identify(src/unilidar_sdk2/docs) by extension 'ros'
[0.402s] Level 1:colcon.colcon_core.package_identification:_identify(src/unilidar_sdk2/docs) by extensions ['cmake', 'python']
[0.402s] Level 1:colcon.colcon_core.package_identification:_identify(src/unilidar_sdk2/docs) by extension 'cmake'
[0.402s] Level 1:colcon.colcon_core.package_identification:_identify(src/unilidar_sdk2/docs) by extension 'python'
[0.402s] Level 1:colcon.colcon_core.package_identification:_identify(src/unilidar_sdk2/docs) by extensions ['python_setup_py']
[0.402s] Level 1:colcon.colcon_core.package_identification:_identify(src/unilidar_sdk2/docs) by extension 'python_setup_py'
[0.402s] Level 1:colcon.colcon_core.package_identification:_identify(src/unilidar_sdk2/unitree_lidar_sdk) by extensions ['ignore', 'ignore_ament_install']
[0.402s] Level 1:colcon.colcon_core.package_identification:_identify(src/unilidar_sdk2/unitree_lidar_sdk) by extension 'ignore'
[0.402s] Level 1:colcon.colcon_core.package_identification:_identify(src/unilidar_sdk2/unitree_lidar_sdk) by extension 'ignore_ament_install'
[0.402s] Level 1:colcon.colcon_core.package_identification:_identify(src/unilidar_sdk2/unitree_lidar_sdk) by extensions ['colcon_pkg']
[0.403s] Level 1:colcon.colcon_core.package_identification:_identify(src/unilidar_sdk2/unitree_lidar_sdk) by extension 'colcon_pkg'
[0.403s] Level 1:colcon.colcon_core.package_identification:_identify(src/unilidar_sdk2/unitree_lidar_sdk) by extensions ['colcon_meta']
[0.403s] Level 1:colcon.colcon_core.package_identification:_identify(src/unilidar_sdk2/unitree_lidar_sdk) by extension 'colcon_meta'
[0.403s] Level 1:colcon.colcon_core.package_identification:_identify(src/unilidar_sdk2/unitree_lidar_sdk) by extensions ['ros']
[0.403s] Level 1:colcon.colcon_core.package_identification:_identify(src/unilidar_sdk2/unitree_lidar_sdk) by extension 'ros'
[0.403s] Level 1:colcon.colcon_core.package_identification:_identify(src/unilidar_sdk2/unitree_lidar_sdk) by extensions ['cmake', 'python']
[0.403s] Level 1:colcon.colcon_core.package_identification:_identify(src/unilidar_sdk2/unitree_lidar_sdk) by extension 'cmake'
[0.405s] Level 1:colcon.colcon_core.package_identification:_identify(src/unilidar_sdk2/unitree_lidar_sdk) by extension 'python'
[0.405s] DEBUG:colcon.colcon_core.package_identification:Package 'src/unilidar_sdk2/unitree_lidar_sdk' with type 'cmake' and name 'unitree_lidar_sdk'
[0.405s] Level 1:colcon.colcon_core.package_identification:_identify(src/unitree_lidar_ros2) by extensions ['ignore', 'ignore_ament_install']
[0.405s] Level 1:colcon.colcon_core.package_identification:_identify(src/unitree_lidar_ros2) by extension 'ignore'
[0.405s] Level 1:colcon.colcon_core.package_identification:_identify(src/unitree_lidar_ros2) by extension 'ignore_ament_install'
[0.405s] Level 1:colcon.colcon_core.package_identification:_identify(src/unitree_lidar_ros2) by extensions ['colcon_pkg']
[0.405s] Level 1:colcon.colcon_core.package_identification:_identify(src/unitree_lidar_ros2) by extension 'colcon_pkg'
[0.405s] Level 1:colcon.colcon_core.package_identification:_identify(src/unitree_lidar_ros2) by extensions ['colcon_meta']
[0.405s] Level 1:colcon.colcon_core.package_identification:_identify(src/unitree_lidar_ros2) by extension 'colcon_meta'
[0.405s] Level 1:colcon.colcon_core.package_identification:_identify(src/unitree_lidar_ros2) by extensions ['ros']
[0.406s] Level 1:colcon.colcon_core.package_identification:_identify(src/unitree_lidar_ros2) by extension 'ros'
[0.407s] DEBUG:colcon.colcon_core.package_identification:Package 'src/unitree_lidar_ros2' with type 'ros.ament_cmake' and name 'unitree_lidar_ros2'
[0.407s] Level 1:colcon.colcon_core.package_discovery:discover_packages(recursive) using defaults
[0.407s] Level 1:colcon.colcon_core.package_discovery:discover_packages(ignore) discover
[0.407s] Level 1:colcon.colcon_core.package_discovery:discover_packages(ignore) using defaults
[0.407s] Level 1:colcon.colcon_core.package_discovery:discover_packages(path) discover
[0.407s] Level 1:colcon.colcon_core.package_discovery:discover_packages(path) using defaults
[0.453s] INFO:colcon.colcon_core.package_selection:Skipping package 'unitree_lidar_sdk' in 'src/unilidar_sdk2/unitree_lidar_sdk'
[0.453s] INFO:colcon.colcon_core.package_selection:Skipping package 'unitree_lidar_ros2' in 'src/unitree_lidar_ros2'
[0.454s] Level 1:colcon.colcon_core.package_discovery:discover_packages(prefix_path) check parameters
[0.454s] Level 1:colcon.colcon_core.package_discovery:discover_packages(prefix_path) discover
[0.456s] DEBUG:colcon.colcon_installed_package_information.package_discovery:Found 3 installed packages in /home/sauce/ros2_ws/install
[0.458s] DEBUG:colcon.colcon_installed_package_information.package_discovery:Found 321 installed packages in /opt/ros/humble
[0.460s] Level 1:colcon.colcon_core.package_discovery:discover_packages(prefix_path) using defaults
[0.518s] Level 5:colcon.colcon_core.verb:set package 'point_lio' build argument 'cmake_args' from command line to 'None'
[0.518s] Level 5:colcon.colcon_core.verb:set package 'point_lio' build argument 'cmake_target' from command line to 'None'
[0.518s] Level 5:colcon.colcon_core.verb:set package 'point_lio' build argument 'cmake_target_skip_unavailable' from command line to 'False'
[0.518s] Level 5:colcon.colcon_core.verb:set package 'point_lio' build argument 'cmake_clean_cache' from command line to 'False'
[0.518s] Level 5:colcon.colcon_core.verb:set package 'point_lio' build argument 'cmake_clean_first' from command line to 'False'
[0.518s] Level 5:colcon.colcon_core.verb:set package 'point_lio' build argument 'cmake_force_configure' from command line to 'False'
[0.519s] Level 5:colcon.colcon_core.verb:set package 'point_lio' build argument 'ament_cmake_args' from command line to 'None'
[0.519s] Level 5:colcon.colcon_core.verb:set package 'point_lio' build argument 'catkin_cmake_args' from command line to 'None'
[0.519s] Level 5:colcon.colcon_core.verb:set package 'point_lio' build argument 'catkin_skip_building_tests' from command line to 'False'
[0.519s] DEBUG:colcon.colcon_core.verb:Building package 'point_lio' with the following arguments: {'ament_cmake_args': None, 'build_base': '/home/sauce/ros2_ws/build/point_lio', 'catkin_cmake_args': None, 'catkin_skip_building_tests': False, 'cmake_args': None, 'cmake_clean_cache': False, 'cmake_clean_first': False, 'cmake_force_configure': False, 'cmake_target': None, 'cmake_target_skip_unavailable': False, 'install_base': '/home/sauce/ros2_ws/install/point_lio', 'merge_install': False, 'path': '/home/sauce/ros2_ws/src/point_lio_ros2', 'symlink_install': True, 'test_result_base': None}
[0.519s] INFO:colcon.colcon_core.executor:Executing jobs using 'parallel' executor
[0.520s] DEBUG:colcon.colcon_parallel_executor.executor.parallel:run_until_complete
[0.521s] INFO:colcon.colcon_ros.task.ament_cmake.build:Building ROS package in '/home/sauce/ros2_ws/src/point_lio_ros2' with build type 'ament_cmake'
[0.521s] INFO:colcon.colcon_cmake.task.cmake.build:Building CMake package in '/home/sauce/ros2_ws/src/point_lio_ros2'
[0.524s] INFO:colcon.colcon_core.plugin_system:Skipping extension 'colcon_core.shell.bat': Not used on non-Windows systems
[0.524s] INFO:colcon.colcon_core.shell:Skip shell extension 'powershell' for command environment: Not usable outside of PowerShell
[0.525s] DEBUG:colcon.colcon_core.shell:Skip shell extension 'dsv' for command environment
[0.541s] DEBUG:colcon.colcon_core.event_handler.log_command:Invoking command in '/home/sauce/ros2_ws/build/point_lio': CMAKE_PREFIX_PATH=${CMAKE_PREFIX_PATH}:/opt/ros/humble /usr/bin/cmake --build /home/sauce/ros2_ws/build/point_lio -- -j12 -l12
[0.694s] DEBUG:colcon.colcon_core.event_handler.log_command:Invoked command in '/home/sauce/ros2_ws/build/point_lio' returned '0': CMAKE_PREFIX_PATH=${CMAKE_PREFIX_PATH}:/opt/ros/humble /usr/bin/cmake --build /home/sauce/ros2_ws/build/point_lio -- -j12 -l12
[0.712s] DEBUG:colcon.colcon_core.event_handler.log_command:Invoking command in '/home/sauce/ros2_ws/build/point_lio': CMAKE_PREFIX_PATH=${CMAKE_PREFIX_PATH}:/opt/ros/humble /usr/bin/cmake --install /home/sauce/ros2_ws/build/point_lio
[0.748s] Level 1:colcon.colcon_core.environment:create_environment_scripts_only(point_lio)
[0.749s] DEBUG:colcon.colcon_core.event_handler.log_command:Invoked command in '/home/sauce/ros2_ws/build/point_lio' returned '0': CMAKE_PREFIX_PATH=${CMAKE_PREFIX_PATH}:/opt/ros/humble /usr/bin/cmake --install /home/sauce/ros2_ws/build/point_lio
[0.757s] Level 1:colcon.colcon_core.environment:checking '/home/sauce/ros2_ws/install/point_lio' for CMake module files
[0.759s] Level 1:colcon.colcon_core.environment:checking '/home/sauce/ros2_ws/install/point_lio' for CMake config files
[0.761s] Level 1:colcon.colcon_core.shell:create_environment_hook('point_lio', 'cmake_prefix_path')
[0.762s] INFO:colcon.colcon_core.shell:Creating environment hook '/home/sauce/ros2_ws/install/point_lio/share/point_lio/hook/cmake_prefix_path.ps1'
[0.764s] INFO:colcon.colcon_core.shell:Creating environment descriptor '/home/sauce/ros2_ws/install/point_lio/share/point_lio/hook/cmake_prefix_path.dsv'
[0.766s] INFO:colcon.colcon_core.shell:Creating environment hook '/home/sauce/ros2_ws/install/point_lio/share/point_lio/hook/cmake_prefix_path.sh'
[0.769s] Level 1:colcon.colcon_core.environment:checking '/home/sauce/ros2_ws/install/point_lio/lib'
[0.769s] Level 1:colcon.colcon_core.environment:checking '/home/sauce/ros2_ws/install/point_lio/bin'
[0.770s] Level 1:colcon.colcon_core.environment:checking '/home/sauce/ros2_ws/install/point_lio/lib/pkgconfig/point_lio.pc'
[0.771s] Level 1:colcon.colcon_core.environment:checking '/home/sauce/ros2_ws/install/point_lio/lib/python3.10/site-packages'
[0.772s] Level 1:colcon.colcon_core.environment:checking '/home/sauce/ros2_ws/install/point_lio/bin'
[0.773s] INFO:colcon.colcon_core.shell:Creating package script '/home/sauce/ros2_ws/install/point_lio/share/point_lio/package.ps1'
[0.776s] INFO:colcon.colcon_core.shell:Creating package descriptor '/home/sauce/ros2_ws/install/point_lio/share/point_lio/package.dsv'
[0.778s] INFO:colcon.colcon_core.shell:Creating package script '/home/sauce/ros2_ws/install/point_lio/share/point_lio/package.sh'
[0.781s] INFO:colcon.colcon_core.shell:Creating package script '/home/sauce/ros2_ws/install/point_lio/share/point_lio/package.bash'
[0.783s] INFO:colcon.colcon_core.shell:Creating package script '/home/sauce/ros2_ws/install/point_lio/share/point_lio/package.zsh'
[0.786s] Level 1:colcon.colcon_core.environment:create_file_with_runtime_dependencies(/home/sauce/ros2_ws/install/point_lio/share/colcon-core/packages/point_lio)
[0.788s] Level 1:colcon.colcon_core.environment:create_environment_scripts_only(point_lio)
[0.789s] Level 1:colcon.colcon_core.environment:checking '/home/sauce/ros2_ws/install/point_lio' for CMake module files
[0.791s] Level 1:colcon.colcon_core.environment:checking '/home/sauce/ros2_ws/install/point_lio' for CMake config files
[0.792s] Level 1:colcon.colcon_core.shell:create_environment_hook('point_lio', 'cmake_prefix_path')
[0.793s] INFO:colcon.colcon_core.shell:Creating environment hook '/home/sauce/ros2_ws/install/point_lio/share/point_lio/hook/cmake_prefix_path.ps1'
[0.794s] INFO:colcon.colcon_core.shell:Creating environment descriptor '/home/sauce/ros2_ws/install/point_lio/share/point_lio/hook/cmake_prefix_path.dsv'
[0.796s] INFO:colcon.colcon_core.shell:Creating environment hook '/home/sauce/ros2_ws/install/point_lio/share/point_lio/hook/cmake_prefix_path.sh'
[0.797s] Level 1:colcon.colcon_core.environment:checking '/home/sauce/ros2_ws/install/point_lio/lib'
[0.798s] Level 1:colcon.colcon_core.environment:checking '/home/sauce/ros2_ws/install/point_lio/bin'
[0.798s] Level 1:colcon.colcon_core.environment:checking '/home/sauce/ros2_ws/install/point_lio/lib/pkgconfig/point_lio.pc'
[0.799s] Level 1:colcon.colcon_core.environment:checking '/home/sauce/ros2_ws/install/point_lio/lib/python3.10/site-packages'
[0.800s] Level 1:colcon.colcon_core.environment:checking '/home/sauce/ros2_ws/install/point_lio/bin'
[0.801s] INFO:colcon.colcon_core.shell:Creating package script '/home/sauce/ros2_ws/install/point_lio/share/point_lio/package.ps1'
[0.802s] INFO:colcon.colcon_core.shell:Creating package descriptor '/home/sauce/ros2_ws/install/point_lio/share/point_lio/package.dsv'
[0.804s] INFO:colcon.colcon_core.shell:Creating package script '/home/sauce/ros2_ws/install/point_lio/share/point_lio/package.sh'
[0.805s] INFO:colcon.colcon_core.shell:Creating package script '/home/sauce/ros2_ws/install/point_lio/share/point_lio/package.bash'
[0.806s] INFO:colcon.colcon_core.shell:Creating package script '/home/sauce/ros2_ws/install/point_lio/share/point_lio/package.zsh'
[0.808s] Level 1:colcon.colcon_core.environment:create_file_with_runtime_dependencies(/home/sauce/ros2_ws/install/point_lio/share/colcon-core/packages/point_lio)
[0.809s] DEBUG:colcon.colcon_parallel_executor.executor.parallel:closing loop
[0.809s] DEBUG:colcon.colcon_parallel_executor.executor.parallel:loop closed
[0.810s] DEBUG:colcon.colcon_parallel_executor.executor.parallel:run_until_complete finished with '0'
[0.810s] DEBUG:colcon.colcon_core.event_reactor:joining thread
[0.825s] INFO:colcon.colcon_core.plugin_system:Skipping extension 'colcon_notification.desktop_notification.terminal_notifier': Not used on non-Darwin systems
[0.826s] INFO:colcon.colcon_core.plugin_system:Skipping extension 'colcon_notification.desktop_notification.win32': Not used on non-Windows systems
[0.826s] INFO:colcon.colcon_notification.desktop_notification:Sending desktop notification using 'notify2'
[0.862s] DEBUG:colcon.colcon_core.event_reactor:joined thread
[0.863s] INFO:colcon.colcon_core.shell:Creating prefix script '/home/sauce/ros2_ws/install/local_setup.ps1'
[0.866s] INFO:colcon.colcon_core.shell:Creating prefix util module '/home/sauce/ros2_ws/install/_local_setup_util_ps1.py'
[0.871s] INFO:colcon.colcon_core.shell:Creating prefix chain script '/home/sauce/ros2_ws/install/setup.ps1'
[0.875s] INFO:colcon.colcon_core.shell:Creating prefix script '/home/sauce/ros2_ws/install/local_setup.sh'
[0.877s] INFO:colcon.colcon_core.shell:Creating prefix util module '/home/sauce/ros2_ws/install/_local_setup_util_sh.py'
[0.879s] INFO:colcon.colcon_core.shell:Creating prefix chain script '/home/sauce/ros2_ws/install/setup.sh'
[0.882s] INFO:colcon.colcon_core.shell:Creating prefix script '/home/sauce/ros2_ws/install/local_setup.bash'
[0.884s] INFO:colcon.colcon_core.shell:Creating prefix chain script '/home/sauce/ros2_ws/install/setup.bash'
[0.887s] INFO:colcon.colcon_core.shell:Creating prefix script '/home/sauce/ros2_ws/install/local_setup.zsh'
[0.889s] INFO:colcon.colcon_core.shell:Creating prefix chain script '/home/sauce/ros2_ws/install/setup.zsh'
