[0.000000] (-) TimerEvent: {}
[0.000408] (cloud_header_fixer) JobQueued: {'identifier': 'cloud_header_fixer', 'dependencies': OrderedDict()}
[0.000494] (point_lio) JobQueued: {'identifier': 'point_lio', 'dependencies': OrderedDict()}
[0.000798] (unitree_lidar_ros2) JobQueued: {'identifier': 'unitree_lidar_ros2', 'dependencies': OrderedDict()}
[0.000925] (unitree_lidar_sdk) JobQueued: {'identifier': 'unitree_lidar_sdk', 'dependencies': OrderedDict()}
[0.000991] (cloud_header_fixer) JobStarted: {'identifier': 'cloud_header_fixer'}
[0.011457] (point_lio) JobStarted: {'identifier': 'point_lio'}
[0.016167] (unitree_lidar_ros2) JobStarted: {'identifier': 'unitree_lidar_ros2'}
[0.021498] (unitree_lidar_sdk) JobStarted: {'identifier': 'unitree_lidar_sdk'}
[0.098667] (-) TimerEvent: {}
[0.199176] (-) TimerEvent: {}
[0.299556] (-) TimerEvent: {}
[0.392789] (point_lio) JobProgress: {'identifier': 'point_lio', 'progress': 'cmake'}
[0.394170] (point_lio) JobProgress: {'identifier': 'point_lio', 'progress': 'build'}
[0.396938] (point_lio) Command: {'cmd': ['/usr/bin/cmake', '--build', '/home/sauce/ros2_ws/build/point_lio', '--', '-j12', '-l12'], 'cwd': '/home/sauce/ros2_ws/build/point_lio', 'env': OrderedDict([('USER', 'sauce'), ('SSH_CLIENT', '192.168.0.42 53817 22'), ('XDG_SESSION_TYPE', 'tty'), ('SHLVL', '1'), ('LD_LIBRARY_PATH', '/opt/ros/humble/opt/rviz_ogre_vendor/lib:/opt/ros/humble/lib/aarch64-linux-gnu:/opt/ros/humble/lib'), ('MOTD_SHOWN', 'pam'), ('HOME', '/home/sauce'), ('OLDPWD', '/home/sauce/ros2_ws'), ('SSH_TTY', '/dev/pts/1'), ('ROS_PYTHON_VERSION', '3'), ('DBUS_SESSION_BUS_ADDRESS', 'unix:path=/run/user/1000/bus'), ('COLCON_PREFIX_PATH', '/home/sauce/ros2_ws/install'), ('ROS_DISTRO', 'humble'), ('LOGNAME', 'sauce'), ('_', '/usr/bin/colcon'), ('ROS_VERSION', '2'), ('XDG_SESSION_CLASS', 'user'), ('TERM', 'xterm'), ('XDG_SESSION_ID', '32'), ('ROS_LOCALHOST_ONLY', '0'), ('PATH', '/home/sauce/.local/bin:/opt/ros/humble/bin:/usr/local/sbin:/usr/local/bin:/usr/sbin:/usr/bin:/sbin:/bin:/usr/games:/usr/local/games:/snap/bin'), ('XDG_RUNTIME_DIR', '/run/user/1000'), ('LANG', 'en_US.UTF-8'), ('RMW_IMPLEMENTATION', 'rmw_fastrtps_cpp'), ('AMENT_PREFIX_PATH', '/home/sauce/ros2_ws/install/cloud_header_fixer:/home/sauce/ros2_ws/install/unitree_lidar_ros2:/home/sauce/ros2_ws/install/point_lio:/opt/ros/humble'), ('SHELL', '/bin/bash'), ('PWD', '/home/sauce/ros2_ws/build/point_lio'), ('LC_ALL', 'en_US.UTF-8'), ('SSH_CONNECTION', '192.168.0.42 53817 192.168.0.152 22'), ('XDG_DATA_DIRS', '/usr/share/gnome:/usr/local/share:/usr/share:/var/lib/snapd/desktop'), ('PYTHONPATH', '/home/sauce/ros2_ws/build/cloud_header_fixer:/home/sauce/ros2_ws/install/cloud_header_fixer/lib/python3.10/site-packages:/opt/ros/humble/lib/python3.10/site-packages:/opt/ros/humble/local/lib/python3.10/dist-packages'), ('COLCON', '1'), ('CMAKE_PREFIX_PATH', '/home/sauce/ros2_ws/install/unitree_lidar_ros2:/home/sauce/ros2_ws/install/point_lio:/home/sauce/ros2_ws/install/cloud_header_fixer:/opt/ros/humble')]), 'shell': False}
[0.400734] (-) TimerEvent: {}
[0.404707] (unitree_lidar_ros2) JobProgress: {'identifier': 'unitree_lidar_ros2', 'progress': 'cmake'}
[0.406334] (unitree_lidar_ros2) JobProgress: {'identifier': 'unitree_lidar_ros2', 'progress': 'build'}
[0.407092] (unitree_lidar_ros2) Command: {'cmd': ['/usr/bin/cmake', '--build', '/home/sauce/ros2_ws/build/unitree_lidar_ros2', '--', '-j12', '-l12'], 'cwd': '/home/sauce/ros2_ws/build/unitree_lidar_ros2', 'env': OrderedDict([('USER', 'sauce'), ('SSH_CLIENT', '192.168.0.42 53817 22'), ('XDG_SESSION_TYPE', 'tty'), ('SHLVL', '1'), ('LD_LIBRARY_PATH', '/opt/ros/humble/opt/rviz_ogre_vendor/lib:/opt/ros/humble/lib/aarch64-linux-gnu:/opt/ros/humble/lib'), ('MOTD_SHOWN', 'pam'), ('HOME', '/home/sauce'), ('OLDPWD', '/home/sauce/ros2_ws'), ('SSH_TTY', '/dev/pts/1'), ('ROS_PYTHON_VERSION', '3'), ('DBUS_SESSION_BUS_ADDRESS', 'unix:path=/run/user/1000/bus'), ('COLCON_PREFIX_PATH', '/home/sauce/ros2_ws/install'), ('ROS_DISTRO', 'humble'), ('LOGNAME', 'sauce'), ('_', '/usr/bin/colcon'), ('ROS_VERSION', '2'), ('XDG_SESSION_CLASS', 'user'), ('TERM', 'xterm'), ('XDG_SESSION_ID', '32'), ('ROS_LOCALHOST_ONLY', '0'), ('PATH', '/home/sauce/.local/bin:/opt/ros/humble/bin:/usr/local/sbin:/usr/local/bin:/usr/sbin:/usr/bin:/sbin:/bin:/usr/games:/usr/local/games:/snap/bin'), ('XDG_RUNTIME_DIR', '/run/user/1000'), ('LANG', 'en_US.UTF-8'), ('RMW_IMPLEMENTATION', 'rmw_fastrtps_cpp'), ('AMENT_PREFIX_PATH', '/home/sauce/ros2_ws/install/cloud_header_fixer:/home/sauce/ros2_ws/install/unitree_lidar_ros2:/home/sauce/ros2_ws/install/point_lio:/opt/ros/humble'), ('SHELL', '/bin/bash'), ('PWD', '/home/sauce/ros2_ws/build/unitree_lidar_ros2'), ('LC_ALL', 'en_US.UTF-8'), ('SSH_CONNECTION', '192.168.0.42 53817 192.168.0.152 22'), ('XDG_DATA_DIRS', '/usr/share/gnome:/usr/local/share:/usr/share:/var/lib/snapd/desktop'), ('PYTHONPATH', '/home/sauce/ros2_ws/build/cloud_header_fixer:/home/sauce/ros2_ws/install/cloud_header_fixer/lib/python3.10/site-packages:/opt/ros/humble/lib/python3.10/site-packages:/opt/ros/humble/local/lib/python3.10/dist-packages'), ('COLCON', '1'), ('CMAKE_PREFIX_PATH', '/home/sauce/ros2_ws/install/unitree_lidar_ros2:/home/sauce/ros2_ws/install/point_lio:/home/sauce/ros2_ws/install/cloud_header_fixer:/opt/ros/humble')]), 'shell': False}
[0.413003] (unitree_lidar_sdk) JobProgress: {'identifier': 'unitree_lidar_sdk', 'progress': 'cmake'}
[0.413726] (unitree_lidar_sdk) JobProgress: {'identifier': 'unitree_lidar_sdk', 'progress': 'build'}
[0.414010] (unitree_lidar_sdk) Command: {'cmd': ['/usr/bin/cmake', '--build', '/home/sauce/ros2_ws/build/unitree_lidar_sdk', '--', '-j12', '-l12'], 'cwd': '/home/sauce/ros2_ws/build/unitree_lidar_sdk', 'env': OrderedDict([('USER', 'sauce'), ('SSH_CLIENT', '192.168.0.42 53817 22'), ('XDG_SESSION_TYPE', 'tty'), ('SHLVL', '1'), ('LD_LIBRARY_PATH', '/opt/ros/humble/opt/rviz_ogre_vendor/lib:/opt/ros/humble/lib/aarch64-linux-gnu:/opt/ros/humble/lib'), ('MOTD_SHOWN', 'pam'), ('HOME', '/home/sauce'), ('OLDPWD', '/home/sauce/ros2_ws'), ('SSH_TTY', '/dev/pts/1'), ('ROS_PYTHON_VERSION', '3'), ('DBUS_SESSION_BUS_ADDRESS', 'unix:path=/run/user/1000/bus'), ('COLCON_PREFIX_PATH', '/home/sauce/ros2_ws/install'), ('ROS_DISTRO', 'humble'), ('LOGNAME', 'sauce'), ('_', '/usr/bin/colcon'), ('ROS_VERSION', '2'), ('XDG_SESSION_CLASS', 'user'), ('TERM', 'xterm'), ('XDG_SESSION_ID', '32'), ('ROS_LOCALHOST_ONLY', '0'), ('PATH', '/home/sauce/.local/bin:/opt/ros/humble/bin:/usr/local/sbin:/usr/local/bin:/usr/sbin:/usr/bin:/sbin:/bin:/usr/games:/usr/local/games:/snap/bin'), ('XDG_RUNTIME_DIR', '/run/user/1000'), ('LANG', 'en_US.UTF-8'), ('RMW_IMPLEMENTATION', 'rmw_fastrtps_cpp'), ('AMENT_PREFIX_PATH', '/home/sauce/ros2_ws/install/cloud_header_fixer:/home/sauce/ros2_ws/install/unitree_lidar_ros2:/home/sauce/ros2_ws/install/point_lio:/opt/ros/humble'), ('SHELL', '/bin/bash'), ('PWD', '/home/sauce/ros2_ws/build/unitree_lidar_sdk'), ('LC_ALL', 'en_US.UTF-8'), ('SSH_CONNECTION', '192.168.0.42 53817 192.168.0.152 22'), ('XDG_DATA_DIRS', '/usr/share/gnome:/usr/local/share:/usr/share:/var/lib/snapd/desktop'), ('PYTHONPATH', '/home/sauce/ros2_ws/build/cloud_header_fixer:/home/sauce/ros2_ws/install/cloud_header_fixer/lib/python3.10/site-packages:/opt/ros/humble/lib/python3.10/site-packages:/opt/ros/humble/local/lib/python3.10/dist-packages'), ('COLCON', '1'), ('CMAKE_PREFIX_PATH', '/home/sauce/ros2_ws/install/unitree_lidar_ros2:/home/sauce/ros2_ws/install/point_lio')]), 'shell': False}
[0.472221] (unitree_lidar_sdk) StdoutLine: {'line': b'[100%] Built target set_to_udp_mode\n'}
[0.472605] (unitree_lidar_sdk) StdoutLine: {'line': b'[100%] Built target set_to_serial_mode\n'}
[0.472733] (unitree_lidar_sdk) StdoutLine: {'line': b'[100%] Built target example_lidar_serial\n'}
[0.472837] (unitree_lidar_sdk) StdoutLine: {'line': b'[100%] Built target example_lidar_udp\n'}
[0.472932] (unitree_lidar_sdk) StdoutLine: {'line': b'[100%] Built target set_ip_address\n'}
[0.493567] (unitree_lidar_sdk) CommandEnded: {'returncode': 0}
[0.500872] (-) TimerEvent: {}
[0.505914] (unitree_lidar_ros2) StdoutLine: {'line': b'[100%] Built target unitree_lidar_ros2_node\n'}
[0.510055] (unitree_lidar_sdk) JobEnded: {'identifier': 'unitree_lidar_sdk', 'rc': 0}
[0.515139] (point_lio) StdoutLine: {'line': b'[100%] Built target pointlio_mapping\n'}
[0.522107] (unitree_lidar_ros2) CommandEnded: {'returncode': 0}
[0.523079] (unitree_lidar_ros2) JobProgress: {'identifier': 'unitree_lidar_ros2', 'progress': 'install'}
[0.537452] (unitree_lidar_ros2) Command: {'cmd': ['/usr/bin/cmake', '--install', '/home/sauce/ros2_ws/build/unitree_lidar_ros2'], 'cwd': '/home/sauce/ros2_ws/build/unitree_lidar_ros2', 'env': OrderedDict([('USER', 'sauce'), ('SSH_CLIENT', '192.168.0.42 53817 22'), ('XDG_SESSION_TYPE', 'tty'), ('SHLVL', '1'), ('LD_LIBRARY_PATH', '/opt/ros/humble/opt/rviz_ogre_vendor/lib:/opt/ros/humble/lib/aarch64-linux-gnu:/opt/ros/humble/lib'), ('MOTD_SHOWN', 'pam'), ('HOME', '/home/sauce'), ('OLDPWD', '/home/sauce/ros2_ws'), ('SSH_TTY', '/dev/pts/1'), ('ROS_PYTHON_VERSION', '3'), ('DBUS_SESSION_BUS_ADDRESS', 'unix:path=/run/user/1000/bus'), ('COLCON_PREFIX_PATH', '/home/sauce/ros2_ws/install'), ('ROS_DISTRO', 'humble'), ('LOGNAME', 'sauce'), ('_', '/usr/bin/colcon'), ('ROS_VERSION', '2'), ('XDG_SESSION_CLASS', 'user'), ('TERM', 'xterm'), ('XDG_SESSION_ID', '32'), ('ROS_LOCALHOST_ONLY', '0'), ('PATH', '/home/sauce/.local/bin:/opt/ros/humble/bin:/usr/local/sbin:/usr/local/bin:/usr/sbin:/usr/bin:/sbin:/bin:/usr/games:/usr/local/games:/snap/bin'), ('XDG_RUNTIME_DIR', '/run/user/1000'), ('LANG', 'en_US.UTF-8'), ('RMW_IMPLEMENTATION', 'rmw_fastrtps_cpp'), ('AMENT_PREFIX_PATH', '/home/sauce/ros2_ws/install/cloud_header_fixer:/home/sauce/ros2_ws/install/unitree_lidar_ros2:/home/sauce/ros2_ws/install/point_lio:/opt/ros/humble'), ('SHELL', '/bin/bash'), ('PWD', '/home/sauce/ros2_ws/build/unitree_lidar_ros2'), ('LC_ALL', 'en_US.UTF-8'), ('SSH_CONNECTION', '192.168.0.42 53817 192.168.0.152 22'), ('XDG_DATA_DIRS', '/usr/share/gnome:/usr/local/share:/usr/share:/var/lib/snapd/desktop'), ('PYTHONPATH', '/home/sauce/ros2_ws/build/cloud_header_fixer:/home/sauce/ros2_ws/install/cloud_header_fixer/lib/python3.10/site-packages:/opt/ros/humble/lib/python3.10/site-packages:/opt/ros/humble/local/lib/python3.10/dist-packages'), ('COLCON', '1'), ('CMAKE_PREFIX_PATH', '/home/sauce/ros2_ws/install/unitree_lidar_ros2:/home/sauce/ros2_ws/install/point_lio:/home/sauce/ros2_ws/install/cloud_header_fixer:/opt/ros/humble')]), 'shell': False}
[0.541782] (point_lio) CommandEnded: {'returncode': 0}
[0.542716] (point_lio) JobProgress: {'identifier': 'point_lio', 'progress': 'install'}
[0.543467] (point_lio) Command: {'cmd': ['/usr/bin/cmake', '--install', '/home/sauce/ros2_ws/build/point_lio'], 'cwd': '/home/sauce/ros2_ws/build/point_lio', 'env': OrderedDict([('USER', 'sauce'), ('SSH_CLIENT', '192.168.0.42 53817 22'), ('XDG_SESSION_TYPE', 'tty'), ('SHLVL', '1'), ('LD_LIBRARY_PATH', '/opt/ros/humble/opt/rviz_ogre_vendor/lib:/opt/ros/humble/lib/aarch64-linux-gnu:/opt/ros/humble/lib'), ('MOTD_SHOWN', 'pam'), ('HOME', '/home/sauce'), ('OLDPWD', '/home/sauce/ros2_ws'), ('SSH_TTY', '/dev/pts/1'), ('ROS_PYTHON_VERSION', '3'), ('DBUS_SESSION_BUS_ADDRESS', 'unix:path=/run/user/1000/bus'), ('COLCON_PREFIX_PATH', '/home/sauce/ros2_ws/install'), ('ROS_DISTRO', 'humble'), ('LOGNAME', 'sauce'), ('_', '/usr/bin/colcon'), ('ROS_VERSION', '2'), ('XDG_SESSION_CLASS', 'user'), ('TERM', 'xterm'), ('XDG_SESSION_ID', '32'), ('ROS_LOCALHOST_ONLY', '0'), ('PATH', '/home/sauce/.local/bin:/opt/ros/humble/bin:/usr/local/sbin:/usr/local/bin:/usr/sbin:/usr/bin:/sbin:/bin:/usr/games:/usr/local/games:/snap/bin'), ('XDG_RUNTIME_DIR', '/run/user/1000'), ('LANG', 'en_US.UTF-8'), ('RMW_IMPLEMENTATION', 'rmw_fastrtps_cpp'), ('AMENT_PREFIX_PATH', '/home/sauce/ros2_ws/install/cloud_header_fixer:/home/sauce/ros2_ws/install/unitree_lidar_ros2:/home/sauce/ros2_ws/install/point_lio:/opt/ros/humble'), ('SHELL', '/bin/bash'), ('PWD', '/home/sauce/ros2_ws/build/point_lio'), ('LC_ALL', 'en_US.UTF-8'), ('SSH_CONNECTION', '192.168.0.42 53817 192.168.0.152 22'), ('XDG_DATA_DIRS', '/usr/share/gnome:/usr/local/share:/usr/share:/var/lib/snapd/desktop'), ('PYTHONPATH', '/home/sauce/ros2_ws/build/cloud_header_fixer:/home/sauce/ros2_ws/install/cloud_header_fixer/lib/python3.10/site-packages:/opt/ros/humble/lib/python3.10/site-packages:/opt/ros/humble/local/lib/python3.10/dist-packages'), ('COLCON', '1'), ('CMAKE_PREFIX_PATH', '/home/sauce/ros2_ws/install/unitree_lidar_ros2:/home/sauce/ros2_ws/install/point_lio:/home/sauce/ros2_ws/install/cloud_header_fixer:/opt/ros/humble')]), 'shell': False}
[0.550974] (unitree_lidar_ros2) StdoutLine: {'line': b'-- Install configuration: ""\n'}
[0.551760] (unitree_lidar_ros2) StdoutLine: {'line': b'-- Execute custom install script\n'}
[0.552321] (unitree_lidar_ros2) StdoutLine: {'line': b'-- Up-to-date symlink: /home/sauce/ros2_ws/install/unitree_lidar_ros2/lib/unitree_lidar_ros2/unitree_lidar_ros2_node\n'}
[0.552614] (unitree_lidar_ros2) StdoutLine: {'line': b'-- Up-to-date symlink: /home/sauce/ros2_ws/install/unitree_lidar_ros2/share/unitree_lidar_ros2/view.rviz\n'}
[0.552818] (unitree_lidar_ros2) StdoutLine: {'line': b'-- Up-to-date symlink: /home/sauce/ros2_ws/install/unitree_lidar_ros2/share/unitree_lidar_ros2/launch.py\n'}
[0.553112] (unitree_lidar_ros2) StdoutLine: {'line': b'-- Up-to-date symlink: /home/sauce/ros2_ws/install/unitree_lidar_ros2/share/ament_index/resource_index/package_run_dependencies/unitree_lidar_ros2\n'}
[0.553402] (unitree_lidar_ros2) StdoutLine: {'line': b'-- Up-to-date symlink: /home/sauce/ros2_ws/install/unitree_lidar_ros2/share/ament_index/resource_index/parent_prefix_path/unitree_lidar_ros2\n'}
[0.553695] (unitree_lidar_ros2) StdoutLine: {'line': b'-- Up-to-date symlink: /home/sauce/ros2_ws/install/unitree_lidar_ros2/share/unitree_lidar_ros2/environment/ament_prefix_path.sh\n'}
[0.553957] (unitree_lidar_ros2) StdoutLine: {'line': b'-- Up-to-date symlink: /home/sauce/ros2_ws/install/unitree_lidar_ros2/share/unitree_lidar_ros2/environment/ament_prefix_path.dsv\n'}
[0.554230] (unitree_lidar_ros2) StdoutLine: {'line': b'-- Up-to-date symlink: /home/sauce/ros2_ws/install/unitree_lidar_ros2/share/unitree_lidar_ros2/environment/path.sh\n'}
[0.554487] (unitree_lidar_ros2) StdoutLine: {'line': b'-- Up-to-date symlink: /home/sauce/ros2_ws/install/unitree_lidar_ros2/share/unitree_lidar_ros2/environment/path.dsv\n'}
[0.554740] (unitree_lidar_ros2) StdoutLine: {'line': b'-- Up-to-date symlink: /home/sauce/ros2_ws/install/unitree_lidar_ros2/share/unitree_lidar_ros2/local_setup.bash\n'}
[0.554999] (unitree_lidar_ros2) StdoutLine: {'line': b'-- Up-to-date symlink: /home/sauce/ros2_ws/install/unitree_lidar_ros2/share/unitree_lidar_ros2/local_setup.sh\n'}
[0.555240] (unitree_lidar_ros2) StdoutLine: {'line': b'-- Up-to-date symlink: /home/sauce/ros2_ws/install/unitree_lidar_ros2/share/unitree_lidar_ros2/local_setup.zsh\n'}
[0.555486] (unitree_lidar_ros2) StdoutLine: {'line': b'-- Up-to-date symlink: /home/sauce/ros2_ws/install/unitree_lidar_ros2/share/unitree_lidar_ros2/local_setup.dsv\n'}
[0.555717] (unitree_lidar_ros2) StdoutLine: {'line': b'-- Symlinking: /home/sauce/ros2_ws/install/unitree_lidar_ros2/share/unitree_lidar_ros2/package.dsv\n'}
[0.555990] (point_lio) StdoutLine: {'line': b'-- Install configuration: ""\n'}
[0.557074] (point_lio) StdoutLine: {'line': b'-- Execute custom install script\n'}
[0.557803] (point_lio) StdoutLine: {'line': b'-- Up-to-date symlink: /home/sauce/ros2_ws/install/point_lio/lib/point_lio/pointlio_mapping\n'}
[0.558382] (point_lio) StdoutLine: {'line': b'-- Up-to-date symlink: /home/sauce/ros2_ws/install/point_lio/share/point_lio/config/avia.yaml\n'}
[0.558540] (point_lio) StdoutLine: {'line': b'-- Up-to-date symlink: /home/sauce/ros2_ws/install/point_lio/share/point_lio/config/horizon.yaml\n'}
[0.558706] (point_lio) StdoutLine: {'line': b'-- Up-to-date symlink: /home/sauce/ros2_ws/install/point_lio/share/point_lio/config/mid360.yaml\n'}
[0.558873] (point_lio) StdoutLine: {'line': b'-- Up-to-date symlink: /home/sauce/ros2_ws/install/point_lio/share/point_lio/config/ouster64.yaml\n'}
[0.559051] (point_lio) StdoutLine: {'line': b'-- Up-to-date symlink: /home/sauce/ros2_ws/install/point_lio/share/point_lio/config/unilidar_l1.yaml\n'}
[0.559211] (point_lio) StdoutLine: {'line': b'-- Up-to-date symlink: /home/sauce/ros2_ws/install/point_lio/share/point_lio/config/unilidar_l2.yaml\n'}
[0.559374] (point_lio) StdoutLine: {'line': b'-- Up-to-date symlink: /home/sauce/ros2_ws/install/point_lio/share/point_lio/config/velody16.yaml\n'}
[0.559870] (point_lio) StdoutLine: {'line': b'-- Up-to-date symlink: /home/sauce/ros2_ws/install/point_lio/share/point_lio/launch/correct_odom_unilidar_l1.launch.py\n'}
[0.560046] (point_lio) StdoutLine: {'line': b'-- Up-to-date symlink: /home/sauce/ros2_ws/install/point_lio/share/point_lio/launch/correct_odom_unilidar_l2.launch.py\n'}
[0.560214] (point_lio) StdoutLine: {'line': b'-- Up-to-date symlink: /home/sauce/ros2_ws/install/point_lio/share/point_lio/launch/gdb_debug_example.launch.py\n'}
[0.560424] (point_lio) StdoutLine: {'line': b'-- Up-to-date symlink: /home/sauce/ros2_ws/install/point_lio/share/point_lio/launch/mapping_avia.launch.py\n'}
[0.560589] (point_lio) StdoutLine: {'line': b'-- Up-to-date symlink: /home/sauce/ros2_ws/install/point_lio/share/point_lio/launch/mapping_horizon.launch.py\n'}
[0.560749] (point_lio) StdoutLine: {'line': b'-- Up-to-date symlink: /home/sauce/ros2_ws/install/point_lio/share/point_lio/launch/mapping_mid360.launch.py\n'}
[0.560909] (point_lio) StdoutLine: {'line': b'-- Up-to-date symlink: /home/sauce/ros2_ws/install/point_lio/share/point_lio/launch/mapping_ouster64.launch.py\n'}
[0.561067] (point_lio) StdoutLine: {'line': b'-- Up-to-date symlink: /home/sauce/ros2_ws/install/point_lio/share/point_lio/launch/mapping_unilidar_l1.launch.py\n'}
[0.561226] (point_lio) StdoutLine: {'line': b'-- Up-to-date symlink: /home/sauce/ros2_ws/install/point_lio/share/point_lio/launch/mapping_unilidar_l2.launch.py\n'}
[0.561414] (point_lio) StdoutLine: {'line': b'-- Up-to-date symlink: /home/sauce/ros2_ws/install/point_lio/share/point_lio/launch/mapping_velody16.launch.py\n'}
[0.561745] (point_lio) StdoutLine: {'line': b'-- Up-to-date symlink: /home/sauce/ros2_ws/install/point_lio/share/point_lio/rviz_cfg/loam_livox.rviz\n'}
[0.562047] (point_lio) StdoutLine: {'line': b'-- Up-to-date symlink: /home/sauce/ros2_ws/install/point_lio/share/ament_index/resource_index/package_run_dependencies/point_lio\n'}
[0.562316] (point_lio) StdoutLine: {'line': b'-- Up-to-date symlink: /home/sauce/ros2_ws/install/point_lio/share/ament_index/resource_index/parent_prefix_path/point_lio\n'}
[0.562574] (point_lio) StdoutLine: {'line': b'-- Up-to-date symlink: /home/sauce/ros2_ws/install/point_lio/share/point_lio/environment/ament_prefix_path.sh\n'}
[0.562811] (point_lio) StdoutLine: {'line': b'-- Up-to-date symlink: /home/sauce/ros2_ws/install/point_lio/share/point_lio/environment/ament_prefix_path.dsv\n'}
[0.563055] (point_lio) StdoutLine: {'line': b'-- Up-to-date symlink: /home/sauce/ros2_ws/install/point_lio/share/point_lio/environment/path.sh\n'}
[0.563286] (point_lio) StdoutLine: {'line': b'-- Up-to-date symlink: /home/sauce/ros2_ws/install/point_lio/share/point_lio/environment/path.dsv\n'}
[0.563544] (point_lio) StdoutLine: {'line': b'-- Up-to-date symlink: /home/sauce/ros2_ws/install/point_lio/share/point_lio/local_setup.bash\n'}
[0.563773] (point_lio) StdoutLine: {'line': b'-- Up-to-date symlink: /home/sauce/ros2_ws/install/point_lio/share/point_lio/local_setup.sh\n'}
[0.563995] (point_lio) StdoutLine: {'line': b'-- Up-to-date symlink: /home/sauce/ros2_ws/install/point_lio/share/point_lio/local_setup.zsh\n'}
[0.564221] (point_lio) StdoutLine: {'line': b'-- Up-to-date symlink: /home/sauce/ros2_ws/install/point_lio/share/point_lio/local_setup.dsv\n'}
[0.564657] (point_lio) StdoutLine: {'line': b'-- Symlinking: /home/sauce/ros2_ws/install/point_lio/share/point_lio/package.dsv\n'}
[0.567290] (unitree_lidar_ros2) StdoutLine: {'line': b'-- Up-to-date symlink: /home/sauce/ros2_ws/install/unitree_lidar_ros2/share/ament_index/resource_index/packages/unitree_lidar_ros2\n'}
[0.567600] (unitree_lidar_ros2) StdoutLine: {'line': b'-- Up-to-date symlink: /home/sauce/ros2_ws/install/unitree_lidar_ros2/share/unitree_lidar_ros2/cmake/unitree_lidar_ros2Config.cmake\n'}
[0.567826] (unitree_lidar_ros2) StdoutLine: {'line': b'-- Up-to-date symlink: /home/sauce/ros2_ws/install/unitree_lidar_ros2/share/unitree_lidar_ros2/cmake/unitree_lidar_ros2Config-version.cmake\n'}
[0.567997] (unitree_lidar_ros2) StdoutLine: {'line': b'-- Up-to-date symlink: /home/sauce/ros2_ws/install/unitree_lidar_ros2/share/unitree_lidar_ros2/package.xml\n'}
[0.568558] (unitree_lidar_ros2) StdoutLine: {'line': b'-- Up-to-date symlink: /home/sauce/ros2_ws/install/unitree_lidar_ros2/lib/unitree_lidar_ros2/unitree_lidar_ros2_node\n'}
[0.571629] (unitree_lidar_ros2) CommandEnded: {'returncode': 0}
[0.578510] (point_lio) StdoutLine: {'line': b'-- Up-to-date symlink: /home/sauce/ros2_ws/install/point_lio/share/ament_index/resource_index/packages/point_lio\n'}
[0.579081] (point_lio) StdoutLine: {'line': b'-- Up-to-date symlink: /home/sauce/ros2_ws/install/point_lio/share/point_lio/cmake/ament_cmake_export_dependencies-extras.cmake\n'}
[0.580529] (point_lio) StdoutLine: {'line': b'-- Up-to-date symlink: /home/sauce/ros2_ws/install/point_lio/share/point_lio/cmake/point_lioConfig.cmake\n'}
[0.581619] (point_lio) StdoutLine: {'line': b'-- Up-to-date symlink: /home/sauce/ros2_ws/install/point_lio/share/point_lio/cmake/point_lioConfig-version.cmake\n'}
[0.582495] (point_lio) StdoutLine: {'line': b'-- Up-to-date symlink: /home/sauce/ros2_ws/install/point_lio/share/point_lio/package.xml\n'}
[0.601253] (-) TimerEvent: {}
[0.608761] (unitree_lidar_ros2) JobEnded: {'identifier': 'unitree_lidar_ros2', 'rc': 0}
[0.612586] (point_lio) CommandEnded: {'returncode': 0}
[0.644975] (point_lio) JobEnded: {'identifier': 'point_lio', 'rc': 0}
[0.701355] (-) TimerEvent: {}
[0.801721] (-) TimerEvent: {}
[0.886221] (cloud_header_fixer) Command: {'cmd': ['/usr/bin/python3', '-W', 'ignore:setup.py install is deprecated', '-W', 'ignore:easy_install command is deprecated', 'setup.py', 'develop', '--editable', '--build-directory', '/home/sauce/ros2_ws/build/cloud_header_fixer/build', '--no-deps', 'symlink_data'], 'cwd': '/home/sauce/ros2_ws/build/cloud_header_fixer', 'env': {'USER': 'sauce', 'SSH_CLIENT': '192.168.0.42 53817 22', 'XDG_SESSION_TYPE': 'tty', 'SHLVL': '1', 'LD_LIBRARY_PATH': '/opt/ros/humble/opt/rviz_ogre_vendor/lib:/opt/ros/humble/lib/aarch64-linux-gnu:/opt/ros/humble/lib', 'MOTD_SHOWN': 'pam', 'HOME': '/home/sauce', 'OLDPWD': '/home/sauce/ros2_ws', 'SSH_TTY': '/dev/pts/1', 'ROS_PYTHON_VERSION': '3', 'DBUS_SESSION_BUS_ADDRESS': 'unix:path=/run/user/1000/bus', 'COLCON_PREFIX_PATH': '/home/sauce/ros2_ws/install', 'ROS_DISTRO': 'humble', 'LOGNAME': 'sauce', '_': '/usr/bin/colcon', 'ROS_VERSION': '2', 'XDG_SESSION_CLASS': 'user', 'TERM': 'xterm', 'XDG_SESSION_ID': '32', 'ROS_LOCALHOST_ONLY': '0', 'PATH': '/home/sauce/.local/bin:/opt/ros/humble/bin:/usr/local/sbin:/usr/local/bin:/usr/sbin:/usr/bin:/sbin:/bin:/usr/games:/usr/local/games:/snap/bin', 'XDG_RUNTIME_DIR': '/run/user/1000', 'LANG': 'en_US.UTF-8', 'RMW_IMPLEMENTATION': 'rmw_fastrtps_cpp', 'AMENT_PREFIX_PATH': '/home/sauce/ros2_ws/install/cloud_header_fixer:/home/sauce/ros2_ws/install/unitree_lidar_ros2:/home/sauce/ros2_ws/install/point_lio:/opt/ros/humble', 'SHELL': '/bin/bash', 'PWD': '/home/sauce/ros2_ws/build/cloud_header_fixer', 'LC_ALL': 'en_US.UTF-8', 'SSH_CONNECTION': '192.168.0.42 53817 192.168.0.152 22', 'XDG_DATA_DIRS': '/usr/share/gnome:/usr/local/share:/usr/share:/var/lib/snapd/desktop', 'PYTHONPATH': '/home/sauce/ros2_ws/build/cloud_header_fixer/prefix_override:/usr/lib/python3/dist-packages/colcon_core/task/python/colcon_distutils_commands:/home/sauce/ros2_ws/install/cloud_header_fixer/lib/python3.10/site-packages:/home/sauce/ros2_ws/build/cloud_header_fixer:/home/sauce/ros2_ws/install/cloud_header_fixer/lib/python3.10/site-packages:/opt/ros/humble/lib/python3.10/site-packages:/opt/ros/humble/local/lib/python3.10/dist-packages', 'COLCON': '1', 'CMAKE_PREFIX_PATH': '/home/sauce/ros2_ws/install/unitree_lidar_ros2:/home/sauce/ros2_ws/install/point_lio'}, 'shell': False}
[0.901827] (-) TimerEvent: {}
[1.002237] (-) TimerEvent: {}
[1.102783] (-) TimerEvent: {}
[1.203407] (-) TimerEvent: {}
[1.254591] (cloud_header_fixer) StdoutLine: {'line': b'running develop\n'}
[1.303688] (-) TimerEvent: {}
[1.404300] (-) TimerEvent: {}
[1.479197] (cloud_header_fixer) StdoutLine: {'line': b'running egg_info\n'}
[1.479655] (cloud_header_fixer) StdoutLine: {'line': b'writing cloud_header_fixer.egg-info/PKG-INFO\n'}
[1.480069] (cloud_header_fixer) StdoutLine: {'line': b'writing dependency_links to cloud_header_fixer.egg-info/dependency_links.txt\n'}
[1.480413] (cloud_header_fixer) StdoutLine: {'line': b'writing entry points to cloud_header_fixer.egg-info/entry_points.txt\n'}
[1.480675] (cloud_header_fixer) StdoutLine: {'line': b'writing requirements to cloud_header_fixer.egg-info/requires.txt\n'}
[1.480912] (cloud_header_fixer) StdoutLine: {'line': b'writing top-level names to cloud_header_fixer.egg-info/top_level.txt\n'}
[1.482814] (cloud_header_fixer) StdoutLine: {'line': b"reading manifest file 'cloud_header_fixer.egg-info/SOURCES.txt'\n"}
[1.483734] (cloud_header_fixer) StdoutLine: {'line': b"writing manifest file 'cloud_header_fixer.egg-info/SOURCES.txt'\n"}
[1.485651] (cloud_header_fixer) StdoutLine: {'line': b'running build_ext\n'}
[1.485976] (cloud_header_fixer) StdoutLine: {'line': b'Creating /home/sauce/ros2_ws/install/cloud_header_fixer/lib/python3.10/site-packages/cloud-header-fixer.egg-link (link to .)\n'}
[1.487189] (cloud_header_fixer) StdoutLine: {'line': b'Installing fix_cloud script to /home/sauce/ros2_ws/install/cloud_header_fixer/lib/cloud_header_fixer\n'}
[1.487580] (cloud_header_fixer) StdoutLine: {'line': b'\n'}
[1.487861] (cloud_header_fixer) StdoutLine: {'line': b'Installed /home/sauce/ros2_ws/build/cloud_header_fixer\n'}
[1.488084] (cloud_header_fixer) StdoutLine: {'line': b'running symlink_data\n'}
[1.504357] (-) TimerEvent: {}
[1.542333] (cloud_header_fixer) CommandEnded: {'returncode': 0}
[1.571790] (cloud_header_fixer) JobEnded: {'identifier': 'cloud_header_fixer', 'rc': 0}
[1.574142] (-) EventReactorShutdown: {}
