[0.394s] Invoking command in '/home/sauce/ros2_ws/build/unitree_lidar_ros2': CMAKE_PREFIX_PATH=${CMAKE_PREFIX_PATH}:/home/sauce/ros2_ws/install/cloud_header_fixer:/opt/ros/humble /usr/bin/cmake --build /home/sauce/ros2_ws/build/unitree_lidar_ros2 -- -j12 -l12
[0.490s] [100%] Built target unitree_lidar_ros2_node
[0.506s] Invoked command in '/home/sauce/ros2_ws/build/unitree_lidar_ros2' returned '0': CMAKE_PREFIX_PATH=${CMAKE_PREFIX_PATH}:/home/sauce/ros2_ws/install/cloud_header_fixer:/opt/ros/humble /usr/bin/cmake --build /home/sauce/ros2_ws/build/unitree_lidar_ros2 -- -j12 -l12
[0.523s] Invoking command in '/home/sauce/ros2_ws/build/unitree_lidar_ros2': CMAKE_PREFIX_PATH=${CMAKE_PREFIX_PATH}:/home/sauce/ros2_ws/install/cloud_header_fixer:/opt/ros/humble /usr/bin/cmake --install /home/sauce/ros2_ws/build/unitree_lidar_ros2
[0.535s] -- Install configuration: ""
[0.536s] -- Execute custom install script
[0.536s] -- Up-to-date symlink: /home/sauce/ros2_ws/install/unitree_lidar_ros2/lib/unitree_lidar_ros2/unitree_lidar_ros2_node
[0.536s] -- Up-to-date symlink: /home/sauce/ros2_ws/install/unitree_lidar_ros2/share/unitree_lidar_ros2/view.rviz
[0.537s] -- Up-to-date symlink: /home/sauce/ros2_ws/install/unitree_lidar_ros2/share/unitree_lidar_ros2/launch.py
[0.537s] -- Up-to-date symlink: /home/sauce/ros2_ws/install/unitree_lidar_ros2/share/ament_index/resource_index/package_run_dependencies/unitree_lidar_ros2
[0.537s] -- Up-to-date symlink: /home/sauce/ros2_ws/install/unitree_lidar_ros2/share/ament_index/resource_index/parent_prefix_path/unitree_lidar_ros2
[0.537s] -- Up-to-date symlink: /home/sauce/ros2_ws/install/unitree_lidar_ros2/share/unitree_lidar_ros2/environment/ament_prefix_path.sh
[0.538s] -- Up-to-date symlink: /home/sauce/ros2_ws/install/unitree_lidar_ros2/share/unitree_lidar_ros2/environment/ament_prefix_path.dsv
[0.538s] -- Up-to-date symlink: /home/sauce/ros2_ws/install/unitree_lidar_ros2/share/unitree_lidar_ros2/environment/path.sh
[0.538s] -- Up-to-date symlink: /home/sauce/ros2_ws/install/unitree_lidar_ros2/share/unitree_lidar_ros2/environment/path.dsv
[0.538s] -- Up-to-date symlink: /home/sauce/ros2_ws/install/unitree_lidar_ros2/share/unitree_lidar_ros2/local_setup.bash
[0.539s] -- Up-to-date symlink: /home/sauce/ros2_ws/install/unitree_lidar_ros2/share/unitree_lidar_ros2/local_setup.sh
[0.539s] -- Up-to-date symlink: /home/sauce/ros2_ws/install/unitree_lidar_ros2/share/unitree_lidar_ros2/local_setup.zsh
[0.539s] -- Up-to-date symlink: /home/sauce/ros2_ws/install/unitree_lidar_ros2/share/unitree_lidar_ros2/local_setup.dsv
[0.539s] -- Symlinking: /home/sauce/ros2_ws/install/unitree_lidar_ros2/share/unitree_lidar_ros2/package.dsv
[0.551s] -- Up-to-date symlink: /home/sauce/ros2_ws/install/unitree_lidar_ros2/share/ament_index/resource_index/packages/unitree_lidar_ros2
[0.551s] -- Up-to-date symlink: /home/sauce/ros2_ws/install/unitree_lidar_ros2/share/unitree_lidar_ros2/cmake/unitree_lidar_ros2Config.cmake
[0.552s] -- Up-to-date symlink: /home/sauce/ros2_ws/install/unitree_lidar_ros2/share/unitree_lidar_ros2/cmake/unitree_lidar_ros2Config-version.cmake
[0.552s] -- Up-to-date symlink: /home/sauce/ros2_ws/install/unitree_lidar_ros2/share/unitree_lidar_ros2/package.xml
[0.552s] -- Up-to-date symlink: /home/sauce/ros2_ws/install/unitree_lidar_ros2/lib/unitree_lidar_ros2/unitree_lidar_ros2_node
[0.556s] Invoked command in '/home/sauce/ros2_ws/build/unitree_lidar_ros2' returned '0': CMAKE_PREFIX_PATH=${CMAKE_PREFIX_PATH}:/home/sauce/ros2_ws/install/cloud_header_fixer:/opt/ros/humble /usr/bin/cmake --install /home/sauce/ros2_ws/build/unitree_lidar_ros2
